2025-03-09 14:34:07.734 [info] Reading sessions from keychain...
2025-03-09 14:34:07.734 [info] Getting sessions for all scopes...
2025-03-09 14:34:07.734 [info] Getting sessions for all scopes...
2025-03-09 14:34:07.734 [info] Got stored sessions!
2025-03-09 14:34:07.734 [info] Got 1 verified sessions.
2025-03-09 14:34:07.734 [info] Got 1 sessions for ...
2025-03-09 14:34:07.734 [info] Got 1 sessions for ...
2025-03-09 14:34:07.734 [info] Getting sessions for all scopes...
2025-03-09 14:34:07.734 [info] Got 1 sessions for ...
2025-03-09 14:34:07.734 [info] Getting sessions for all scopes...
2025-03-09 14:34:07.734 [info] Got 1 sessions for ...
2025-03-09 14:34:07.734 [info] Getting sessions for all scopes...
2025-03-09 14:34:07.734 [info] Got 1 sessions for ...
2025-03-09 14:34:07.734 [info] Getting sessions for all scopes...
2025-03-09 14:34:07.734 [info] Got 1 sessions for ...
2025-03-09 14:34:07.734 [info] Getting sessions for all scopes...
2025-03-09 14:34:07.734 [info] Got 1 sessions for ...
2025-03-09 14:34:07.834 [info] Getting sessions for user:email...
2025-03-09 14:34:07.834 [info] Got 1 sessions for user:email...
2025-03-09 14:34:08.957 [info] Getting sessions for read:user,repo,user:email,workflow...
2025-03-09 14:34:08.957 [info] Got 0 sessions for read:user,repo,user:email,workflow...
2025-03-09 14:34:08.957 [info] Getting sessions for all scopes...
2025-03-09 14:34:08.957 [info] Got 1 sessions for ...
2025-03-09 14:34:08.957 [info] Getting sessions for all scopes...
2025-03-09 14:34:08.957 [info] Got 1 sessions for ...
2025-03-09 14:34:09.011 [info] Getting sessions for read:user...
2025-03-09 14:34:09.011 [info] Got 0 sessions for read:user...
2025-03-09 14:34:09.011 [info] Getting sessions for read:user,repo,user:email,workflow...
2025-03-09 14:34:09.011 [info] Got 0 sessions for read:user,repo,user:email,workflow...
2025-03-09 14:34:09.012 [info] Getting sessions for user:email...
2025-03-09 14:34:09.012 [info] Got 1 sessions for user:email...
2025-03-09 14:34:09.012 [info] Getting sessions for user:email...
2025-03-09 14:34:09.012 [info] Got 1 sessions for user:email...
2025-03-09 14:34:09.016 [info] Getting sessions for all scopes...
2025-03-09 14:34:09.016 [info] Got 1 sessions for ...
2025-03-09 14:34:09.646 [info] Getting sessions for read:user,repo,user:email,workflow...
2025-03-09 14:34:09.646 [info] Got 0 sessions for read:user,repo,user:email,workflow...
2025-03-09 14:34:09.648 [info] Getting sessions for user:email...
2025-03-09 14:34:09.648 [info] Got 1 sessions for user:email...
2025-03-09 14:34:09.648 [info] Getting sessions for all scopes...
2025-03-09 14:34:09.648 [info] Got 1 sessions for ...
2025-03-09 14:34:09.649 [info] Getting sessions for read:user,repo,user:email,workflow...
2025-03-09 14:34:09.649 [info] Got 0 sessions for read:user,repo,user:email,workflow...
2025-03-09 14:34:09.649 [info] Getting sessions for user:email...
2025-03-09 14:34:09.649 [info] Got 1 sessions for user:email...
2025-03-09 14:34:09.828 [info] Getting sessions for all scopes...
2025-03-09 14:34:09.828 [info] Got 1 sessions for ...
2025-03-09 14:34:09.829 [info] Getting sessions for read:user,repo,user:email,workflow...
2025-03-09 14:34:09.829 [info] Got 0 sessions for read:user,repo,user:email,workflow...
2025-03-09 14:34:09.829 [info] Getting sessions for user:email...
2025-03-09 14:34:09.829 [info] Got 1 sessions for user:email...
2025-03-09 14:34:09.886 [info] Getting sessions for all scopes...
2025-03-09 14:34:09.886 [info] Got 1 sessions for ...
2025-03-09 14:34:10.484 [info] Getting sessions for all scopes...
2025-03-09 14:34:10.484 [info] Got 1 sessions for ...
2025-03-09 14:34:10.484 [info] Getting sessions for all scopes...
2025-03-09 14:34:10.484 [info] Got 1 sessions for ...
2025-03-09 14:34:10.493 [info] Getting sessions for read:user,repo,user:email,workflow...
2025-03-09 14:34:10.493 [info] Got 0 sessions for read:user,repo,user:email,workflow...
2025-03-09 14:34:10.493 [info] Getting sessions for user:email...
2025-03-09 14:34:10.493 [info] Got 1 sessions for user:email...
2025-03-09 14:34:10.495 [info] Getting sessions for all scopes...
2025-03-09 14:34:10.495 [info] Got 1 sessions for ...
2025-03-09 14:34:10.495 [info] Getting sessions for read:user,repo,user:email,workflow...
2025-03-09 14:34:10.495 [info] Got 0 sessions for read:user,repo,user:email,workflow...
2025-03-09 14:34:10.496 [info] Getting sessions for user:email...
2025-03-09 14:34:10.496 [info] Got 1 sessions for user:email...
2025-03-09 14:34:10.532 [info] Getting sessions for all scopes...
2025-03-09 14:34:10.532 [info] Got 1 sessions for ...
2025-03-09 14:34:10.533 [info] Getting sessions for read:user,repo,user:email,workflow...
2025-03-09 14:34:10.533 [info] Got 0 sessions for read:user,repo,user:email,workflow...
2025-03-09 14:34:10.533 [info] Getting sessions for user:email...
2025-03-09 14:34:10.533 [info] Got 1 sessions for user:email...
2025-03-09 14:34:11.777 [info] Getting sessions for all scopes...
2025-03-09 14:34:11.777 [info] Got 1 sessions for ...
2025-03-09 14:34:11.778 [info] Getting sessions for read:user,repo,user:email,workflow...
2025-03-09 14:34:11.778 [info] Got 0 sessions for read:user,repo,user:email,workflow...
2025-03-09 14:34:11.778 [info] Getting sessions for user:email...
2025-03-09 14:34:11.778 [info] Got 1 sessions for user:email...
