2025-03-09 15:45:52.275 [info] Reading sessions from keychain...
2025-03-09 15:45:52.275 [info] Getting sessions for all scopes...
2025-03-09 15:45:52.275 [info] Getting sessions for all scopes...
2025-03-09 15:45:52.275 [info] Got stored sessions!
2025-03-09 15:45:52.275 [info] Got 1 verified sessions.
2025-03-09 15:45:52.275 [info] Got 1 sessions for ...
2025-03-09 15:45:52.275 [info] Got 1 sessions for ...
2025-03-09 15:45:52.275 [info] Getting sessions for user:email...
2025-03-09 15:45:52.275 [info] Got 1 sessions for user:email...
2025-03-09 15:45:52.275 [info] Getting sessions for all scopes...
2025-03-09 15:45:52.275 [info] Got 1 sessions for ...
2025-03-09 15:45:52.275 [info] Getting sessions for all scopes...
2025-03-09 15:45:52.275 [info] Got 1 sessions for ...
2025-03-09 15:45:52.275 [info] Getting sessions for all scopes...
2025-03-09 15:45:52.275 [info] Got 1 sessions for ...
2025-03-09 15:45:52.275 [info] Getting sessions for all scopes...
2025-03-09 15:45:52.275 [info] Got 1 sessions for ...
2025-03-09 15:45:52.275 [info] Getting sessions for all scopes...
2025-03-09 15:45:52.275 [info] Got 1 sessions for ...
2025-03-09 15:45:53.573 [info] Getting sessions for read:user,repo,user:email,workflow...
2025-03-09 15:45:53.573 [info] Got 0 sessions for read:user,repo,user:email,workflow...
2025-03-09 15:45:53.595 [info] Getting sessions for all scopes...
2025-03-09 15:45:53.595 [info] Got 1 sessions for ...
2025-03-09 15:45:53.595 [info] Getting sessions for all scopes...
2025-03-09 15:45:53.595 [info] Got 1 sessions for ...
2025-03-09 15:45:53.629 [info] Getting sessions for read:user...
2025-03-09 15:45:53.629 [info] Got 0 sessions for read:user...
2025-03-09 15:45:53.629 [info] Getting sessions for read:user,repo,user:email,workflow...
2025-03-09 15:45:53.629 [info] Got 0 sessions for read:user,repo,user:email,workflow...
2025-03-09 15:45:53.630 [info] Getting sessions for user:email...
2025-03-09 15:45:53.630 [info] Got 1 sessions for user:email...
2025-03-09 15:45:53.630 [info] Getting sessions for user:email...
2025-03-09 15:45:53.630 [info] Got 1 sessions for user:email...
2025-03-09 15:45:53.633 [info] Getting sessions for all scopes...
2025-03-09 15:45:53.633 [info] Got 1 sessions for ...
2025-03-09 15:45:53.634 [info] Getting sessions for read:user,repo,user:email,workflow...
2025-03-09 15:45:53.634 [info] Got 0 sessions for read:user,repo,user:email,workflow...
2025-03-09 15:45:54.294 [info] Getting sessions for user:email...
2025-03-09 15:45:54.294 [info] Got 1 sessions for user:email...
2025-03-09 15:45:54.295 [info] Getting sessions for all scopes...
2025-03-09 15:45:54.295 [info] Got 1 sessions for ...
2025-03-09 15:45:54.296 [info] Getting sessions for read:user,repo,user:email,workflow...
2025-03-09 15:45:54.296 [info] Got 0 sessions for read:user,repo,user:email,workflow...
2025-03-09 15:45:54.296 [info] Getting sessions for user:email...
2025-03-09 15:45:54.296 [info] Got 1 sessions for user:email...
2025-03-09 15:45:54.379 [info] Getting sessions for all scopes...
2025-03-09 15:45:54.379 [info] Got 1 sessions for ...
2025-03-09 15:45:54.526 [info] Getting sessions for all scopes...
2025-03-09 15:45:54.526 [info] Got 1 sessions for ...
2025-03-09 15:45:54.526 [info] Getting sessions for read:user,repo,user:email,workflow...
2025-03-09 15:45:54.526 [info] Got 0 sessions for read:user,repo,user:email,workflow...
2025-03-09 15:45:54.526 [info] Getting sessions for user:email...
2025-03-09 15:45:54.526 [info] Got 1 sessions for user:email...
2025-03-09 15:45:55.106 [info] Getting sessions for all scopes...
2025-03-09 15:45:55.106 [info] Got 1 sessions for ...
2025-03-09 15:45:55.106 [info] Getting sessions for all scopes...
2025-03-09 15:45:55.106 [info] Got 1 sessions for ...
2025-03-09 15:45:55.112 [info] Getting sessions for read:user,repo,user:email,workflow...
2025-03-09 15:45:55.112 [info] Got 0 sessions for read:user,repo,user:email,workflow...
2025-03-09 15:45:55.113 [info] Getting sessions for user:email...
2025-03-09 15:45:55.113 [info] Got 1 sessions for user:email...
2025-03-09 15:45:55.115 [info] Getting sessions for all scopes...
2025-03-09 15:45:55.115 [info] Got 1 sessions for ...
2025-03-09 15:45:55.115 [info] Getting sessions for read:user,repo,user:email,workflow...
2025-03-09 15:45:55.115 [info] Got 0 sessions for read:user,repo,user:email,workflow...
2025-03-09 15:45:55.115 [info] Getting sessions for user:email...
2025-03-09 15:45:55.115 [info] Got 1 sessions for user:email...
2025-03-09 15:45:55.147 [info] Getting sessions for all scopes...
2025-03-09 15:45:55.147 [info] Got 1 sessions for ...
2025-03-09 15:45:55.149 [info] Getting sessions for read:user,repo,user:email,workflow...
2025-03-09 15:45:55.149 [info] Got 0 sessions for read:user,repo,user:email,workflow...
2025-03-09 15:45:55.150 [info] Getting sessions for user:email...
2025-03-09 15:45:55.150 [info] Got 1 sessions for user:email...
2025-03-09 15:45:56.412 [info] Getting sessions for all scopes...
2025-03-09 15:45:56.412 [info] Got 1 sessions for ...
2025-03-09 15:45:56.413 [info] Getting sessions for read:user,repo,user:email,workflow...
2025-03-09 15:45:56.413 [info] Got 0 sessions for read:user,repo,user:email,workflow...
2025-03-09 15:45:56.413 [info] Getting sessions for user:email...
2025-03-09 15:45:56.413 [info] Got 1 sessions for user:email...
