2025-03-09 15:47:13.757 [info] Reading sessions from keychain...
2025-03-09 15:47:13.757 [info] Getting sessions for all scopes...
2025-03-09 15:47:13.757 [info] Getting sessions for all scopes...
2025-03-09 15:47:13.757 [info] Getting sessions for all scopes...
2025-03-09 15:47:13.757 [info] Getting sessions for all scopes...
2025-03-09 15:47:13.757 [info] Getting sessions for all scopes...
2025-03-09 15:47:13.757 [info] Getting sessions for all scopes...
2025-03-09 15:47:13.757 [info] Getting sessions for all scopes...
2025-03-09 15:47:13.757 [info] Got stored sessions!
2025-03-09 15:47:13.757 [info] Got 1 verified sessions.
2025-03-09 15:47:13.757 [info] Got 1 sessions for ...
2025-03-09 15:47:13.757 [info] Got 1 sessions for ...
2025-03-09 15:47:13.757 [info] Got 1 sessions for ...
2025-03-09 15:47:13.757 [info] Got 1 sessions for ...
2025-03-09 15:47:13.757 [info] Got 1 sessions for ...
2025-03-09 15:47:13.757 [info] Got 1 sessions for ...
2025-03-09 15:47:13.757 [info] Got 1 sessions for ...
2025-03-09 15:47:13.757 [info] Getting sessions for user:email...
2025-03-09 15:47:13.757 [info] Got 1 sessions for user:email...
2025-03-09 15:47:14.925 [info] Getting sessions for read:user,repo,user:email,workflow...
2025-03-09 15:47:14.925 [info] Got 0 sessions for read:user,repo,user:email,workflow...
2025-03-09 15:47:14.925 [info] Getting sessions for all scopes...
2025-03-09 15:47:14.925 [info] Got 1 sessions for ...
2025-03-09 15:47:14.925 [info] Getting sessions for all scopes...
2025-03-09 15:47:14.925 [info] Got 1 sessions for ...
2025-03-09 15:47:14.936 [info] Getting sessions for read:user...
2025-03-09 15:47:14.936 [info] Got 0 sessions for read:user...
2025-03-09 15:47:14.936 [info] Getting sessions for read:user,repo,user:email,workflow...
2025-03-09 15:47:14.936 [info] Got 0 sessions for read:user,repo,user:email,workflow...
2025-03-09 15:47:14.936 [info] Getting sessions for user:email...
2025-03-09 15:47:14.936 [info] Got 1 sessions for user:email...
2025-03-09 15:47:14.936 [info] Getting sessions for user:email...
2025-03-09 15:47:14.936 [info] Got 1 sessions for user:email...
2025-03-09 15:47:14.939 [info] Getting sessions for all scopes...
2025-03-09 15:47:14.939 [info] Got 1 sessions for ...
2025-03-09 15:47:15.584 [info] Getting sessions for read:user,repo,user:email,workflow...
2025-03-09 15:47:15.584 [info] Got 0 sessions for read:user,repo,user:email,workflow...
2025-03-09 15:47:15.586 [info] Getting sessions for user:email...
2025-03-09 15:47:15.586 [info] Got 1 sessions for user:email...
2025-03-09 15:47:15.587 [info] Getting sessions for all scopes...
2025-03-09 15:47:15.587 [info] Got 1 sessions for ...
2025-03-09 15:47:15.587 [info] Getting sessions for read:user,repo,user:email,workflow...
2025-03-09 15:47:15.587 [info] Got 0 sessions for read:user,repo,user:email,workflow...
2025-03-09 15:47:15.588 [info] Getting sessions for user:email...
2025-03-09 15:47:15.588 [info] Got 1 sessions for user:email...
2025-03-09 15:47:15.955 [info] Getting sessions for all scopes...
2025-03-09 15:47:15.955 [info] Got 1 sessions for ...
