2025-03-09 13:19:19.091 [info] Reading sessions from keychain...
2025-03-09 13:19:19.091 [info] Getting sessions for all scopes...
2025-03-09 13:19:19.091 [info] Getting sessions for all scopes...
2025-03-09 13:19:19.100 [info] Getting sessions for all scopes...
2025-03-09 13:19:19.100 [info] Getting sessions for all scopes...
2025-03-09 13:19:19.100 [info] Getting sessions for all scopes...
2025-03-09 13:19:19.100 [info] Getting sessions for all scopes...
2025-03-09 13:19:19.100 [info] Getting sessions for all scopes...
2025-03-09 13:19:19.235 [info] Got stored sessions!
2025-03-09 13:19:19.235 [info] Got 1 verified sessions.
2025-03-09 13:19:19.235 [info] Got 1 sessions for ...
2025-03-09 13:19:19.235 [info] Got 1 sessions for ...
2025-03-09 13:19:19.236 [info] Got 1 sessions for ...
2025-03-09 13:19:19.236 [info] Got 1 sessions for ...
2025-03-09 13:19:19.236 [info] Got 1 sessions for ...
2025-03-09 13:19:19.236 [info] Got 1 sessions for ...
2025-03-09 13:19:19.236 [info] Got 1 sessions for ...
2025-03-09 13:19:19.385 [info] Getting sessions for all scopes...
2025-03-09 13:19:19.385 [info] Got 1 sessions for ...
2025-03-09 13:19:19.411 [info] Getting sessions for user:email...
2025-03-09 13:19:19.411 [info] Got 1 sessions for user:email...
2025-03-09 13:19:20.548 [info] Getting sessions for read:user,repo,user:email,workflow...
2025-03-09 13:19:20.548 [info] Got 0 sessions for read:user,repo,user:email,workflow...
2025-03-09 13:19:20.643 [info] Getting sessions for all scopes...
2025-03-09 13:19:20.643 [info] Got 1 sessions for ...
2025-03-09 13:19:20.643 [info] Getting sessions for all scopes...
2025-03-09 13:19:20.643 [info] Got 1 sessions for ...
2025-03-09 13:19:20.671 [info] Getting sessions for read:user...
2025-03-09 13:19:20.671 [info] Got 0 sessions for read:user...
2025-03-09 13:19:20.673 [info] Getting sessions for read:user,repo,user:email,workflow...
2025-03-09 13:19:20.673 [info] Got 0 sessions for read:user,repo,user:email,workflow...
2025-03-09 13:19:21.341 [info] Getting sessions for user:email...
2025-03-09 13:19:21.341 [info] Got 1 sessions for user:email...
2025-03-09 13:19:21.351 [info] Getting sessions for user:email...
2025-03-09 13:19:21.351 [info] Got 1 sessions for user:email...
2025-03-09 13:19:21.355 [info] Getting sessions for all scopes...
2025-03-09 13:19:21.355 [info] Got 1 sessions for ...
