2025-03-06 15:28:45.343 [info] Reading sessions from keychain...
2025-03-06 15:28:45.343 [info] Getting sessions for all scopes...
2025-03-06 15:28:45.343 [info] Getting sessions for all scopes...
2025-03-06 15:28:45.343 [info] Got stored sessions!
2025-03-06 15:28:45.343 [info] Got 1 verified sessions.
2025-03-06 15:28:45.343 [info] Got 1 sessions for ...
2025-03-06 15:28:45.343 [info] Got 1 sessions for ...
2025-03-06 15:28:45.343 [info] Getting sessions for all scopes...
2025-03-06 15:28:45.343 [info] Got 1 sessions for ...
2025-03-06 15:28:45.343 [info] Getting sessions for all scopes...
2025-03-06 15:28:45.343 [info] Got 1 sessions for ...
2025-03-06 15:28:45.343 [info] Getting sessions for all scopes...
2025-03-06 15:28:45.343 [info] Got 1 sessions for ...
2025-03-06 15:28:45.343 [info] Getting sessions for all scopes...
2025-03-06 15:28:45.343 [info] Got 1 sessions for ...
2025-03-06 15:28:45.343 [info] Getting sessions for all scopes...
2025-03-06 15:28:45.343 [info] Got 1 sessions for ...
2025-03-06 15:28:45.448 [info] Getting sessions for all scopes...
2025-03-06 15:28:45.448 [info] Got 1 sessions for ...
2025-03-06 15:28:45.460 [info] Getting sessions for user:email...
2025-03-06 15:28:45.460 [info] Got 1 sessions for user:email...
2025-03-06 15:28:46.522 [info] Getting sessions for read:user,repo,user:email,workflow...
2025-03-06 15:28:46.522 [info] Got 0 sessions for read:user,repo,user:email,workflow...
2025-03-06 15:28:46.589 [info] Getting sessions for all scopes...
2025-03-06 15:28:46.589 [info] Got 1 sessions for ...
2025-03-06 15:28:46.589 [info] Getting sessions for all scopes...
2025-03-06 15:28:46.589 [info] Got 1 sessions for ...
2025-03-06 15:28:46.625 [info] Getting sessions for read:user...
2025-03-06 15:28:46.625 [info] Got 0 sessions for read:user...
2025-03-06 15:28:46.652 [info] Getting sessions for read:user,repo,user:email,workflow...
2025-03-06 15:28:46.652 [info] Got 0 sessions for read:user,repo,user:email,workflow...
2025-03-06 15:28:46.652 [info] Getting sessions for user:email...
2025-03-06 15:28:46.652 [info] Got 1 sessions for user:email...
2025-03-06 15:28:46.653 [info] Getting sessions for user:email...
2025-03-06 15:28:46.653 [info] Got 1 sessions for user:email...
2025-03-06 15:28:46.656 [info] Getting sessions for all scopes...
2025-03-06 15:28:46.656 [info] Got 1 sessions for ...
2025-03-06 15:28:47.299 [info] Getting sessions for read:user,repo,user:email,workflow...
2025-03-06 15:28:47.299 [info] Got 0 sessions for read:user,repo,user:email,workflow...
2025-03-06 15:28:47.301 [info] Getting sessions for user:email...
2025-03-06 15:28:47.301 [info] Got 1 sessions for user:email...
2025-03-06 15:28:47.302 [info] Getting sessions for all scopes...
2025-03-06 15:28:47.302 [info] Got 1 sessions for ...
2025-03-06 15:28:47.302 [info] Getting sessions for read:user,repo,user:email,workflow...
2025-03-06 15:28:47.302 [info] Got 0 sessions for read:user,repo,user:email,workflow...
2025-03-06 15:28:47.302 [info] Getting sessions for user:email...
2025-03-06 15:28:47.302 [info] Got 1 sessions for user:email...
2025-03-06 15:28:47.493 [info] Getting sessions for all scopes...
2025-03-06 15:28:47.493 [info] Got 1 sessions for ...
2025-03-06 15:28:47.605 [info] Getting sessions for all scopes...
2025-03-06 15:28:47.605 [info] Got 1 sessions for ...
2025-03-06 15:28:47.606 [info] Getting sessions for read:user,repo,user:email,workflow...
2025-03-06 15:28:47.606 [info] Got 0 sessions for read:user,repo,user:email,workflow...
2025-03-06 15:28:47.606 [info] Getting sessions for user:email...
2025-03-06 15:28:47.606 [info] Got 1 sessions for user:email...
2025-03-06 15:28:48.099 [info] Getting sessions for all scopes...
2025-03-06 15:28:48.099 [info] Got 1 sessions for ...
2025-03-06 15:28:48.099 [info] Getting sessions for all scopes...
2025-03-06 15:28:48.099 [info] Got 1 sessions for ...
2025-03-06 15:28:48.100 [info] Getting sessions for read:user,repo,user:email,workflow...
2025-03-06 15:28:48.100 [info] Got 0 sessions for read:user,repo,user:email,workflow...
2025-03-06 15:28:48.107 [info] Getting sessions for user:email...
2025-03-06 15:28:48.107 [info] Got 1 sessions for user:email...
2025-03-06 15:28:48.108 [info] Getting sessions for all scopes...
2025-03-06 15:28:48.108 [info] Got 1 sessions for ...
2025-03-06 15:28:48.108 [info] Getting sessions for read:user,repo,user:email,workflow...
2025-03-06 15:28:48.108 [info] Got 0 sessions for read:user,repo,user:email,workflow...
2025-03-06 15:28:48.108 [info] Getting sessions for user:email...
2025-03-06 15:28:48.108 [info] Got 1 sessions for user:email...
2025-03-06 15:28:48.137 [info] Getting sessions for all scopes...
2025-03-06 15:28:48.137 [info] Got 1 sessions for ...
2025-03-06 15:28:48.141 [info] Getting sessions for read:user,repo,user:email,workflow...
2025-03-06 15:28:48.141 [info] Got 0 sessions for read:user,repo,user:email,workflow...
2025-03-06 15:28:48.142 [info] Getting sessions for user:email...
2025-03-06 15:28:48.142 [info] Got 1 sessions for user:email...
2025-03-06 15:28:49.346 [info] Getting sessions for all scopes...
2025-03-06 15:28:49.346 [info] Got 1 sessions for ...
2025-03-06 15:28:49.347 [info] Getting sessions for read:user,repo,user:email,workflow...
2025-03-06 15:28:49.347 [info] Got 0 sessions for read:user,repo,user:email,workflow...
2025-03-06 15:28:49.347 [info] Getting sessions for user:email...
2025-03-06 15:28:49.347 [info] Got 1 sessions for user:email...
