2025-03-10 20:55:09.705 [info] Reading sessions from keychain...
2025-03-10 20:55:09.705 [info] Getting sessions for all scopes...
2025-03-10 20:55:09.705 [info] Getting sessions for all scopes...
2025-03-10 20:55:09.705 [info] Getting sessions for all scopes...
2025-03-10 20:55:09.705 [info] Got stored sessions!
2025-03-10 20:55:09.705 [info] Got 1 verified sessions.
2025-03-10 20:55:09.705 [info] Got 1 sessions for ...
2025-03-10 20:55:09.705 [info] Got 1 sessions for ...
2025-03-10 20:55:09.705 [info] Got 1 sessions for ...
2025-03-10 20:55:09.705 [info] Getting sessions for user:email...
2025-03-10 20:55:09.705 [info] Got 1 sessions for user:email...
2025-03-10 20:55:09.705 [info] Getting sessions for all scopes...
2025-03-10 20:55:09.705 [info] Got 1 sessions for ...
2025-03-10 20:55:09.705 [info] Getting sessions for all scopes...
2025-03-10 20:55:09.705 [info] Got 1 sessions for ...
2025-03-10 20:55:09.705 [info] Getting sessions for all scopes...
2025-03-10 20:55:09.705 [info] Got 1 sessions for ...
2025-03-10 20:55:09.705 [info] Getting sessions for all scopes...
2025-03-10 20:55:09.705 [info] Got 1 sessions for ...
2025-03-10 20:55:09.705 [info] Getting sessions for all scopes...
2025-03-10 20:55:09.705 [info] Got 1 sessions for ...
2025-03-10 20:55:10.827 [info] Getting sessions for read:user,repo,user:email,workflow...
2025-03-10 20:55:10.827 [info] Got 0 sessions for read:user,repo,user:email,workflow...
2025-03-10 20:55:10.827 [info] Getting sessions for all scopes...
2025-03-10 20:55:10.827 [info] Got 1 sessions for ...
2025-03-10 20:55:10.827 [info] Getting sessions for all scopes...
2025-03-10 20:55:10.827 [info] Got 1 sessions for ...
2025-03-10 20:55:10.866 [info] Getting sessions for read:user...
2025-03-10 20:55:10.866 [info] Got 0 sessions for read:user...
2025-03-10 20:55:10.866 [info] Getting sessions for read:user,repo,user:email,workflow...
2025-03-10 20:55:10.866 [info] Got 0 sessions for read:user,repo,user:email,workflow...
2025-03-10 20:55:10.890 [info] Getting sessions for user:email...
2025-03-10 20:55:10.890 [info] Got 1 sessions for user:email...
2025-03-10 20:55:10.890 [info] Getting sessions for user:email...
2025-03-10 20:55:10.890 [info] Got 1 sessions for user:email...
2025-03-10 20:55:10.890 [info] Getting sessions for read:user,repo,user:email,workflow...
2025-03-10 20:55:10.890 [info] Got 0 sessions for read:user,repo,user:email,workflow...
2025-03-10 20:55:10.894 [info] Getting sessions for all scopes...
2025-03-10 20:55:10.894 [info] Got 1 sessions for ...
2025-03-10 20:55:10.895 [info] Getting sessions for read:user,repo,user:email,workflow...
2025-03-10 20:55:10.895 [info] Got 0 sessions for read:user,repo,user:email,workflow...
2025-03-10 20:55:11.551 [info] Getting sessions for user:email...
2025-03-10 20:55:11.552 [info] Got 1 sessions for user:email...
2025-03-10 20:55:11.570 [info] Getting sessions for all scopes...
2025-03-10 20:55:11.570 [info] Got 1 sessions for ...
2025-03-10 20:55:11.576 [info] Getting sessions for all scopes...
2025-03-10 20:55:11.576 [info] Got 1 sessions for ...
2025-03-10 20:55:11.603 [info] Getting sessions for read:user,repo,user:email,workflow...
2025-03-10 20:55:11.603 [info] Got 0 sessions for read:user,repo,user:email,workflow...
2025-03-10 20:55:11.621 [info] Getting sessions for user:email...
2025-03-10 20:55:11.621 [info] Got 1 sessions for user:email...
2025-03-10 20:55:11.731 [info] Getting sessions for all scopes...
2025-03-10 20:55:11.731 [info] Got 1 sessions for ...
2025-03-10 20:55:11.785 [info] Getting sessions for read:user,repo,user:email,workflow...
2025-03-10 20:55:11.785 [info] Got 0 sessions for read:user,repo,user:email,workflow...
2025-03-10 20:55:11.854 [info] Getting sessions for user:email...
2025-03-10 20:55:11.854 [info] Got 1 sessions for user:email...
2025-03-10 20:55:12.499 [info] Getting sessions for all scopes...
2025-03-10 20:55:12.499 [info] Got 1 sessions for ...
2025-03-10 20:55:12.500 [info] Getting sessions for all scopes...
2025-03-10 20:55:12.500 [info] Got 1 sessions for ...
2025-03-10 20:55:12.512 [info] Getting sessions for read:user,repo,user:email,workflow...
2025-03-10 20:55:12.512 [info] Got 0 sessions for read:user,repo,user:email,workflow...
2025-03-10 20:55:12.513 [info] Getting sessions for user:email...
2025-03-10 20:55:12.513 [info] Got 1 sessions for user:email...
2025-03-10 20:55:12.513 [info] Getting sessions for read:user,repo,user:email,workflow...
2025-03-10 20:55:12.513 [info] Got 0 sessions for read:user,repo,user:email,workflow...
2025-03-10 20:55:12.515 [info] Getting sessions for all scopes...
2025-03-10 20:55:12.515 [info] Got 1 sessions for ...
2025-03-10 20:55:12.516 [info] Getting sessions for read:user,repo,user:email,workflow...
2025-03-10 20:55:12.516 [info] Got 0 sessions for read:user,repo,user:email,workflow...
2025-03-10 20:55:12.516 [info] Getting sessions for user:email...
2025-03-10 20:55:12.516 [info] Got 1 sessions for user:email...
2025-03-10 20:55:12.557 [info] Getting sessions for all scopes...
2025-03-10 20:55:12.557 [info] Got 1 sessions for ...
2025-03-10 20:55:12.557 [info] Getting sessions for all scopes...
2025-03-10 20:55:12.557 [info] Got 1 sessions for ...
2025-03-10 20:55:12.559 [info] Getting sessions for read:user,repo,user:email,workflow...
2025-03-10 20:55:12.559 [info] Got 0 sessions for read:user,repo,user:email,workflow...
2025-03-10 20:55:12.560 [info] Getting sessions for user:email...
2025-03-10 20:55:12.560 [info] Got 1 sessions for user:email...
2025-03-10 20:55:12.560 [info] Getting sessions for read:user,repo,user:email,workflow...
2025-03-10 20:55:12.560 [info] Got 0 sessions for read:user,repo,user:email,workflow...
2025-03-10 20:55:12.562 [info] Getting sessions for all scopes...
2025-03-10 20:55:12.562 [info] Got 1 sessions for ...
2025-03-10 20:55:12.563 [info] Getting sessions for read:user,repo,user:email,workflow...
2025-03-10 20:55:12.563 [info] Got 0 sessions for read:user,repo,user:email,workflow...
2025-03-10 20:55:12.563 [info] Getting sessions for user:email...
2025-03-10 20:55:12.563 [info] Got 1 sessions for user:email...
2025-03-10 20:55:13.766 [info] Getting sessions for all scopes...
2025-03-10 20:55:13.766 [info] Got 1 sessions for ...
2025-03-10 20:55:13.767 [info] Getting sessions for read:user,repo,user:email,workflow...
2025-03-10 20:55:13.767 [info] Got 0 sessions for read:user,repo,user:email,workflow...
2025-03-10 20:55:13.768 [info] Getting sessions for user:email...
2025-03-10 20:55:13.768 [info] Got 1 sessions for user:email...
