2025-03-10 10:03:44.133 [info] Reading sessions from keychain...
2025-03-10 10:03:44.133 [info] Getting sessions for all scopes...
2025-03-10 10:03:44.133 [info] Getting sessions for all scopes...
2025-03-10 10:03:44.133 [info] Got stored sessions!
2025-03-10 10:03:44.133 [info] Got 1 verified sessions.
2025-03-10 10:03:44.133 [info] Got 1 sessions for ...
2025-03-10 10:03:44.133 [info] Got 1 sessions for ...
2025-03-10 10:03:44.133 [info] Getting sessions for all scopes...
2025-03-10 10:03:44.133 [info] Got 1 sessions for ...
2025-03-10 10:03:44.133 [info] Getting sessions for all scopes...
2025-03-10 10:03:44.133 [info] Got 1 sessions for ...
2025-03-10 10:03:44.133 [info] Getting sessions for all scopes...
2025-03-10 10:03:44.133 [info] Got 1 sessions for ...
2025-03-10 10:03:44.133 [info] Getting sessions for all scopes...
2025-03-10 10:03:44.133 [info] Got 1 sessions for ...
2025-03-10 10:03:44.133 [info] Getting sessions for all scopes...
2025-03-10 10:03:44.133 [info] Got 1 sessions for ...
2025-03-10 10:03:44.165 [info] Getting sessions for all scopes...
2025-03-10 10:03:44.165 [info] Got 1 sessions for ...
2025-03-10 10:03:44.187 [info] Getting sessions for user:email...
2025-03-10 10:03:44.187 [info] Got 1 sessions for user:email...
2025-03-10 10:03:45.538 [info] Getting sessions for read:user,repo,user:email,workflow...
2025-03-10 10:03:45.538 [info] Got 0 sessions for read:user,repo,user:email,workflow...
2025-03-10 10:03:45.547 [info] Getting sessions for all scopes...
2025-03-10 10:03:45.547 [info] Got 1 sessions for ...
2025-03-10 10:03:45.548 [info] Getting sessions for all scopes...
2025-03-10 10:03:45.548 [info] Got 1 sessions for ...
2025-03-10 10:03:45.594 [info] Getting sessions for read:user...
2025-03-10 10:03:45.594 [info] Got 0 sessions for read:user...
2025-03-10 10:03:45.594 [info] Getting sessions for read:user,repo,user:email,workflow...
2025-03-10 10:03:45.594 [info] Got 0 sessions for read:user,repo,user:email,workflow...
2025-03-10 10:03:45.595 [info] Getting sessions for user:email...
2025-03-10 10:03:45.595 [info] Got 1 sessions for user:email...
2025-03-10 10:03:45.595 [info] Getting sessions for user:email...
2025-03-10 10:03:45.595 [info] Got 1 sessions for user:email...
2025-03-10 10:03:45.598 [info] Getting sessions for all scopes...
2025-03-10 10:03:45.598 [info] Got 1 sessions for ...
2025-03-10 10:03:45.599 [info] Getting sessions for read:user,repo,user:email,workflow...
2025-03-10 10:03:45.599 [info] Got 0 sessions for read:user,repo,user:email,workflow...
2025-03-10 10:03:46.259 [info] Getting sessions for all scopes...
2025-03-10 10:03:46.259 [info] Got 1 sessions for ...
2025-03-10 10:03:46.261 [info] Getting sessions for user:email...
2025-03-10 10:03:46.261 [info] Got 1 sessions for user:email...
2025-03-10 10:03:46.262 [info] Getting sessions for all scopes...
2025-03-10 10:03:46.262 [info] Got 1 sessions for ...
2025-03-10 10:03:46.262 [info] Getting sessions for read:user,repo,user:email,workflow...
2025-03-10 10:03:46.262 [info] Got 0 sessions for read:user,repo,user:email,workflow...
2025-03-10 10:03:46.263 [info] Getting sessions for user:email...
2025-03-10 10:03:46.263 [info] Got 1 sessions for user:email...
2025-03-10 10:03:46.425 [info] Getting sessions for all scopes...
2025-03-10 10:03:46.425 [info] Got 1 sessions for ...
2025-03-10 10:03:46.425 [info] Getting sessions for read:user,repo,user:email,workflow...
2025-03-10 10:03:46.425 [info] Got 0 sessions for read:user,repo,user:email,workflow...
2025-03-10 10:03:46.426 [info] Getting sessions for user:email...
2025-03-10 10:03:46.426 [info] Got 1 sessions for user:email...
2025-03-10 10:03:47.061 [info] Getting sessions for all scopes...
2025-03-10 10:03:47.061 [info] Got 1 sessions for ...
2025-03-10 10:03:47.061 [info] Getting sessions for all scopes...
2025-03-10 10:03:47.061 [info] Got 1 sessions for ...
2025-03-10 10:03:47.071 [info] Getting sessions for read:user,repo,user:email,workflow...
2025-03-10 10:03:47.072 [info] Got 0 sessions for read:user,repo,user:email,workflow...
2025-03-10 10:03:47.072 [info] Getting sessions for user:email...
2025-03-10 10:03:47.072 [info] Got 1 sessions for user:email...
2025-03-10 10:03:47.074 [info] Getting sessions for all scopes...
2025-03-10 10:03:47.074 [info] Got 1 sessions for ...
2025-03-10 10:03:47.074 [info] Getting sessions for read:user,repo,user:email,workflow...
2025-03-10 10:03:47.074 [info] Got 0 sessions for read:user,repo,user:email,workflow...
2025-03-10 10:03:47.075 [info] Getting sessions for user:email...
2025-03-10 10:03:47.075 [info] Got 1 sessions for user:email...
2025-03-10 10:03:47.111 [info] Getting sessions for all scopes...
2025-03-10 10:03:47.111 [info] Got 1 sessions for ...
2025-03-10 10:03:47.129 [info] Getting sessions for read:user,repo,user:email,workflow...
2025-03-10 10:03:47.129 [info] Got 0 sessions for read:user,repo,user:email,workflow...
2025-03-10 10:03:47.131 [info] Getting sessions for user:email...
2025-03-10 10:03:47.131 [info] Got 1 sessions for user:email...
2025-03-10 10:03:48.331 [info] Getting sessions for all scopes...
2025-03-10 10:03:48.331 [info] Got 1 sessions for ...
2025-03-10 10:03:48.331 [info] Getting sessions for read:user,repo,user:email,workflow...
2025-03-10 10:03:48.331 [info] Got 0 sessions for read:user,repo,user:email,workflow...
2025-03-10 10:03:48.332 [info] Getting sessions for user:email...
2025-03-10 10:03:48.332 [info] Got 1 sessions for user:email...
