2025-03-04 18:59:48.633 [info] Reading sessions from keychain...
2025-03-04 18:59:48.633 [info] Getting sessions for all scopes...
2025-03-04 18:59:48.633 [info] Getting sessions for all scopes...
2025-03-04 18:59:48.633 [info] Getting sessions for all scopes...
2025-03-04 18:59:48.633 [info] Got stored sessions!
2025-03-04 18:59:48.633 [info] Got 1 verified sessions.
2025-03-04 18:59:48.633 [info] Got 1 sessions for ...
2025-03-04 18:59:48.633 [info] Got 1 sessions for ...
2025-03-04 18:59:48.633 [info] Got 1 sessions for ...
2025-03-04 18:59:48.633 [info] Getting sessions for all scopes...
2025-03-04 18:59:48.633 [info] Got 1 sessions for ...
2025-03-04 18:59:48.633 [info] Getting sessions for all scopes...
2025-03-04 18:59:48.633 [info] Got 1 sessions for ...
2025-03-04 18:59:48.633 [info] Getting sessions for all scopes...
2025-03-04 18:59:48.633 [info] Got 1 sessions for ...
2025-03-04 18:59:48.633 [info] Getting sessions for all scopes...
2025-03-04 18:59:48.633 [info] Got 1 sessions for ...
2025-03-04 18:59:48.633 [info] Getting sessions for all scopes...
2025-03-04 18:59:48.633 [info] Got 1 sessions for ...
2025-03-04 18:59:48.701 [info] Getting sessions for user:email...
2025-03-04 18:59:48.701 [info] Got 1 sessions for user:email...
2025-03-04 18:59:49.799 [info] Getting sessions for read:user,repo,user:email,workflow...
2025-03-04 18:59:49.799 [info] Got 0 sessions for read:user,repo,user:email,workflow...
2025-03-04 18:59:49.866 [info] Getting sessions for all scopes...
2025-03-04 18:59:49.866 [info] Got 1 sessions for ...
2025-03-04 18:59:49.866 [info] Getting sessions for all scopes...
2025-03-04 18:59:49.866 [info] Got 1 sessions for ...
2025-03-04 18:59:49.900 [info] Getting sessions for read:user...
2025-03-04 18:59:49.900 [info] Got 0 sessions for read:user...
2025-03-04 18:59:49.924 [info] Getting sessions for read:user,repo,user:email,workflow...
2025-03-04 18:59:49.924 [info] Got 0 sessions for read:user,repo,user:email,workflow...
2025-03-04 18:59:49.925 [info] Getting sessions for user:email...
2025-03-04 18:59:49.925 [info] Got 1 sessions for user:email...
2025-03-04 18:59:49.925 [info] Getting sessions for user:email...
2025-03-04 18:59:49.925 [info] Got 1 sessions for user:email...
2025-03-04 18:59:49.927 [info] Getting sessions for all scopes...
2025-03-04 18:59:49.927 [info] Got 1 sessions for ...
2025-03-04 18:59:49.928 [info] Getting sessions for read:user,repo,user:email,workflow...
2025-03-04 18:59:49.928 [info] Got 0 sessions for read:user,repo,user:email,workflow...
2025-03-04 18:59:50.589 [info] Getting sessions for user:email...
2025-03-04 18:59:50.589 [info] Got 1 sessions for user:email...
2025-03-04 18:59:50.591 [info] Getting sessions for all scopes...
2025-03-04 18:59:50.591 [info] Got 1 sessions for ...
2025-03-04 18:59:50.592 [info] Getting sessions for read:user,repo,user:email,workflow...
2025-03-04 18:59:50.592 [info] Got 0 sessions for read:user,repo,user:email,workflow...
2025-03-04 18:59:50.592 [info] Getting sessions for user:email...
2025-03-04 18:59:50.592 [info] Got 1 sessions for user:email...
2025-03-04 18:59:50.730 [info] Getting sessions for all scopes...
2025-03-04 18:59:50.730 [info] Got 1 sessions for ...
2025-03-04 18:59:51.015 [info] Getting sessions for all scopes...
2025-03-04 18:59:51.015 [info] Got 1 sessions for ...
2025-03-04 18:59:51.015 [info] Getting sessions for read:user,repo,user:email,workflow...
2025-03-04 18:59:51.015 [info] Got 0 sessions for read:user,repo,user:email,workflow...
2025-03-04 18:59:51.016 [info] Getting sessions for user:email...
2025-03-04 18:59:51.016 [info] Got 1 sessions for user:email...
2025-03-04 18:59:51.460 [info] Getting sessions for all scopes...
2025-03-04 18:59:51.460 [info] Got 1 sessions for ...
2025-03-04 18:59:51.460 [info] Getting sessions for all scopes...
2025-03-04 18:59:51.460 [info] Got 1 sessions for ...
2025-03-04 18:59:51.460 [info] Getting sessions for read:user,repo,user:email,workflow...
2025-03-04 18:59:51.460 [info] Got 0 sessions for read:user,repo,user:email,workflow...
2025-03-04 18:59:51.465 [info] Getting sessions for user:email...
2025-03-04 18:59:51.466 [info] Got 1 sessions for user:email...
2025-03-04 18:59:51.467 [info] Getting sessions for all scopes...
2025-03-04 18:59:51.467 [info] Got 1 sessions for ...
2025-03-04 18:59:51.467 [info] Getting sessions for read:user,repo,user:email,workflow...
2025-03-04 18:59:51.467 [info] Got 0 sessions for read:user,repo,user:email,workflow...
2025-03-04 18:59:51.467 [info] Getting sessions for user:email...
2025-03-04 18:59:51.467 [info] Got 1 sessions for user:email...
2025-03-04 18:59:51.497 [info] Getting sessions for all scopes...
2025-03-04 18:59:51.497 [info] Got 1 sessions for ...
2025-03-04 18:59:51.498 [info] Getting sessions for read:user,repo,user:email,workflow...
2025-03-04 18:59:51.498 [info] Got 0 sessions for read:user,repo,user:email,workflow...
2025-03-04 18:59:51.498 [info] Getting sessions for user:email...
2025-03-04 18:59:51.498 [info] Got 1 sessions for user:email...
2025-03-04 18:59:52.705 [info] Getting sessions for all scopes...
2025-03-04 18:59:52.705 [info] Got 1 sessions for ...
2025-03-04 18:59:52.706 [info] Getting sessions for read:user,repo,user:email,workflow...
2025-03-04 18:59:52.706 [info] Got 0 sessions for read:user,repo,user:email,workflow...
2025-03-04 18:59:52.706 [info] Getting sessions for user:email...
2025-03-04 18:59:52.706 [info] Got 1 sessions for user:email...
