2025-03-04 16:26:40.152 [info] Reading sessions from keychain...
2025-03-04 16:26:40.152 [info] Getting sessions for all scopes...
2025-03-04 16:26:40.152 [info] Getting sessions for all scopes...
2025-03-04 16:26:40.152 [info] Got stored sessions!
2025-03-04 16:26:40.152 [info] Got 1 verified sessions.
2025-03-04 16:26:40.152 [info] Got 1 sessions for ...
2025-03-04 16:26:40.152 [info] Got 1 sessions for ...
2025-03-04 16:26:40.152 [info] Getting sessions for all scopes...
2025-03-04 16:26:40.152 [info] Got 1 sessions for ...
2025-03-04 16:26:40.152 [info] Getting sessions for all scopes...
2025-03-04 16:26:40.152 [info] Got 1 sessions for ...
2025-03-04 16:26:40.152 [info] Getting sessions for all scopes...
2025-03-04 16:26:40.152 [info] Got 1 sessions for ...
2025-03-04 16:26:40.152 [info] Getting sessions for all scopes...
2025-03-04 16:26:40.152 [info] Got 1 sessions for ...
2025-03-04 16:26:40.152 [info] Getting sessions for all scopes...
2025-03-04 16:26:40.152 [info] Got 1 sessions for ...
2025-03-04 16:26:40.219 [info] Getting sessions for user:email...
2025-03-04 16:26:40.219 [info] Got 1 sessions for user:email...
2025-03-04 16:26:41.630 [info] Getting sessions for read:user,repo,user:email,workflow...
2025-03-04 16:26:41.630 [info] Got 0 sessions for read:user,repo,user:email,workflow...
2025-03-04 16:26:41.696 [info] Getting sessions for all scopes...
2025-03-04 16:26:41.696 [info] Got 1 sessions for ...
2025-03-04 16:26:41.696 [info] Getting sessions for all scopes...
2025-03-04 16:26:41.696 [info] Got 1 sessions for ...
2025-03-04 16:26:41.736 [info] Getting sessions for read:user...
2025-03-04 16:26:41.736 [info] Got 0 sessions for read:user...
2025-03-04 16:26:41.737 [info] Getting sessions for read:user,repo,user:email,workflow...
2025-03-04 16:26:41.737 [info] Got 0 sessions for read:user,repo,user:email,workflow...
2025-03-04 16:26:41.737 [info] Getting sessions for user:email...
2025-03-04 16:26:41.737 [info] Got 1 sessions for user:email...
2025-03-04 16:26:41.737 [info] Getting sessions for user:email...
2025-03-04 16:26:41.737 [info] Got 1 sessions for user:email...
2025-03-04 16:26:42.529 [info] Getting sessions for all scopes...
2025-03-04 16:26:42.529 [info] Got 1 sessions for ...
2025-03-04 16:26:42.537 [info] Getting sessions for all scopes...
2025-03-04 16:26:42.537 [info] Got 1 sessions for ...
2025-03-04 16:26:42.545 [info] Getting sessions for read:user,repo,user:email,workflow...
2025-03-04 16:26:42.545 [info] Got 0 sessions for read:user,repo,user:email,workflow...
2025-03-04 16:26:42.545 [info] Getting sessions for user:email...
2025-03-04 16:26:42.546 [info] Got 1 sessions for user:email...
2025-03-04 16:26:42.546 [info] Getting sessions for all scopes...
2025-03-04 16:26:42.546 [info] Got 1 sessions for ...
2025-03-04 16:26:42.547 [info] Getting sessions for read:user,repo,user:email,workflow...
2025-03-04 16:26:42.547 [info] Got 0 sessions for read:user,repo,user:email,workflow...
2025-03-04 16:26:42.547 [info] Getting sessions for user:email...
2025-03-04 16:26:42.547 [info] Got 1 sessions for user:email...
2025-03-04 16:26:42.709 [info] Getting sessions for all scopes...
2025-03-04 16:26:42.709 [info] Got 1 sessions for ...
2025-03-04 16:26:42.721 [info] Getting sessions for read:user,repo,user:email,workflow...
2025-03-04 16:26:42.721 [info] Got 0 sessions for read:user,repo,user:email,workflow...
2025-03-04 16:26:42.721 [info] Getting sessions for user:email...
2025-03-04 16:26:42.721 [info] Got 1 sessions for user:email...
2025-03-04 16:26:43.363 [info] Getting sessions for all scopes...
2025-03-04 16:26:43.363 [info] Got 1 sessions for ...
2025-03-04 16:26:43.363 [info] Getting sessions for all scopes...
2025-03-04 16:26:43.363 [info] Got 1 sessions for ...
2025-03-04 16:26:43.369 [info] Getting sessions for read:user,repo,user:email,workflow...
2025-03-04 16:26:43.369 [info] Got 0 sessions for read:user,repo,user:email,workflow...
2025-03-04 16:26:43.369 [info] Getting sessions for user:email...
2025-03-04 16:26:43.369 [info] Got 1 sessions for user:email...
2025-03-04 16:26:43.370 [info] Getting sessions for all scopes...
2025-03-04 16:26:43.370 [info] Got 1 sessions for ...
2025-03-04 16:26:43.370 [info] Getting sessions for read:user,repo,user:email,workflow...
2025-03-04 16:26:43.370 [info] Got 0 sessions for read:user,repo,user:email,workflow...
2025-03-04 16:26:43.371 [info] Getting sessions for user:email...
2025-03-04 16:26:43.371 [info] Got 1 sessions for user:email...
2025-03-04 16:26:43.402 [info] Getting sessions for all scopes...
2025-03-04 16:26:43.402 [info] Got 1 sessions for ...
2025-03-04 16:26:43.403 [info] Getting sessions for read:user,repo,user:email,workflow...
2025-03-04 16:26:43.403 [info] Got 0 sessions for read:user,repo,user:email,workflow...
2025-03-04 16:26:43.403 [info] Getting sessions for user:email...
2025-03-04 16:26:43.403 [info] Got 1 sessions for user:email...
2025-03-04 16:26:44.647 [info] Getting sessions for all scopes...
2025-03-04 16:26:44.647 [info] Got 1 sessions for ...
2025-03-04 16:26:44.659 [info] Getting sessions for read:user,repo,user:email,workflow...
2025-03-04 16:26:44.659 [info] Got 0 sessions for read:user,repo,user:email,workflow...
2025-03-04 16:26:44.659 [info] Getting sessions for user:email...
2025-03-04 16:26:44.659 [info] Got 1 sessions for user:email...
