2025-03-12 21:07:17.092 [info] [AutoSync] Using settings sync service https://vscode-sync.trafficmanager.net/
2025-03-12 21:07:17.092 [info] [AutoSync] Enabled.
2025-03-12 21:07:17.092 [info] [AutoSync] Suspended until auth token is available.
2025-03-12 21:07:18.233 [info] [AutoSync] Triggered by Interval
2025-03-12 21:07:18.234 [info] Sync started.
2025-03-12 21:07:19.151 [info] Settings: No changes found during synchronizing settings.
2025-03-12 21:07:19.160 [info] Keybindings: No changes found during synchronizing keybindings.
2025-03-12 21:07:19.162 [info] Snippets: No changes found during synchronizing snippets.
2025-03-12 21:07:19.163 [info] Tasks: No changes found during synchronizing tasks.
2025-03-12 21:07:20.124 [info] GlobalState: Updated remote ui state. Updated: cpp.1.lastSessionDate,cpp.1.sessionCount,java.2.lastSessionDate,java.2.sessionCount,javascript.1.lastSessionDate,javascript.1.sessionCount,typescript.1.lastSessionDate,typescript.1.sessionCount,csharp.1.lastSessionDate,csharp.1.sessionCount.
2025-03-12 21:07:20.128 [info] GlobalState: Updated last synchronized ui state
2025-03-12 21:07:20.163 [info] Extensions: No changes found during synchronizing extensions.
2025-03-12 21:07:20.166 [info] Profiles: No changes found during synchronizing profiles.
2025-03-12 21:07:20.166 [info] Sync done. Took 1934ms
2025-03-12 21:07:28.760 [info] [AutoSync] Triggered by Activity
2025-03-12 21:07:28.760 [info] Sync started.
2025-03-12 21:07:28.884 [info] Settings: No changes found during synchronizing settings.
2025-03-12 21:07:28.885 [info] Keybindings: No changes found during synchronizing keybindings.
2025-03-12 21:07:28.886 [info] Snippets: No changes found during synchronizing snippets.
2025-03-12 21:07:28.887 [info] Tasks: No changes found during synchronizing tasks.
2025-03-12 21:07:30.376 [info] GlobalState: Updated remote ui state. Updated: colorThemeData.
2025-03-12 21:07:30.378 [info] GlobalState: Updated last synchronized ui state
2025-03-12 21:07:30.390 [info] Extensions: No changes found during synchronizing extensions.
2025-03-12 21:07:30.390 [info] Profiles: No changes found during synchronizing profiles.
2025-03-12 21:07:30.391 [info] Sync done. Took 1632ms
2025-03-12 21:07:33.342 [info] [AutoSync] Triggered by Activity
2025-03-12 21:07:33.342 [info] Sync started.
2025-03-12 21:07:33.483 [info] Settings: No changes found during synchronizing settings.
2025-03-12 21:07:33.484 [info] Keybindings: No changes found during synchronizing keybindings.
2025-03-12 21:07:33.485 [info] Snippets: No changes found during synchronizing snippets.
2025-03-12 21:07:33.487 [info] Tasks: No changes found during synchronizing tasks.
2025-03-12 21:07:33.488 [info] GlobalState: No changes found during synchronizing ui state.
2025-03-12 21:07:33.500 [info] Extensions: No changes found during synchronizing extensions.
2025-03-12 21:07:33.501 [info] Profiles: No changes found during synchronizing profiles.
2025-03-12 21:07:33.501 [info] Sync done. Took 161ms
2025-03-12 21:07:46.244 [info] [AutoSync] Triggered by Activity
2025-03-12 21:07:46.244 [info] Sync started.
2025-03-12 21:07:46.463 [info] Settings: No changes found during synchronizing settings.
2025-03-12 21:07:46.468 [info] Keybindings: No changes found during synchronizing keybindings.
2025-03-12 21:07:46.473 [info] Snippets: No changes found during synchronizing snippets.
2025-03-12 21:07:46.477 [info] Tasks: No changes found during synchronizing tasks.
2025-03-12 21:07:47.672 [info] GlobalState: Updated remote ui state. Added: workbench.view.remote.state.hidden. Updated: workbench.welcomePage.walkthroughMetadata.
2025-03-12 21:07:47.676 [info] GlobalState: Updated last synchronized ui state
2025-03-12 21:07:48.390 [info] Extensions: Updated remote extensions. Added: ["github.remotehub","ms-vscode.azure-repos","ms-vscode.remote-repositories"].
2025-03-12 21:07:48.393 [info] Extensions: Updated last synchronized extensions.
2025-03-12 21:07:48.395 [info] Profiles: No changes found during synchronizing profiles.
2025-03-12 21:07:48.397 [info] Sync done. Took 2154ms
2025-03-12 21:07:49.950 [info] [AutoSync] Triggered by Activity
2025-03-12 21:07:49.951 [info] Sync started.
2025-03-12 21:07:50.064 [info] Settings: No changes found during synchronizing settings.
2025-03-12 21:07:50.067 [info] Keybindings: No changes found during synchronizing keybindings.
2025-03-12 21:07:50.069 [info] Snippets: No changes found during synchronizing snippets.
2025-03-12 21:07:50.072 [info] Tasks: No changes found during synchronizing tasks.
2025-03-12 21:07:50.074 [info] GlobalState: No changes found during synchronizing ui state.
2025-03-12 21:07:50.093 [info] Extensions: No changes found during synchronizing extensions.
2025-03-12 21:07:50.095 [info] Profiles: No changes found during synchronizing profiles.
2025-03-12 21:07:50.095 [info] Sync done. Took 146ms
2025-03-12 21:08:19.850 [info] [AutoSync] Triggered by Activity
2025-03-12 21:08:19.850 [info] Sync started.
2025-03-12 21:08:19.965 [info] Settings: No changes found during synchronizing settings.
2025-03-12 21:08:19.968 [info] Keybindings: No changes found during synchronizing keybindings.
2025-03-12 21:08:19.971 [info] Snippets: No changes found during synchronizing snippets.
2025-03-12 21:08:19.974 [info] Tasks: No changes found during synchronizing tasks.
2025-03-12 21:08:21.353 [info] GlobalState: Updated remote ui state. Added: github-k1us89k.
2025-03-12 21:08:21.357 [info] GlobalState: Updated last synchronized ui state
2025-03-12 21:08:21.377 [info] Extensions: No changes found during synchronizing extensions.
2025-03-12 21:08:21.378 [info] Profiles: No changes found during synchronizing profiles.
2025-03-12 21:08:21.378 [info] Sync done. Took 1530ms
2025-03-12 21:08:23.907 [info] [AutoSync] Triggered by Activity
2025-03-12 21:08:23.907 [info] Sync started.
2025-03-12 21:08:24.025 [info] Settings: No changes found during synchronizing settings.
2025-03-12 21:08:24.029 [info] Keybindings: No changes found during synchronizing keybindings.
2025-03-12 21:08:24.033 [info] Snippets: No changes found during synchronizing snippets.
2025-03-12 21:08:24.036 [info] Tasks: No changes found during synchronizing tasks.
2025-03-12 21:08:24.040 [info] GlobalState: No changes found during synchronizing ui state.
2025-03-12 21:08:24.061 [info] Extensions: No changes found during synchronizing extensions.
2025-03-12 21:08:24.062 [info] Profiles: No changes found during synchronizing profiles.
2025-03-12 21:08:24.062 [info] Sync done. Took 157ms
2025-03-12 21:08:36.087 [info] [AutoSync] Triggered by Activity
2025-03-12 21:08:36.088 [info] Sync started.
2025-03-12 21:08:36.199 [info] Settings: No changes found during synchronizing settings.
2025-03-12 21:08:36.201 [info] Keybindings: No changes found during synchronizing keybindings.
2025-03-12 21:08:36.203 [info] Snippets: No changes found during synchronizing snippets.
2025-03-12 21:08:36.205 [info] Tasks: No changes found during synchronizing tasks.
2025-03-12 21:08:37.611 [info] GlobalState: Updated remote ui state. Updated: memento/gettingStartedService,workbench.welcomePage.hiddenCategories,workbench.view.remote.state.hidden.
2025-03-12 21:08:37.614 [info] GlobalState: Updated last synchronized ui state
2025-03-12 21:08:37.642 [info] Extensions: No changes found during synchronizing extensions.
2025-03-12 21:08:37.643 [info] Profiles: No changes found during synchronizing profiles.
2025-03-12 21:08:37.644 [info] Sync done. Took 1556ms
2025-03-12 21:08:41.273 [info] [AutoSync] Triggered by Activity
2025-03-12 21:08:41.273 [info] Sync started.
2025-03-12 21:08:41.389 [info] Settings: No changes found during synchronizing settings.
2025-03-12 21:08:41.392 [info] Keybindings: No changes found during synchronizing keybindings.
2025-03-12 21:08:41.394 [info] Snippets: No changes found during synchronizing snippets.
2025-03-12 21:08:41.398 [info] Tasks: No changes found during synchronizing tasks.
2025-03-12 21:08:42.865 [info] GlobalState: Updated remote ui state. Updated: colorThemeData.
2025-03-12 21:08:42.868 [info] GlobalState: Updated last synchronized ui state
2025-03-12 21:08:42.886 [info] Extensions: No changes found during synchronizing extensions.
2025-03-12 21:08:42.888 [info] Profiles: No changes found during synchronizing profiles.
2025-03-12 21:08:42.889 [info] Sync done. Took 1616ms
2025-03-12 21:08:49.922 [info] [AutoSync] Triggered by Activity
2025-03-12 21:08:49.923 [info] Sync started.
2025-03-12 21:08:50.036 [info] Settings: No changes found during synchronizing settings.
2025-03-12 21:08:50.039 [info] Keybindings: No changes found during synchronizing keybindings.
2025-03-12 21:08:50.041 [info] Snippets: No changes found during synchronizing snippets.
2025-03-12 21:08:50.042 [info] Tasks: No changes found during synchronizing tasks.
2025-03-12 21:08:51.242 [info] GlobalState: Updated remote ui state. Updated: colorThemeData.
2025-03-12 21:08:51.245 [info] GlobalState: Updated last synchronized ui state
2025-03-12 21:08:51.274 [info] Extensions: No changes found during synchronizing extensions.
2025-03-12 21:08:51.275 [info] Profiles: No changes found during synchronizing profiles.
2025-03-12 21:08:51.276 [info] Sync done. Took 1355ms
2025-03-12 21:09:16.707 [info] [AutoSync] Triggered by Activity
2025-03-12 21:09:16.708 [info] Sync started.
2025-03-12 21:09:16.823 [info] Settings: No changes found during synchronizing settings.
2025-03-12 21:09:16.827 [info] Keybindings: No changes found during synchronizing keybindings.
2025-03-12 21:09:16.832 [info] Snippets: No changes found during synchronizing snippets.
2025-03-12 21:09:16.835 [info] Tasks: No changes found during synchronizing tasks.
2025-03-12 21:09:18.239 [info] GlobalState: Updated remote ui state. Updated: memento/gettingStartedService,workbench.welcomePage.walkthroughMetadata.
2025-03-12 21:09:18.243 [info] GlobalState: Updated last synchronized ui state
2025-03-12 21:09:18.273 [info] Extensions: No changes found during synchronizing extensions.
2025-03-12 21:09:18.275 [info] Profiles: No changes found during synchronizing profiles.
2025-03-12 21:09:18.276 [info] Sync done. Took 1570ms
2025-03-12 21:09:36.179 [info] [AutoSync] Triggered by Activity
2025-03-12 21:09:36.179 [info] Sync started.
2025-03-12 21:09:36.307 [info] Settings: No changes found during synchronizing settings.
2025-03-12 21:09:36.311 [info] Keybindings: No changes found during synchronizing keybindings.
2025-03-12 21:09:36.314 [info] Snippets: No changes found during synchronizing snippets.
2025-03-12 21:09:36.318 [info] Tasks: No changes found during synchronizing tasks.
2025-03-12 21:09:37.263 [info] GlobalState: Updated remote ui state. Added: remote.explorerType.
2025-03-12 21:09:37.267 [info] GlobalState: Updated last synchronized ui state
2025-03-12 21:09:37.294 [info] Extensions: No changes found during synchronizing extensions.
2025-03-12 21:09:37.294 [info] Profiles: No changes found during synchronizing profiles.
2025-03-12 21:09:37.295 [info] Sync done. Took 1116ms
2025-03-12 21:09:39.492 [info] [AutoSync] Triggered by Activity
2025-03-12 21:09:39.493 [info] Sync started.
2025-03-12 21:09:39.606 [info] Settings: No changes found during synchronizing settings.
2025-03-12 21:09:39.608 [info] Keybindings: No changes found during synchronizing keybindings.
2025-03-12 21:09:39.611 [info] Snippets: No changes found during synchronizing snippets.
2025-03-12 21:09:39.613 [info] Tasks: No changes found during synchronizing tasks.
2025-03-12 21:09:39.616 [info] GlobalState: No changes found during synchronizing ui state.
2025-03-12 21:09:39.647 [info] Extensions: No changes found during synchronizing extensions.
2025-03-12 21:09:39.647 [info] Profiles: No changes found during synchronizing profiles.
2025-03-12 21:09:39.648 [info] Sync done. Took 157ms
2025-03-12 21:09:53.344 [info] [AutoSync] Triggered by Activity
2025-03-12 21:09:53.344 [info] Sync started.
2025-03-12 21:09:53.454 [info] Settings: No changes found during synchronizing settings.
2025-03-12 21:09:53.456 [info] Keybindings: No changes found during synchronizing keybindings.
2025-03-12 21:09:53.458 [info] Snippets: No changes found during synchronizing snippets.
2025-03-12 21:09:53.459 [info] Tasks: No changes found during synchronizing tasks.
2025-03-12 21:09:53.461 [info] GlobalState: No changes found during synchronizing ui state.
2025-03-12 21:09:53.476 [info] Extensions: No changes found during synchronizing extensions.
2025-03-12 21:09:53.476 [info] Profiles: No changes found during synchronizing profiles.
2025-03-12 21:09:53.477 [info] Sync done. Took 133ms
2025-03-12 21:10:17.715 [info] [AutoSync] Triggered by Activity
2025-03-12 21:10:17.715 [info] Sync started.
2025-03-12 21:10:17.896 [info] Settings: No changes found during synchronizing settings.
2025-03-12 21:10:17.898 [info] Keybindings: No changes found during synchronizing keybindings.
2025-03-12 21:10:17.900 [info] Snippets: No changes found during synchronizing snippets.
2025-03-12 21:10:17.904 [info] Tasks: No changes found during synchronizing tasks.
2025-03-12 21:10:17.910 [info] GlobalState: No changes found during synchronizing ui state.
2025-03-12 21:10:17.942 [info] Extensions: No changes found during synchronizing extensions.
2025-03-12 21:10:17.943 [info] Profiles: No changes found during synchronizing profiles.
2025-03-12 21:10:17.943 [info] Sync done. Took 230ms
2025-03-12 21:11:20.623 [info] [AutoSync] Triggered by Activity
2025-03-12 21:11:20.623 [info] Sync started.
2025-03-12 21:11:20.757 [info] Settings: No changes found during synchronizing settings.
2025-03-12 21:11:20.760 [info] Keybindings: No changes found during synchronizing keybindings.
2025-03-12 21:11:20.764 [info] Snippets: No changes found during synchronizing snippets.
2025-03-12 21:11:20.768 [info] Tasks: No changes found during synchronizing tasks.
2025-03-12 21:11:20.771 [info] GlobalState: No changes found during synchronizing ui state.
2025-03-12 21:11:20.795 [info] Extensions: No changes found during synchronizing extensions.
2025-03-12 21:11:20.796 [info] Profiles: No changes found during synchronizing profiles.
2025-03-12 21:11:20.797 [info] Sync done. Took 175ms
2025-03-12 21:11:41.931 [info] [AutoSync] Triggered by Activity
2025-03-12 21:11:41.932 [info] Sync started.
2025-03-12 21:11:42.071 [info] Settings: No changes found during synchronizing settings.
2025-03-12 21:11:42.075 [info] Keybindings: No changes found during synchronizing keybindings.
2025-03-12 21:11:42.078 [info] Snippets: No changes found during synchronizing snippets.
2025-03-12 21:11:42.080 [info] Tasks: No changes found during synchronizing tasks.
2025-03-12 21:11:42.084 [info] GlobalState: No changes found during synchronizing ui state.
2025-03-12 21:11:42.103 [info] Extensions: No changes found during synchronizing extensions.
2025-03-12 21:11:42.104 [info] Profiles: No changes found during synchronizing profiles.
2025-03-12 21:11:42.104 [info] Sync done. Took 174ms
2025-03-12 21:11:57.353 [info] [AutoSync] Triggered by Activity
2025-03-12 21:11:57.354 [info] Sync started.
2025-03-12 21:11:57.533 [info] Settings: No changes found during synchronizing settings.
2025-03-12 21:11:57.537 [info] Keybindings: No changes found during synchronizing keybindings.
2025-03-12 21:11:57.540 [info] Snippets: No changes found during synchronizing snippets.
2025-03-12 21:11:57.543 [info] Tasks: No changes found during synchronizing tasks.
2025-03-12 21:11:57.546 [info] GlobalState: No changes found during synchronizing ui state.
2025-03-12 21:11:57.575 [info] Extensions: No changes found during synchronizing extensions.
2025-03-12 21:11:57.578 [info] Profiles: No changes found during synchronizing profiles.
2025-03-12 21:11:57.578 [info] Sync done. Took 226ms
2025-03-12 21:12:12.114 [info] [AutoSync] Triggered by Activity
2025-03-12 21:12:12.114 [info] Sync started.
2025-03-12 21:12:12.286 [info] Settings: No changes found during synchronizing settings.
2025-03-12 21:12:12.288 [info] Keybindings: No changes found during synchronizing keybindings.
2025-03-12 21:12:12.289 [info] Snippets: No changes found during synchronizing snippets.
2025-03-12 21:12:12.290 [info] Tasks: No changes found during synchronizing tasks.
2025-03-12 21:12:12.291 [info] GlobalState: No changes found during synchronizing ui state.
2025-03-12 21:12:12.306 [info] Extensions: No changes found during synchronizing extensions.
2025-03-12 21:12:12.307 [info] Profiles: No changes found during synchronizing profiles.
2025-03-12 21:12:12.308 [info] Sync done. Took 195ms
2025-03-12 21:12:24.142 [info] [AutoSync] Triggered by Activity
2025-03-12 21:12:24.142 [info] Sync started.
2025-03-12 21:12:24.252 [info] Settings: No changes found during synchronizing settings.
2025-03-12 21:12:24.253 [info] Keybindings: No changes found during synchronizing keybindings.
2025-03-12 21:12:24.254 [info] Snippets: No changes found during synchronizing snippets.
2025-03-12 21:12:24.255 [info] Tasks: No changes found during synchronizing tasks.
2025-03-12 21:12:24.257 [info] GlobalState: No changes found during synchronizing ui state.
2025-03-12 21:12:24.280 [info] Extensions: No changes found during synchronizing extensions.
2025-03-12 21:12:24.281 [info] Profiles: No changes found during synchronizing profiles.
2025-03-12 21:12:24.281 [info] Sync done. Took 140ms
2025-03-12 21:14:48.655 [info] [AutoSync] Triggered by Activity
2025-03-12 21:14:48.655 [info] Sync started.
2025-03-12 21:14:49.070 [info] Settings: No changes found during synchronizing settings.
2025-03-12 21:14:49.072 [info] Keybindings: No changes found during synchronizing keybindings.
2025-03-12 21:14:49.074 [info] Snippets: No changes found during synchronizing snippets.
2025-03-12 21:14:49.075 [info] Tasks: No changes found during synchronizing tasks.
2025-03-12 21:14:49.076 [info] GlobalState: No changes found during synchronizing ui state.
2025-03-12 21:14:49.091 [info] Extensions: No changes found during synchronizing extensions.
2025-03-12 21:14:49.092 [info] Profiles: No changes found during synchronizing profiles.
2025-03-12 21:14:49.093 [info] Sync done. Took 438ms
2025-03-12 21:15:27.605 [info] [AutoSync] Triggered by Activity
2025-03-12 21:15:27.605 [info] Sync started.
2025-03-12 21:15:27.758 [info] Settings: No changes found during synchronizing settings.
2025-03-12 21:15:27.761 [info] Keybindings: No changes found during synchronizing keybindings.
2025-03-12 21:15:27.763 [info] Snippets: No changes found during synchronizing snippets.
2025-03-12 21:15:27.764 [info] Tasks: No changes found during synchronizing tasks.
2025-03-12 21:15:27.765 [info] GlobalState: No changes found during synchronizing ui state.
2025-03-12 21:15:27.784 [info] Extensions: No changes found during synchronizing extensions.
2025-03-12 21:15:27.785 [info] Profiles: No changes found during synchronizing profiles.
2025-03-12 21:15:27.786 [info] Sync done. Took 181ms
2025-03-12 21:16:00.318 [info] [AutoSync] Triggered by Activity
2025-03-12 21:16:00.318 [info] Sync started.
2025-03-12 21:16:00.450 [info] Settings: No changes found during synchronizing settings.
2025-03-12 21:16:00.453 [info] Keybindings: No changes found during synchronizing keybindings.
2025-03-12 21:16:00.456 [info] Snippets: No changes found during synchronizing snippets.
2025-03-12 21:16:00.459 [info] Tasks: No changes found during synchronizing tasks.
2025-03-12 21:16:00.463 [info] GlobalState: No changes found during synchronizing ui state.
2025-03-12 21:16:00.486 [info] Extensions: No changes found during synchronizing extensions.
2025-03-12 21:16:00.489 [info] Profiles: No changes found during synchronizing profiles.
2025-03-12 21:16:00.489 [info] Sync done. Took 172ms
2025-03-12 21:17:47.314 [info] [AutoSync] Triggered by Activity
2025-03-12 21:17:47.314 [info] Sync started.
2025-03-12 21:17:47.536 [info] Settings: No changes found during synchronizing settings.
2025-03-12 21:17:47.537 [info] Keybindings: No changes found during synchronizing keybindings.
2025-03-12 21:17:47.539 [info] Snippets: No changes found during synchronizing snippets.
2025-03-12 21:17:47.539 [info] Tasks: No changes found during synchronizing tasks.
2025-03-12 21:17:47.540 [info] GlobalState: No changes found during synchronizing ui state.
2025-03-12 21:17:47.557 [info] Extensions: No changes found during synchronizing extensions.
2025-03-12 21:17:47.558 [info] Profiles: No changes found during synchronizing profiles.
2025-03-12 21:17:47.558 [info] Sync done. Took 245ms
2025-03-12 21:18:33.820 [info] [AutoSync] Triggered by Activity
2025-03-12 21:18:33.820 [info] Sync started.
2025-03-12 21:18:34.026 [info] Settings: No changes found during synchronizing settings.
2025-03-12 21:18:34.028 [info] Keybindings: No changes found during synchronizing keybindings.
2025-03-12 21:18:34.029 [info] Snippets: No changes found during synchronizing snippets.
2025-03-12 21:18:34.030 [info] Tasks: No changes found during synchronizing tasks.
2025-03-12 21:18:34.032 [info] GlobalState: No changes found during synchronizing ui state.
2025-03-12 21:18:34.045 [info] Extensions: No changes found during synchronizing extensions.
2025-03-12 21:18:34.046 [info] Profiles: No changes found during synchronizing profiles.
2025-03-12 21:18:34.046 [info] Sync done. Took 227ms
2025-03-12 21:20:17.041 [info] [AutoSync] Triggered by Activity
2025-03-12 21:20:17.041 [info] Sync started.
2025-03-12 21:20:17.151 [info] Settings: No changes found during synchronizing settings.
2025-03-12 21:20:17.153 [info] Keybindings: No changes found during synchronizing keybindings.
2025-03-12 21:20:17.154 [info] Snippets: No changes found during synchronizing snippets.
2025-03-12 21:20:17.156 [info] Tasks: No changes found during synchronizing tasks.
2025-03-12 21:20:17.158 [info] GlobalState: No changes found during synchronizing ui state.
2025-03-12 21:20:17.175 [info] Extensions: No changes found during synchronizing extensions.
2025-03-12 21:20:17.176 [info] Profiles: No changes found during synchronizing profiles.
2025-03-12 21:20:17.176 [info] Sync done. Took 136ms
2025-03-12 21:20:29.347 [info] [AutoSync] Triggered by Activity
2025-03-12 21:20:29.347 [info] Sync started.
2025-03-12 21:20:29.544 [info] Settings: No changes found during synchronizing settings.
2025-03-12 21:20:29.546 [info] Keybindings: No changes found during synchronizing keybindings.
2025-03-12 21:20:29.548 [info] Snippets: No changes found during synchronizing snippets.
2025-03-12 21:20:29.550 [info] Tasks: No changes found during synchronizing tasks.
2025-03-12 21:20:29.551 [info] GlobalState: No changes found during synchronizing ui state.
2025-03-12 21:20:29.572 [info] Extensions: No changes found during synchronizing extensions.
2025-03-12 21:20:29.573 [info] Profiles: No changes found during synchronizing profiles.
2025-03-12 21:20:29.574 [info] Sync done. Took 228ms
2025-03-12 21:21:30.232 [info] [AutoSync] Triggered by Activity
2025-03-12 21:21:30.233 [info] Sync started.
2025-03-12 21:21:30.351 [info] Settings: No changes found during synchronizing settings.
2025-03-12 21:21:30.355 [info] Keybindings: No changes found during synchronizing keybindings.
2025-03-12 21:21:30.358 [info] Snippets: No changes found during synchronizing snippets.
2025-03-12 21:21:30.362 [info] Tasks: No changes found during synchronizing tasks.
2025-03-12 21:21:30.367 [info] GlobalState: No changes found during synchronizing ui state.
2025-03-12 21:21:30.411 [info] Extensions: No changes found during synchronizing extensions.
2025-03-12 21:21:30.413 [info] Profiles: No changes found during synchronizing profiles.
2025-03-12 21:21:30.415 [info] Sync done. Took 184ms
2025-03-12 21:21:44.430 [info] [AutoSync] Triggered by Activity
2025-03-12 21:21:44.430 [info] Sync started.
2025-03-12 21:21:44.605 [info] Settings: No changes found during synchronizing settings.
2025-03-12 21:21:44.610 [info] Keybindings: No changes found during synchronizing keybindings.
2025-03-12 21:21:44.613 [info] Snippets: No changes found during synchronizing snippets.
2025-03-12 21:21:44.615 [info] Tasks: No changes found during synchronizing tasks.
2025-03-12 21:21:44.618 [info] GlobalState: No changes found during synchronizing ui state.
2025-03-12 21:21:44.644 [info] Extensions: No changes found during synchronizing extensions.
2025-03-12 21:21:44.647 [info] Profiles: No changes found during synchronizing profiles.
2025-03-12 21:21:44.647 [info] Sync done. Took 218ms
2025-03-12 21:21:58.617 [info] [AutoSync] Triggered by Activity
2025-03-12 21:21:58.617 [info] Sync started.
2025-03-12 21:21:58.814 [info] Settings: No changes found during synchronizing settings.
2025-03-12 21:21:58.815 [info] Keybindings: No changes found during synchronizing keybindings.
2025-03-12 21:21:58.817 [info] Snippets: No changes found during synchronizing snippets.
2025-03-12 21:21:58.818 [info] Tasks: No changes found during synchronizing tasks.
2025-03-12 21:21:58.820 [info] GlobalState: No changes found during synchronizing ui state.
2025-03-12 21:21:58.834 [info] Extensions: No changes found during synchronizing extensions.
2025-03-12 21:21:58.835 [info] Profiles: No changes found during synchronizing profiles.
2025-03-12 21:21:58.836 [info] Sync done. Took 221ms
2025-03-12 21:22:10.089 [info] [AutoSync] Triggered by Activity
2025-03-12 21:22:10.089 [info] Sync started.
2025-03-12 21:22:10.299 [info] Settings: No changes found during synchronizing settings.
2025-03-12 21:22:10.302 [info] Keybindings: No changes found during synchronizing keybindings.
2025-03-12 21:22:10.305 [info] Snippets: No changes found during synchronizing snippets.
2025-03-12 21:22:10.307 [info] Tasks: No changes found during synchronizing tasks.
2025-03-12 21:22:10.308 [info] GlobalState: No changes found during synchronizing ui state.
2025-03-12 21:22:10.322 [info] Extensions: No changes found during synchronizing extensions.
2025-03-12 21:22:10.322 [info] Profiles: No changes found during synchronizing profiles.
2025-03-12 21:22:10.323 [info] Sync done. Took 235ms
2025-03-12 21:22:20.279 [info] [AutoSync] Triggered by Activity
2025-03-12 21:22:20.280 [info] Sync started.
2025-03-12 21:22:20.437 [info] Settings: No changes found during synchronizing settings.
2025-03-12 21:22:20.442 [info] Keybindings: No changes found during synchronizing keybindings.
2025-03-12 21:22:20.448 [info] Snippets: No changes found during synchronizing snippets.
2025-03-12 21:22:20.453 [info] Tasks: No changes found during synchronizing tasks.
2025-03-12 21:22:20.459 [info] GlobalState: No changes found during synchronizing ui state.
2025-03-12 21:22:20.496 [info] Extensions: No changes found during synchronizing extensions.
2025-03-12 21:22:20.498 [info] Profiles: No changes found during synchronizing profiles.
2025-03-12 21:22:20.499 [info] Sync done. Took 221ms
2025-03-12 21:22:31.554 [info] [AutoSync] Triggered by Activity
2025-03-12 21:22:31.555 [info] Sync started.
2025-03-12 21:22:31.669 [info] Settings: No changes found during synchronizing settings.
2025-03-12 21:22:31.674 [info] Keybindings: No changes found during synchronizing keybindings.
2025-03-12 21:22:31.677 [info] Snippets: No changes found during synchronizing snippets.
2025-03-12 21:22:31.681 [info] Tasks: No changes found during synchronizing tasks.
2025-03-12 21:22:31.686 [info] GlobalState: No changes found during synchronizing ui state.
2025-03-12 21:22:31.711 [info] Extensions: No changes found during synchronizing extensions.
2025-03-12 21:22:31.712 [info] Profiles: No changes found during synchronizing profiles.
2025-03-12 21:22:31.714 [info] Sync done. Took 161ms
2025-03-12 21:22:43.958 [info] [AutoSync] Triggered by Activity
2025-03-12 21:22:43.959 [info] Sync started.
2025-03-12 21:22:44.092 [info] Settings: No changes found during synchronizing settings.
2025-03-12 21:22:44.096 [info] Keybindings: No changes found during synchronizing keybindings.
2025-03-12 21:22:44.101 [info] Snippets: No changes found during synchronizing snippets.
2025-03-12 21:22:44.105 [info] Tasks: No changes found during synchronizing tasks.
2025-03-12 21:22:44.110 [info] GlobalState: No changes found during synchronizing ui state.
2025-03-12 21:22:44.133 [info] Extensions: No changes found during synchronizing extensions.
2025-03-12 21:22:44.134 [info] Profiles: No changes found during synchronizing profiles.
2025-03-12 21:22:44.135 [info] Sync done. Took 179ms
2025-03-12 21:22:54.461 [info] [AutoSync] Triggered by Activity
2025-03-12 21:22:54.462 [info] Sync started.
2025-03-12 21:22:54.638 [info] Settings: No changes found during synchronizing settings.
2025-03-12 21:22:54.641 [info] Keybindings: No changes found during synchronizing keybindings.
2025-03-12 21:22:54.643 [info] Snippets: No changes found during synchronizing snippets.
2025-03-12 21:22:54.645 [info] Tasks: No changes found during synchronizing tasks.
2025-03-12 21:22:54.648 [info] GlobalState: No changes found during synchronizing ui state.
2025-03-12 21:22:54.668 [info] Extensions: No changes found during synchronizing extensions.
2025-03-12 21:22:54.671 [info] Profiles: No changes found during synchronizing profiles.
2025-03-12 21:22:54.672 [info] Sync done. Took 212ms
2025-03-12 21:23:10.452 [info] [AutoSync] Triggered by Activity
2025-03-12 21:23:10.453 [info] Sync started.
2025-03-12 21:23:10.612 [info] Settings: No changes found during synchronizing settings.
2025-03-12 21:23:10.618 [info] Keybindings: No changes found during synchronizing keybindings.
2025-03-12 21:23:10.622 [info] Snippets: No changes found during synchronizing snippets.
2025-03-12 21:23:10.625 [info] Tasks: No changes found during synchronizing tasks.
2025-03-12 21:23:10.629 [info] GlobalState: No changes found during synchronizing ui state.
2025-03-12 21:23:10.656 [info] Extensions: No changes found during synchronizing extensions.
2025-03-12 21:23:10.657 [info] Profiles: No changes found during synchronizing profiles.
2025-03-12 21:23:10.658 [info] Sync done. Took 207ms
2025-03-12 21:23:33.785 [info] [AutoSync] Triggered by Activity
2025-03-12 21:23:33.785 [info] Sync started.
2025-03-12 21:23:33.924 [info] Settings: No changes found during synchronizing settings.
2025-03-12 21:23:33.926 [info] Keybindings: No changes found during synchronizing keybindings.
2025-03-12 21:23:33.928 [info] Snippets: No changes found during synchronizing snippets.
2025-03-12 21:23:33.929 [info] Tasks: No changes found during synchronizing tasks.
2025-03-12 21:23:33.931 [info] GlobalState: No changes found during synchronizing ui state.
2025-03-12 21:23:33.947 [info] Extensions: No changes found during synchronizing extensions.
2025-03-12 21:23:33.948 [info] Profiles: No changes found during synchronizing profiles.
2025-03-12 21:23:33.948 [info] Sync done. Took 165ms
2025-03-12 21:23:45.629 [info] [AutoSync] Triggered by Activity
2025-03-12 21:23:45.630 [info] Sync started.
2025-03-12 21:23:45.779 [info] Settings: No changes found during synchronizing settings.
2025-03-12 21:23:45.783 [info] Keybindings: No changes found during synchronizing keybindings.
2025-03-12 21:23:45.787 [info] Snippets: No changes found during synchronizing snippets.
2025-03-12 21:23:45.790 [info] Tasks: No changes found during synchronizing tasks.
2025-03-12 21:23:45.795 [info] GlobalState: No changes found during synchronizing ui state.
2025-03-12 21:23:45.812 [info] Extensions: No changes found during synchronizing extensions.
2025-03-12 21:23:45.813 [info] Profiles: No changes found during synchronizing profiles.
2025-03-12 21:23:45.813 [info] Sync done. Took 186ms
2025-03-12 21:23:56.326 [info] [AutoSync] Triggered by Activity
2025-03-12 21:23:56.326 [info] Sync started.
2025-03-12 21:23:56.497 [info] Settings: No changes found during synchronizing settings.
2025-03-12 21:23:56.501 [info] Keybindings: No changes found during synchronizing keybindings.
2025-03-12 21:23:56.504 [info] Snippets: No changes found during synchronizing snippets.
2025-03-12 21:23:56.507 [info] Tasks: No changes found during synchronizing tasks.
2025-03-12 21:23:56.511 [info] GlobalState: No changes found during synchronizing ui state.
2025-03-12 21:23:56.539 [info] Extensions: No changes found during synchronizing extensions.
2025-03-12 21:23:56.540 [info] Profiles: No changes found during synchronizing profiles.
2025-03-12 21:23:56.541 [info] Sync done. Took 217ms
2025-03-12 21:24:12.393 [info] [AutoSync] Triggered by Activity
2025-03-12 21:24:12.393 [info] Sync started.
2025-03-12 21:24:13.175 [info] Settings: Updated remote settings
2025-03-12 21:24:13.180 [info] Settings: Updated last synchronized settings
2025-03-12 21:24:13.185 [info] Keybindings: No changes found during synchronizing keybindings.
2025-03-12 21:24:13.190 [info] Snippets: No changes found during synchronizing snippets.
2025-03-12 21:24:13.194 [info] Tasks: No changes found during synchronizing tasks.
2025-03-12 21:24:13.198 [info] GlobalState: No changes found during synchronizing ui state.
2025-03-12 21:24:13.226 [info] Extensions: No changes found during synchronizing extensions.
2025-03-12 21:24:13.226 [info] Profiles: No changes found during synchronizing profiles.
2025-03-12 21:24:13.226 [info] Sync done. Took 834ms
2025-03-12 21:24:15.492 [info] [AutoSync] Triggered by Activity
2025-03-12 21:24:15.492 [info] Sync started.
2025-03-12 21:24:15.611 [info] Settings: No changes found during synchronizing settings.
2025-03-12 21:24:15.613 [info] Keybindings: No changes found during synchronizing keybindings.
2025-03-12 21:24:15.615 [info] Snippets: No changes found during synchronizing snippets.
2025-03-12 21:24:15.616 [info] Tasks: No changes found during synchronizing tasks.
2025-03-12 21:24:15.617 [info] GlobalState: No changes found during synchronizing ui state.
2025-03-12 21:24:15.630 [info] Extensions: No changes found during synchronizing extensions.
2025-03-12 21:24:15.631 [info] Profiles: No changes found during synchronizing profiles.
2025-03-12 21:24:15.632 [info] Sync done. Took 142ms
2025-03-12 21:24:36.070 [info] [AutoSync] Triggered by Activity
2025-03-12 21:24:36.070 [info] Sync started.
2025-03-12 21:24:36.182 [info] Settings: No changes found during synchronizing settings.
2025-03-12 21:24:36.184 [info] Keybindings: No changes found during synchronizing keybindings.
2025-03-12 21:24:36.186 [info] Snippets: No changes found during synchronizing snippets.
2025-03-12 21:24:36.188 [info] Tasks: No changes found during synchronizing tasks.
2025-03-12 21:24:36.189 [info] GlobalState: No changes found during synchronizing ui state.
2025-03-12 21:24:36.201 [info] Extensions: No changes found during synchronizing extensions.
2025-03-12 21:24:36.201 [info] Profiles: No changes found during synchronizing profiles.
2025-03-12 21:24:36.202 [info] Sync done. Took 132ms
2025-03-12 21:24:48.686 [info] [AutoSync] Triggered by Activity
2025-03-12 21:24:48.686 [info] Sync started.
2025-03-12 21:24:48.922 [info] Settings: No changes found during synchronizing settings.
2025-03-12 21:24:48.926 [info] Keybindings: No changes found during synchronizing keybindings.
2025-03-12 21:24:48.929 [info] Snippets: No changes found during synchronizing snippets.
2025-03-12 21:24:48.932 [info] Tasks: No changes found during synchronizing tasks.
2025-03-12 21:24:48.936 [info] GlobalState: No changes found during synchronizing ui state.
2025-03-12 21:24:48.968 [info] Extensions: No changes found during synchronizing extensions.
2025-03-12 21:24:48.970 [info] Profiles: No changes found during synchronizing profiles.
2025-03-12 21:24:48.970 [info] Sync done. Took 286ms
2025-03-12 21:25:20.607 [info] [AutoSync] Triggered by Activity
2025-03-12 21:25:20.607 [info] Sync started.
2025-03-12 21:25:20.764 [info] Settings: No changes found during synchronizing settings.
2025-03-12 21:25:20.768 [info] Keybindings: No changes found during synchronizing keybindings.
2025-03-12 21:25:20.772 [info] Snippets: No changes found during synchronizing snippets.
2025-03-12 21:25:20.774 [info] Tasks: No changes found during synchronizing tasks.
2025-03-12 21:25:20.778 [info] GlobalState: No changes found during synchronizing ui state.
2025-03-12 21:25:20.797 [info] Extensions: No changes found during synchronizing extensions.
2025-03-12 21:25:20.798 [info] Profiles: No changes found during synchronizing profiles.
2025-03-12 21:25:20.798 [info] Sync done. Took 193ms
2025-03-12 21:26:49.385 [info] [AutoSync] Triggered by Activity
2025-03-12 21:26:49.385 [info] Sync started.
2025-03-12 21:26:49.496 [info] Settings: No changes found during synchronizing settings.
2025-03-12 21:26:49.496 [info] Keybindings: No changes found during synchronizing keybindings.
2025-03-12 21:26:49.497 [info] Snippets: No changes found during synchronizing snippets.
2025-03-12 21:26:49.498 [info] Tasks: No changes found during synchronizing tasks.
2025-03-12 21:26:49.499 [info] GlobalState: No changes found during synchronizing ui state.
2025-03-12 21:26:49.511 [info] Extensions: No changes found during synchronizing extensions.
2025-03-12 21:26:49.512 [info] Profiles: No changes found during synchronizing profiles.
2025-03-12 21:26:49.513 [info] Sync done. Took 129ms
