2025-03-11 17:06:38.450 [info] [main] Log level: Info
2025-03-11 17:06:38.450 [info] [main] Validating found git in: "git"
2025-03-11 17:06:38.450 [info] [main] Using git "2.48.1" from "git"
2025-03-11 17:06:38.450 [info] [Model][doInitialScan] Initial repository scan started
2025-03-11 17:06:38.450 [info] > git rev-parse --show-toplevel [5ms]
2025-03-11 17:06:38.450 [info] fatal: not a git repository (or any of the parent directories): .git
2025-03-11 17:06:38.450 [info] > git rev-parse --show-toplevel [227ms]
2025-03-11 17:06:38.450 [info] fatal: not a git repository (or any of the parent directories): .git
2025-03-11 17:06:38.454 [info] > git rev-parse --show-toplevel [78ms]
2025-03-11 17:06:38.454 [info] fatal: not a git repository (or any of the parent directories): .git
2025-03-11 17:06:38.489 [info] > git rev-parse --show-toplevel [4ms]
2025-03-11 17:06:38.489 [info] fatal: not a git repository (or any of the parent directories): .git
2025-03-11 17:06:38.512 [info] > git rev-parse --show-toplevel [16ms]
2025-03-11 17:06:38.512 [info] fatal: not a git repository (or any of the parent directories): .git
2025-03-11 17:06:38.537 [info] > git rev-parse --show-toplevel [1ms]
2025-03-11 17:06:38.537 [info] fatal: not a git repository (or any of the parent directories): .git
2025-03-11 17:06:39.205 [info] > git rev-parse --show-toplevel [15ms]
2025-03-11 17:06:39.205 [info] fatal: not a git repository (or any of the parent directories): .git
2025-03-11 17:06:39.214 [info] > git rev-parse --show-toplevel [1ms]
2025-03-11 17:06:39.214 [info] fatal: not a git repository (or any of the parent directories): .git
2025-03-11 17:06:39.221 [info] > git rev-parse --show-toplevel [1ms]
2025-03-11 17:06:39.221 [info] fatal: not a git repository (or any of the parent directories): .git
2025-03-11 17:06:39.228 [info] > git rev-parse --show-toplevel [1ms]
2025-03-11 17:06:39.228 [info] fatal: not a git repository (or any of the parent directories): .git
2025-03-11 17:06:39.237 [info] > git rev-parse --show-toplevel [1ms]
2025-03-11 17:06:39.237 [info] fatal: not a git repository (or any of the parent directories): .git
2025-03-11 17:06:39.245 [info] > git rev-parse --show-toplevel [1ms]
2025-03-11 17:06:39.245 [info] fatal: not a git repository (or any of the parent directories): .git
2025-03-11 17:06:39.252 [info] > git rev-parse --show-toplevel [0ms]
2025-03-11 17:06:39.252 [info] fatal: not a git repository (or any of the parent directories): .git
2025-03-11 17:06:39.265 [info] > git rev-parse --show-toplevel [5ms]
2025-03-11 17:06:39.265 [info] fatal: not a git repository (or any of the parent directories): .git
2025-03-11 17:06:39.276 [info] > git rev-parse --show-toplevel [1ms]
2025-03-11 17:06:39.276 [info] fatal: not a git repository (or any of the parent directories): .git
2025-03-11 17:06:39.302 [info] > git rev-parse --show-toplevel [14ms]
2025-03-11 17:06:39.302 [info] fatal: not a git repository (or any of the parent directories): .git
2025-03-11 17:06:39.318 [info] > git rev-parse --show-toplevel [4ms]
2025-03-11 17:06:39.318 [info] fatal: not a git repository (or any of the parent directories): .git
2025-03-11 17:06:39.327 [info] > git rev-parse --show-toplevel [1ms]
2025-03-11 17:06:39.327 [info] fatal: not a git repository (or any of the parent directories): .git
2025-03-11 17:06:39.337 [info] > git rev-parse --show-toplevel [3ms]
2025-03-11 17:06:39.337 [info] fatal: not a git repository (or any of the parent directories): .git
2025-03-11 17:06:39.347 [info] > git rev-parse --show-toplevel [1ms]
2025-03-11 17:06:39.347 [info] fatal: not a git repository (or any of the parent directories): .git
2025-03-11 17:06:39.355 [info] > git rev-parse --show-toplevel [1ms]
2025-03-11 17:06:39.355 [info] fatal: not a git repository (or any of the parent directories): .git
2025-03-11 17:06:39.362 [info] > git rev-parse --show-toplevel [1ms]
2025-03-11 17:06:39.362 [info] fatal: not a git repository (or any of the parent directories): .git
2025-03-11 17:06:39.372 [info] > git rev-parse --show-toplevel [0ms]
2025-03-11 17:06:39.372 [info] fatal: not a git repository (or any of the parent directories): .git
2025-03-11 17:06:39.379 [info] > git rev-parse --show-toplevel [1ms]
2025-03-11 17:06:39.379 [info] fatal: not a git repository (or any of the parent directories): .git
2025-03-11 17:06:39.386 [info] > git rev-parse --show-toplevel [1ms]
2025-03-11 17:06:39.386 [info] fatal: not a git repository (or any of the parent directories): .git
2025-03-11 17:06:39.393 [info] > git rev-parse --show-toplevel [0ms]
2025-03-11 17:06:39.393 [info] fatal: not a git repository (or any of the parent directories): .git
2025-03-11 17:06:39.402 [info] > git rev-parse --show-toplevel [1ms]
2025-03-11 17:06:39.402 [info] fatal: not a git repository (or any of the parent directories): .git
2025-03-11 17:06:39.409 [info] > git rev-parse --show-toplevel [0ms]
2025-03-11 17:06:39.409 [info] fatal: not a git repository (or any of the parent directories): .git
2025-03-11 17:06:39.417 [info] > git rev-parse --show-toplevel [1ms]
2025-03-11 17:06:39.417 [info] fatal: not a git repository (or any of the parent directories): .git
2025-03-11 17:06:39.425 [info] > git rev-parse --show-toplevel [1ms]
2025-03-11 17:06:39.425 [info] fatal: not a git repository (or any of the parent directories): .git
2025-03-11 17:06:39.435 [info] > git rev-parse --show-toplevel [3ms]
2025-03-11 17:06:39.435 [info] fatal: not a git repository (or any of the parent directories): .git
2025-03-11 17:06:39.442 [info] > git rev-parse --show-toplevel [1ms]
2025-03-11 17:06:39.442 [info] fatal: not a git repository (or any of the parent directories): .git
2025-03-11 17:06:39.450 [info] > git rev-parse --show-toplevel [1ms]
2025-03-11 17:06:39.450 [info] fatal: not a git repository (or any of the parent directories): .git
2025-03-11 17:06:39.459 [info] > git rev-parse --show-toplevel [1ms]
2025-03-11 17:06:39.459 [info] fatal: not a git repository (or any of the parent directories): .git
2025-03-11 17:06:39.466 [info] > git rev-parse --show-toplevel [0ms]
2025-03-11 17:06:39.466 [info] fatal: not a git repository (or any of the parent directories): .git
2025-03-11 17:06:39.473 [info] > git rev-parse --show-toplevel [1ms]
2025-03-11 17:06:39.473 [info] fatal: not a git repository (or any of the parent directories): .git
2025-03-11 17:06:39.481 [info] > git rev-parse --show-toplevel [1ms]
2025-03-11 17:06:39.481 [info] fatal: not a git repository (or any of the parent directories): .git
2025-03-11 17:06:39.488 [info] > git rev-parse --show-toplevel [0ms]
2025-03-11 17:06:39.488 [info] fatal: not a git repository (or any of the parent directories): .git
2025-03-11 17:06:39.500 [info] > git rev-parse --show-toplevel [1ms]
2025-03-11 17:06:39.500 [info] fatal: not a git repository (or any of the parent directories): .git
2025-03-11 17:06:39.502 [info] [Model][doInitialScan] Initial repository scan completed - repositories (0), closed repositories (0), parent repositories (0), unsafe repositories (0)
2025-03-11 17:06:39.511 [info] > git rev-parse --show-toplevel [1ms]
2025-03-11 17:06:39.511 [info] fatal: not a git repository (or any of the parent directories): .git
2025-03-11 17:06:39.518 [info] > git rev-parse --show-toplevel [1ms]
2025-03-11 17:06:39.518 [info] fatal: not a git repository (or any of the parent directories): .git
2025-03-11 17:06:41.029 [info] > git rev-parse --show-toplevel [2ms]
2025-03-11 17:06:41.029 [info] fatal: not a git repository (or any of the parent directories): .git
2025-03-11 17:06:42.664 [info] > git rev-parse --show-toplevel [1ms]
2025-03-11 17:06:42.664 [info] fatal: not a git repository (or any of the parent directories): .git
2025-03-11 17:06:50.346 [info] > git rev-parse --show-toplevel [1ms]
2025-03-11 17:06:50.346 [info] fatal: not a git repository (or any of the parent directories): .git
