2025-03-10 10:03:43.920 [info] [AutoSync] Using settings sync service https://vscode-sync.trafficmanager.net/
2025-03-10 10:03:43.920 [info] [AutoSync] Enabled.
2025-03-10 10:03:43.920 [info] [AutoSync] Suspended until auth token is available.
2025-03-10 10:03:44.213 [info] [AutoSync] Triggered by Interval
2025-03-10 10:03:44.213 [info] Sync started.
2025-03-10 10:03:45.134 [info] Settings: No changes found during synchronizing settings.
2025-03-10 10:03:45.138 [info] Keybindings: No changes found during synchronizing keybindings.
2025-03-10 10:03:45.140 [info] Snippets: No changes found during synchronizing snippets.
2025-03-10 10:03:45.142 [info] Tasks: No changes found during synchronizing tasks.
2025-03-10 10:03:46.308 [info] GlobalState: Updated remote ui state. Updated: cpp.1.lastSessionDate,cpp.1.sessionCount,java.2.lastSessionDate,java.2.sessionCount,javascript.1.lastSessionDate,javascript.1.sessionCount,typescript.1.lastSessionDate,typescript.1.sessionCount,csharp.1.lastSessionDate,csharp.1.sessionCount.
2025-03-10 10:03:46.310 [info] GlobalState: Updated last synchronized ui state
2025-03-10 10:03:46.336 [info] Extensions: No changes found during synchronizing extensions.
2025-03-10 10:03:46.340 [info] Profiles: No changes found during synchronizing profiles.
2025-03-10 10:03:46.341 [info] Sync done. Took 2129ms
2025-03-10 10:03:54.532 [info] [AutoSync] Triggered by Activity
2025-03-10 10:03:54.532 [info] Sync started.
2025-03-10 10:03:54.651 [info] Settings: No changes found during synchronizing settings.
2025-03-10 10:03:54.655 [info] Keybindings: No changes found during synchronizing keybindings.
2025-03-10 10:03:54.657 [info] Snippets: No changes found during synchronizing snippets.
2025-03-10 10:03:54.661 [info] Tasks: No changes found during synchronizing tasks.
2025-03-10 10:03:55.614 [info] GlobalState: Updated remote ui state. Updated: colorThemeData.
2025-03-10 10:03:55.618 [info] GlobalState: Updated last synchronized ui state
2025-03-10 10:03:55.638 [info] Extensions: No changes found during synchronizing extensions.
2025-03-10 10:03:55.639 [info] Profiles: No changes found during synchronizing profiles.
2025-03-10 10:03:55.640 [info] Sync done. Took 1109ms
