2025-03-06 23:57:11.008 [info] Reading sessions from keychain...
2025-03-06 23:57:11.008 [info] Getting sessions for all scopes...
2025-03-06 23:57:11.008 [info] Getting sessions for all scopes...
2025-03-06 23:57:11.008 [info] Got stored sessions!
2025-03-06 23:57:11.008 [info] Got 1 verified sessions.
2025-03-06 23:57:11.008 [info] Got 1 sessions for ...
2025-03-06 23:57:11.008 [info] Got 1 sessions for ...
2025-03-06 23:57:11.008 [info] Getting sessions for all scopes...
2025-03-06 23:57:11.008 [info] Got 1 sessions for ...
2025-03-06 23:57:11.008 [info] Getting sessions for all scopes...
2025-03-06 23:57:11.008 [info] Got 1 sessions for ...
2025-03-06 23:57:11.008 [info] Getting sessions for all scopes...
2025-03-06 23:57:11.008 [info] Got 1 sessions for ...
2025-03-06 23:57:11.008 [info] Getting sessions for all scopes...
2025-03-06 23:57:11.008 [info] Got 1 sessions for ...
2025-03-06 23:57:11.008 [info] Getting sessions for all scopes...
2025-03-06 23:57:11.008 [info] Got 1 sessions for ...
2025-03-06 23:57:11.008 [info] Getting sessions for all scopes...
2025-03-06 23:57:11.008 [info] Got 1 sessions for ...
2025-03-06 23:57:11.087 [info] Getting sessions for user:email...
2025-03-06 23:57:11.087 [info] Got 1 sessions for user:email...
2025-03-06 23:57:12.514 [info] Getting sessions for read:user,repo,user:email,workflow...
2025-03-06 23:57:12.514 [info] Got 0 sessions for read:user,repo,user:email,workflow...
2025-03-06 23:57:12.514 [info] Getting sessions for all scopes...
2025-03-06 23:57:12.514 [info] Got 1 sessions for ...
2025-03-06 23:57:12.514 [info] Getting sessions for all scopes...
2025-03-06 23:57:12.514 [info] Got 1 sessions for ...
2025-03-06 23:57:12.622 [info] Getting sessions for read:user...
2025-03-06 23:57:12.622 [info] Got 0 sessions for read:user...
2025-03-06 23:57:12.622 [info] Getting sessions for read:user,repo,user:email,workflow...
2025-03-06 23:57:12.622 [info] Got 0 sessions for read:user,repo,user:email,workflow...
2025-03-06 23:57:12.644 [info] Getting sessions for user:email...
2025-03-06 23:57:12.644 [info] Got 1 sessions for user:email...
2025-03-06 23:57:12.644 [info] Getting sessions for user:email...
2025-03-06 23:57:12.644 [info] Got 1 sessions for user:email...
2025-03-06 23:57:12.650 [info] Getting sessions for all scopes...
2025-03-06 23:57:12.650 [info] Got 1 sessions for ...
2025-03-06 23:57:12.651 [info] Getting sessions for read:user,repo,user:email,workflow...
2025-03-06 23:57:12.651 [info] Got 0 sessions for read:user,repo,user:email,workflow...
2025-03-06 23:57:13.485 [info] Getting sessions for all scopes...
2025-03-06 23:57:13.485 [info] Got 1 sessions for ...
2025-03-06 23:57:13.582 [info] Getting sessions for user:email...
2025-03-06 23:57:13.582 [info] Got 1 sessions for user:email...
2025-03-06 23:57:13.599 [info] Getting sessions for all scopes...
2025-03-06 23:57:13.599 [info] Got 1 sessions for ...
2025-03-06 23:57:13.600 [info] Getting sessions for read:user,repo,user:email,workflow...
2025-03-06 23:57:13.600 [info] Got 0 sessions for read:user,repo,user:email,workflow...
2025-03-06 23:57:13.600 [info] Getting sessions for user:email...
2025-03-06 23:57:13.600 [info] Got 1 sessions for user:email...
2025-03-06 23:57:13.704 [info] Getting sessions for all scopes...
2025-03-06 23:57:13.704 [info] Got 1 sessions for ...
2025-03-06 23:57:13.704 [info] Getting sessions for read:user,repo,user:email,workflow...
2025-03-06 23:57:13.704 [info] Got 0 sessions for read:user,repo,user:email,workflow...
2025-03-06 23:57:13.704 [info] Getting sessions for user:email...
2025-03-06 23:57:13.704 [info] Got 1 sessions for user:email...
2025-03-06 23:57:14.449 [info] Getting sessions for all scopes...
2025-03-06 23:57:14.450 [info] Got 1 sessions for ...
2025-03-06 23:57:14.450 [info] Getting sessions for all scopes...
2025-03-06 23:57:14.450 [info] Got 1 sessions for ...
2025-03-06 23:57:14.459 [info] Getting sessions for read:user,repo,user:email,workflow...
2025-03-06 23:57:14.459 [info] Got 0 sessions for read:user,repo,user:email,workflow...
2025-03-06 23:57:14.460 [info] Getting sessions for user:email...
2025-03-06 23:57:14.460 [info] Got 1 sessions for user:email...
2025-03-06 23:57:14.462 [info] Getting sessions for all scopes...
2025-03-06 23:57:14.462 [info] Got 1 sessions for ...
2025-03-06 23:57:14.463 [info] Getting sessions for read:user,repo,user:email,workflow...
2025-03-06 23:57:14.463 [info] Got 0 sessions for read:user,repo,user:email,workflow...
2025-03-06 23:57:14.467 [info] Getting sessions for user:email...
2025-03-06 23:57:14.467 [info] Got 1 sessions for user:email...
2025-03-06 23:57:14.874 [info] Getting sessions for all scopes...
2025-03-06 23:57:14.874 [info] Got 1 sessions for ...
2025-03-06 23:57:14.889 [info] Getting sessions for read:user,repo,user:email,workflow...
2025-03-06 23:57:14.889 [info] Got 0 sessions for read:user,repo,user:email,workflow...
2025-03-06 23:57:14.895 [info] Getting sessions for user:email...
2025-03-06 23:57:14.895 [info] Got 1 sessions for user:email...
2025-03-06 23:57:15.763 [info] Getting sessions for all scopes...
2025-03-06 23:57:15.763 [info] Got 1 sessions for ...
2025-03-06 23:57:15.763 [info] Getting sessions for read:user,repo,user:email,workflow...
2025-03-06 23:57:15.763 [info] Got 0 sessions for read:user,repo,user:email,workflow...
2025-03-06 23:57:15.764 [info] Getting sessions for user:email...
2025-03-06 23:57:15.764 [info] Got 1 sessions for user:email...
