2025-03-10 12:51:44.115 [info] Reading sessions from keychain...
2025-03-10 12:51:44.115 [info] Getting sessions for all scopes...
2025-03-10 12:51:44.115 [info] Getting sessions for all scopes...
2025-03-10 12:51:44.115 [info] Getting sessions for all scopes...
2025-03-10 12:51:44.115 [info] Got stored sessions!
2025-03-10 12:51:44.115 [info] Got 1 verified sessions.
2025-03-10 12:51:44.115 [info] Got 1 sessions for ...
2025-03-10 12:51:44.115 [info] Got 1 sessions for ...
2025-03-10 12:51:44.115 [info] Got 1 sessions for ...
2025-03-10 12:51:44.115 [info] Getting sessions for all scopes...
2025-03-10 12:51:44.115 [info] Got 1 sessions for ...
2025-03-10 12:51:44.115 [info] Getting sessions for all scopes...
2025-03-10 12:51:44.115 [info] Got 1 sessions for ...
2025-03-10 12:51:44.115 [info] Getting sessions for all scopes...
2025-03-10 12:51:44.115 [info] Got 1 sessions for ...
2025-03-10 12:51:44.115 [info] Getting sessions for all scopes...
2025-03-10 12:51:44.115 [info] Got 1 sessions for ...
2025-03-10 12:51:44.115 [info] Getting sessions for all scopes...
2025-03-10 12:51:44.115 [info] Got 1 sessions for ...
2025-03-10 12:51:44.181 [info] Getting sessions for user:email...
2025-03-10 12:51:44.181 [info] Got 1 sessions for user:email...
2025-03-10 12:51:44.784 [info] Getting sessions for read:user,repo,user:email,workflow...
2025-03-10 12:51:44.784 [info] Got 0 sessions for read:user,repo,user:email,workflow...
2025-03-10 12:51:44.786 [info] Getting sessions for read:user...
2025-03-10 12:51:44.786 [info] Got 0 sessions for read:user...
2025-03-10 12:51:44.787 [info] Getting sessions for user:email...
2025-03-10 12:51:44.787 [info] Got 1 sessions for user:email...
2025-03-10 12:51:46.064 [info] Getting sessions for all scopes...
2025-03-10 12:51:46.064 [info] Got 1 sessions for ...
2025-03-10 12:51:52.883 [info] Getting sessions for all scopes...
2025-03-10 12:51:52.883 [info] Got 1 sessions for ...
2025-03-10 12:51:52.883 [info] Getting sessions for all scopes...
2025-03-10 12:51:52.883 [info] Got 1 sessions for ...
2025-03-10 12:51:52.884 [info] Getting sessions for read:user,repo,user:email,workflow...
2025-03-10 12:51:52.884 [info] Got 0 sessions for read:user,repo,user:email,workflow...
2025-03-10 12:51:52.885 [info] Getting sessions for user:email...
2025-03-10 12:51:52.885 [info] Got 1 sessions for user:email...
2025-03-10 12:51:52.885 [info] Getting sessions for read:user,repo,user:email,workflow...
2025-03-10 12:51:52.885 [info] Got 0 sessions for read:user,repo,user:email,workflow...
2025-03-10 12:51:52.886 [info] Getting sessions for all scopes...
2025-03-10 12:51:52.886 [info] Got 1 sessions for ...
2025-03-10 12:51:52.887 [info] Getting sessions for read:user,repo,user:email,workflow...
2025-03-10 12:51:52.887 [info] Got 0 sessions for read:user,repo,user:email,workflow...
2025-03-10 12:51:52.887 [info] Getting sessions for user:email...
2025-03-10 12:51:52.887 [info] Got 1 sessions for user:email...
2025-03-10 12:51:52.888 [info] Getting sessions for all scopes...
2025-03-10 12:51:52.888 [info] Got 1 sessions for ...
2025-03-10 12:51:52.888 [info] Getting sessions for read:user,repo,user:email,workflow...
2025-03-10 12:51:52.888 [info] Got 0 sessions for read:user,repo,user:email,workflow...
2025-03-10 12:51:52.889 [info] Getting sessions for user:email...
2025-03-10 12:51:52.889 [info] Got 1 sessions for user:email...
2025-03-10 12:51:53.178 [info] Getting sessions for all scopes...
2025-03-10 12:51:53.178 [info] Got 1 sessions for ...
2025-03-10 12:51:53.179 [info] Getting sessions for read:user,repo,user:email,workflow...
2025-03-10 12:51:53.179 [info] Got 0 sessions for read:user,repo,user:email,workflow...
2025-03-10 12:51:53.180 [info] Getting sessions for user:email...
2025-03-10 12:51:53.180 [info] Got 1 sessions for user:email...
2025-03-10 12:51:53.670 [info] Getting sessions for all scopes...
2025-03-10 12:51:53.670 [info] Got 1 sessions for ...
2025-03-10 12:51:53.670 [info] Getting sessions for all scopes...
2025-03-10 12:51:53.670 [info] Got 1 sessions for ...
2025-03-10 12:51:53.677 [info] Getting sessions for read:user,repo,user:email,workflow...
2025-03-10 12:51:53.677 [info] Got 0 sessions for read:user,repo,user:email,workflow...
2025-03-10 12:51:53.678 [info] Getting sessions for user:email...
2025-03-10 12:51:53.678 [info] Got 1 sessions for user:email...
2025-03-10 12:51:53.678 [info] Getting sessions for read:user,repo,user:email,workflow...
2025-03-10 12:51:53.678 [info] Got 0 sessions for read:user,repo,user:email,workflow...
2025-03-10 12:51:53.680 [info] Getting sessions for all scopes...
2025-03-10 12:51:53.680 [info] Got 1 sessions for ...
2025-03-10 12:51:53.681 [info] Getting sessions for read:user,repo,user:email,workflow...
2025-03-10 12:51:53.681 [info] Got 0 sessions for read:user,repo,user:email,workflow...
2025-03-10 12:51:53.681 [info] Getting sessions for user:email...
2025-03-10 12:51:53.681 [info] Got 1 sessions for user:email...
2025-03-10 12:51:53.729 [info] Getting sessions for all scopes...
2025-03-10 12:51:53.729 [info] Got 1 sessions for ...
2025-03-10 12:51:53.729 [info] Getting sessions for all scopes...
2025-03-10 12:51:53.729 [info] Got 1 sessions for ...
2025-03-10 12:51:53.730 [info] Getting sessions for read:user,repo,user:email,workflow...
2025-03-10 12:51:53.730 [info] Got 0 sessions for read:user,repo,user:email,workflow...
2025-03-10 12:51:53.730 [info] Getting sessions for user:email...
2025-03-10 12:51:53.730 [info] Got 1 sessions for user:email...
2025-03-10 12:51:53.731 [info] Getting sessions for read:user,repo,user:email,workflow...
2025-03-10 12:51:53.731 [info] Got 0 sessions for read:user,repo,user:email,workflow...
2025-03-10 12:51:53.734 [info] Getting sessions for all scopes...
2025-03-10 12:51:53.734 [info] Got 1 sessions for ...
2025-03-10 12:51:53.734 [info] Getting sessions for read:user,repo,user:email,workflow...
2025-03-10 12:51:53.734 [info] Got 0 sessions for read:user,repo,user:email,workflow...
2025-03-10 12:51:53.735 [info] Getting sessions for user:email...
2025-03-10 12:51:53.735 [info] Got 1 sessions for user:email...
2025-03-10 12:51:54.721 [info] Reading sessions from keychain...
2025-03-10 12:51:54.721 [info] Getting sessions for all scopes...
2025-03-10 12:51:54.721 [info] Getting sessions for all scopes...
2025-03-10 12:51:54.721 [info] Getting sessions for all scopes...
2025-03-10 12:51:54.721 [info] Getting sessions for all scopes...
2025-03-10 12:51:54.721 [info] Getting sessions for all scopes...
2025-03-10 12:51:54.721 [info] Getting sessions for all scopes...
2025-03-10 12:51:54.721 [info] Getting sessions for all scopes...
2025-03-10 12:51:54.721 [info] Got stored sessions!
2025-03-10 12:51:54.721 [info] Got 1 verified sessions.
2025-03-10 12:51:54.721 [info] Got 1 sessions for ...
2025-03-10 12:51:54.721 [info] Got 1 sessions for ...
2025-03-10 12:51:54.721 [info] Got 1 sessions for ...
2025-03-10 12:51:54.721 [info] Got 1 sessions for ...
2025-03-10 12:51:54.721 [info] Got 1 sessions for ...
2025-03-10 12:51:54.721 [info] Got 1 sessions for ...
2025-03-10 12:51:54.721 [info] Got 1 sessions for ...
2025-03-10 12:51:54.721 [info] Getting sessions for all scopes...
2025-03-10 12:51:54.721 [info] Got 1 sessions for ...
2025-03-10 12:51:54.721 [info] Getting sessions for user:email...
2025-03-10 12:51:54.721 [info] Got 1 sessions for user:email...
2025-03-10 12:51:55.977 [info] Getting sessions for read:user,repo,user:email,workflow...
2025-03-10 12:51:55.977 [info] Got 0 sessions for read:user,repo,user:email,workflow...
2025-03-10 12:51:55.978 [info] Getting sessions for all scopes...
2025-03-10 12:51:55.978 [info] Got 1 sessions for ...
2025-03-10 12:51:55.978 [info] Getting sessions for all scopes...
2025-03-10 12:51:55.978 [info] Got 1 sessions for ...
2025-03-10 12:51:55.994 [info] Getting sessions for read:user...
2025-03-10 12:51:55.994 [info] Got 0 sessions for read:user...
2025-03-10 12:51:55.994 [info] Getting sessions for read:user,repo,user:email,workflow...
2025-03-10 12:51:55.994 [info] Got 0 sessions for read:user,repo,user:email,workflow...
2025-03-10 12:51:55.996 [info] Getting sessions for user:email...
2025-03-10 12:51:55.996 [info] Got 1 sessions for user:email...
2025-03-10 12:51:55.996 [info] Getting sessions for user:email...
2025-03-10 12:51:55.996 [info] Got 1 sessions for user:email...
2025-03-10 12:51:55.996 [info] Getting sessions for read:user,repo,user:email,workflow...
2025-03-10 12:51:55.996 [info] Got 0 sessions for read:user,repo,user:email,workflow...
2025-03-10 12:51:56.000 [info] Getting sessions for all scopes...
2025-03-10 12:51:56.000 [info] Got 1 sessions for ...
2025-03-10 12:51:56.629 [info] Getting sessions for read:user,repo,user:email,workflow...
2025-03-10 12:51:56.630 [info] Got 0 sessions for read:user,repo,user:email,workflow...
2025-03-10 12:51:56.657 [info] Getting sessions for user:email...
2025-03-10 12:51:56.657 [info] Got 1 sessions for user:email...
2025-03-10 12:51:56.674 [info] Getting sessions for all scopes...
2025-03-10 12:51:56.674 [info] Got 1 sessions for ...
2025-03-10 12:51:56.686 [info] Getting sessions for read:user,repo,user:email,workflow...
2025-03-10 12:51:56.686 [info] Got 0 sessions for read:user,repo,user:email,workflow...
2025-03-10 12:51:56.703 [info] Getting sessions for user:email...
2025-03-10 12:51:56.703 [info] Got 1 sessions for user:email...
2025-03-10 12:51:56.867 [info] Getting sessions for all scopes...
2025-03-10 12:51:56.867 [info] Got 1 sessions for ...
2025-03-10 12:51:56.967 [info] Getting sessions for all scopes...
2025-03-10 12:51:56.967 [info] Got 1 sessions for ...
2025-03-10 12:51:57.049 [info] Getting sessions for read:user,repo,user:email,workflow...
2025-03-10 12:51:57.049 [info] Got 0 sessions for read:user,repo,user:email,workflow...
2025-03-10 12:51:57.147 [info] Getting sessions for user:email...
2025-03-10 12:51:57.147 [info] Got 1 sessions for user:email...
2025-03-10 12:51:57.503 [info] Getting sessions for all scopes...
2025-03-10 12:51:57.503 [info] Got 1 sessions for ...
2025-03-10 12:51:57.504 [info] Getting sessions for all scopes...
2025-03-10 12:51:57.504 [info] Got 1 sessions for ...
2025-03-10 12:51:57.512 [info] Getting sessions for read:user,repo,user:email,workflow...
2025-03-10 12:51:57.512 [info] Got 0 sessions for read:user,repo,user:email,workflow...
2025-03-10 12:51:57.512 [info] Getting sessions for user:email...
2025-03-10 12:51:57.512 [info] Got 1 sessions for user:email...
2025-03-10 12:51:57.512 [info] Getting sessions for read:user,repo,user:email,workflow...
2025-03-10 12:51:57.512 [info] Got 0 sessions for read:user,repo,user:email,workflow...
2025-03-10 12:51:57.513 [info] Getting sessions for all scopes...
2025-03-10 12:51:57.513 [info] Got 1 sessions for ...
2025-03-10 12:51:57.514 [info] Getting sessions for read:user,repo,user:email,workflow...
2025-03-10 12:51:57.514 [info] Got 0 sessions for read:user,repo,user:email,workflow...
2025-03-10 12:51:57.514 [info] Getting sessions for user:email...
2025-03-10 12:51:57.514 [info] Got 1 sessions for user:email...
2025-03-10 12:51:57.547 [info] Getting sessions for all scopes...
2025-03-10 12:51:57.547 [info] Got 1 sessions for ...
2025-03-10 12:51:57.547 [info] Getting sessions for all scopes...
2025-03-10 12:51:57.547 [info] Got 1 sessions for ...
2025-03-10 12:51:57.551 [info] Getting sessions for read:user,repo,user:email,workflow...
2025-03-10 12:51:57.551 [info] Got 0 sessions for read:user,repo,user:email,workflow...
2025-03-10 12:51:57.551 [info] Getting sessions for user:email...
2025-03-10 12:51:57.551 [info] Got 1 sessions for user:email...
2025-03-10 12:51:57.551 [info] Getting sessions for read:user,repo,user:email,workflow...
2025-03-10 12:51:57.551 [info] Got 0 sessions for read:user,repo,user:email,workflow...
2025-03-10 12:51:57.553 [info] Getting sessions for all scopes...
2025-03-10 12:51:57.553 [info] Got 1 sessions for ...
2025-03-10 12:51:57.554 [info] Getting sessions for read:user,repo,user:email,workflow...
2025-03-10 12:51:57.554 [info] Got 0 sessions for read:user,repo,user:email,workflow...
2025-03-10 12:51:57.555 [info] Getting sessions for user:email...
2025-03-10 12:51:57.555 [info] Got 1 sessions for user:email...
2025-03-10 12:51:58.073 [info] Getting sessions for all scopes...
2025-03-10 12:51:58.073 [info] Got 1 sessions for ...
2025-03-10 12:51:58.074 [info] Getting sessions for read:user,repo,user:email,workflow...
2025-03-10 12:51:58.074 [info] Got 0 sessions for read:user,repo,user:email,workflow...
2025-03-10 12:51:58.075 [info] Getting sessions for user:email...
2025-03-10 12:51:58.075 [info] Got 1 sessions for user:email...
