2025-03-04 19:00:45.588 [info] Reading sessions from keychain...
2025-03-04 19:00:45.588 [info] Getting sessions for all scopes...
2025-03-04 19:00:45.588 [info] Getting sessions for all scopes...
2025-03-04 19:00:45.596 [info] Getting sessions for all scopes...
2025-03-04 19:00:45.596 [info] Getting sessions for all scopes...
2025-03-04 19:00:45.596 [info] Getting sessions for all scopes...
2025-03-04 19:00:45.596 [info] Getting sessions for all scopes...
2025-03-04 19:00:45.596 [info] Getting sessions for all scopes...
2025-03-04 19:00:45.610 [info] Got stored sessions!
2025-03-04 19:00:45.610 [info] Got 1 verified sessions.
2025-03-04 19:00:45.610 [info] Got 1 sessions for ...
2025-03-04 19:00:45.610 [info] Got 1 sessions for ...
2025-03-04 19:00:45.610 [info] Got 1 sessions for ...
2025-03-04 19:00:45.610 [info] Got 1 sessions for ...
2025-03-04 19:00:45.610 [info] Got 1 sessions for ...
2025-03-04 19:00:45.610 [info] Got 1 sessions for ...
2025-03-04 19:00:45.610 [info] Got 1 sessions for ...
2025-03-04 19:00:45.610 [info] Getting sessions for all scopes...
2025-03-04 19:00:45.610 [info] Got 1 sessions for ...
2025-03-04 19:00:45.638 [info] Getting sessions for user:email...
2025-03-04 19:00:45.638 [info] Got 1 sessions for user:email...
