2025-03-12 21:27:18.301 [info] Reading sessions from keychain...
2025-03-12 21:27:18.302 [info] Getting sessions for all scopes...
2025-03-12 21:27:18.302 [info] Getting sessions for all scopes...
2025-03-12 21:27:18.302 [info] Getting sessions for all scopes...
2025-03-12 21:27:18.302 [info] Getting sessions for user:email...
2025-03-12 21:27:18.302 [info] Getting sessions for all scopes...
2025-03-12 21:27:18.302 [info] Getting sessions for all scopes...
2025-03-12 21:27:18.302 [info] Getting sessions for all scopes...
2025-03-12 21:27:18.302 [info] Getting sessions for all scopes...
2025-03-12 21:27:18.302 [info] Getting sessions for all scopes...
2025-03-12 21:27:18.315 [info] Got stored sessions!
2025-03-12 21:27:18.315 [info] Got 2 verified sessions.
2025-03-12 21:27:18.315 [info] Got 2 sessions for ...
2025-03-12 21:27:18.315 [info] Got 2 sessions for ...
2025-03-12 21:27:18.315 [info] Got 2 sessions for ...
2025-03-12 21:27:18.315 [info] Got 1 sessions for user:email...
2025-03-12 21:27:18.315 [info] Got 2 sessions for ...
2025-03-12 21:27:18.315 [info] Got 2 sessions for ...
2025-03-12 21:27:18.315 [info] Got 2 sessions for ...
2025-03-12 21:27:18.315 [info] Got 2 sessions for ...
2025-03-12 21:27:18.315 [info] Got 2 sessions for ...
2025-03-12 21:27:18.494 [info] Getting sessions for read:user,repo,user:email,workflow...
2025-03-12 21:27:18.494 [info] Got 1 sessions for read:user,repo,user:email,workflow...
2025-03-12 21:27:19.370 [info] Getting sessions for read:user,repo,user:email,workflow...
2025-03-12 21:27:19.370 [info] Got 1 sessions for read:user,repo,user:email,workflow...
2025-03-12 21:27:19.443 [info] Getting sessions for all scopes...
2025-03-12 21:27:19.443 [info] Got 2 sessions for ...
2025-03-12 21:27:19.443 [info] Getting sessions for all scopes...
2025-03-12 21:27:19.443 [info] Got 2 sessions for ...
2025-03-12 21:27:19.477 [info] Getting sessions for read:user,repo,user:email,workflow...
2025-03-12 21:27:19.477 [info] Got 1 sessions for read:user,repo,user:email,workflow...
2025-03-12 21:27:19.502 [info] Getting sessions for all scopes...
2025-03-12 21:27:19.502 [info] Got 2 sessions for ...
2025-03-12 21:27:20.170 [info] Getting sessions for read:user,repo,user:email,workflow...
2025-03-12 21:27:20.170 [info] Got 1 sessions for read:user,repo,user:email,workflow...
2025-03-12 21:27:20.199 [info] Getting sessions for all scopes...
2025-03-12 21:27:20.200 [info] Got 2 sessions for ...
2025-03-12 21:27:20.207 [info] Getting sessions for all scopes...
2025-03-12 21:27:20.207 [info] Got 2 sessions for ...
2025-03-12 21:27:20.208 [info] Getting sessions for read:user,repo,user:email,workflow...
2025-03-12 21:27:20.208 [info] Got 1 sessions for read:user,repo,user:email,workflow...
2025-03-12 21:27:20.400 [info] Getting sessions for all scopes...
2025-03-12 21:27:20.400 [info] Got 2 sessions for ...
2025-03-12 21:27:20.400 [info] Getting sessions for read:user,repo,user:email,workflow...
2025-03-12 21:27:20.400 [info] Got 1 sessions for read:user,repo,user:email,workflow...
2025-03-12 21:27:21.023 [info] Getting sessions for all scopes...
2025-03-12 21:27:21.023 [info] Got 2 sessions for ...
2025-03-12 21:27:21.023 [info] Getting sessions for all scopes...
2025-03-12 21:27:21.023 [info] Got 2 sessions for ...
2025-03-12 21:27:21.034 [info] Getting sessions for read:user,repo,user:email,workflow...
2025-03-12 21:27:21.034 [info] Got 1 sessions for read:user,repo,user:email,workflow...
2025-03-12 21:27:21.035 [info] Getting sessions for all scopes...
2025-03-12 21:27:21.035 [info] Got 2 sessions for ...
2025-03-12 21:27:21.036 [info] Getting sessions for read:user,repo,user:email,workflow...
2025-03-12 21:27:21.036 [info] Got 1 sessions for read:user,repo,user:email,workflow...
2025-03-12 21:27:21.073 [info] Getting sessions for all scopes...
2025-03-12 21:27:21.073 [info] Got 2 sessions for ...
2025-03-12 21:27:21.074 [info] Getting sessions for read:user,repo,user:email,workflow...
2025-03-12 21:27:21.074 [info] Got 1 sessions for read:user,repo,user:email,workflow...
2025-03-12 21:27:27.081 [info] Getting sessions for all scopes...
2025-03-12 21:27:27.081 [info] Got 2 sessions for ...
2025-03-12 21:27:27.082 [info] Getting sessions for read:user,repo,user:email,workflow...
2025-03-12 21:27:27.082 [info] Got 1 sessions for read:user,repo,user:email,workflow...
2025-03-12 21:27:29.669 [info] Reading sessions from keychain...
2025-03-12 21:27:29.669 [info] Getting sessions for all scopes...
2025-03-12 21:27:29.669 [info] Getting sessions for all scopes...
2025-03-12 21:27:29.669 [info] Getting sessions for all scopes...
2025-03-12 21:27:29.670 [info] Getting sessions for all scopes...
2025-03-12 21:27:29.671 [info] Getting sessions for all scopes...
2025-03-12 21:27:29.671 [info] Getting sessions for all scopes...
2025-03-12 21:27:29.671 [info] Getting sessions for all scopes...
2025-03-12 21:27:29.671 [info] Getting sessions for all scopes...
2025-03-12 21:27:29.682 [info] Got stored sessions!
2025-03-12 21:27:29.682 [info] Got 2 verified sessions.
2025-03-12 21:27:29.682 [info] Got 2 sessions for ...
2025-03-12 21:27:29.682 [info] Got 2 sessions for ...
2025-03-12 21:27:29.682 [info] Got 2 sessions for ...
2025-03-12 21:27:29.682 [info] Got 2 sessions for ...
2025-03-12 21:27:29.682 [info] Got 2 sessions for ...
2025-03-12 21:27:29.682 [info] Got 2 sessions for ...
2025-03-12 21:27:29.682 [info] Got 2 sessions for ...
2025-03-12 21:27:29.682 [info] Got 2 sessions for ...
2025-03-12 21:27:29.767 [info] Getting sessions for user:email...
2025-03-12 21:27:29.767 [info] Got 1 sessions for user:email...
2025-03-12 21:27:30.901 [info] Getting sessions for read:user,repo,user:email,workflow...
2025-03-12 21:27:30.902 [info] Got 1 sessions for read:user,repo,user:email,workflow...
2025-03-12 21:27:30.902 [info] Getting sessions for all scopes...
2025-03-12 21:27:30.902 [info] Got 2 sessions for ...
2025-03-12 21:27:30.902 [info] Getting sessions for all scopes...
2025-03-12 21:27:30.902 [info] Got 2 sessions for ...
2025-03-12 21:27:30.940 [info] Getting sessions for read:user,repo,user:email,workflow...
2025-03-12 21:27:30.940 [info] Got 1 sessions for read:user,repo,user:email,workflow...
2025-03-12 21:27:30.969 [info] Getting sessions for read:user,repo,user:email,workflow...
2025-03-12 21:27:30.969 [info] Got 1 sessions for read:user,repo,user:email,workflow...
2025-03-12 21:27:30.992 [info] Getting sessions for all scopes...
2025-03-12 21:27:30.992 [info] Got 2 sessions for ...
2025-03-12 21:27:31.713 [info] Getting sessions for read:user,repo,user:email,workflow...
2025-03-12 21:27:31.714 [info] Got 1 sessions for read:user,repo,user:email,workflow...
2025-03-12 21:27:31.754 [info] Getting sessions for all scopes...
2025-03-12 21:27:31.754 [info] Got 2 sessions for ...
2025-03-12 21:27:31.764 [info] Getting sessions for read:user,repo,user:email,workflow...
2025-03-12 21:27:31.764 [info] Got 1 sessions for read:user,repo,user:email,workflow...
2025-03-12 21:27:31.817 [info] Getting sessions for all scopes...
2025-03-12 21:27:31.817 [info] Got 2 sessions for ...
2025-03-12 21:27:31.885 [info] Getting sessions for all scopes...
2025-03-12 21:27:31.885 [info] Got 2 sessions for ...
2025-03-12 21:27:31.934 [info] Getting sessions for read:user,repo,user:email,workflow...
2025-03-12 21:27:31.934 [info] Got 1 sessions for read:user,repo,user:email,workflow...
2025-03-12 21:27:32.134 [info] Getting sessions for all scopes...
2025-03-12 21:27:32.134 [info] Got 2 sessions for ...
2025-03-12 21:27:32.137 [info] Getting sessions for read:user,repo,user:email,workflow...
2025-03-12 21:27:32.137 [info] Got 1 sessions for read:user,repo,user:email,workflow...
2025-03-12 21:27:32.164 [info] Getting sessions for read:user,repo,user:email,workflow...
2025-03-12 21:27:32.164 [info] Got 1 sessions for read:user,repo,user:email,workflow...
2025-03-12 21:27:32.477 [info] Getting sessions for all scopes...
2025-03-12 21:27:32.477 [info] Got 2 sessions for ...
2025-03-12 21:27:32.477 [info] Getting sessions for all scopes...
2025-03-12 21:27:32.477 [info] Got 2 sessions for ...
2025-03-12 21:27:32.477 [info] Getting sessions for read:user,repo,user:email,workflow...
2025-03-12 21:27:32.477 [info] Got 1 sessions for read:user,repo,user:email,workflow...
2025-03-12 21:27:32.483 [info] Getting sessions for all scopes...
2025-03-12 21:27:32.483 [info] Got 2 sessions for ...
2025-03-12 21:27:32.484 [info] Getting sessions for read:user,repo,user:email,workflow...
2025-03-12 21:27:32.484 [info] Got 1 sessions for read:user,repo,user:email,workflow...
2025-03-12 21:27:32.517 [info] Getting sessions for all scopes...
2025-03-12 21:27:32.517 [info] Got 2 sessions for ...
2025-03-12 21:27:32.526 [info] Getting sessions for read:user,repo,user:email,workflow...
2025-03-12 21:27:32.526 [info] Got 1 sessions for read:user,repo,user:email,workflow...
2025-03-12 21:27:32.938 [info] Getting sessions for all scopes...
2025-03-12 21:27:32.939 [info] Got 2 sessions for ...
2025-03-12 21:27:32.942 [info] Getting sessions for read:user,repo,user:email,workflow...
2025-03-12 21:27:32.942 [info] Got 1 sessions for read:user,repo,user:email,workflow...
2025-03-12 21:27:38.565 [info] Getting sessions for read:user,repo,user:email,workflow...
2025-03-12 21:27:38.565 [info] Got 1 sessions for read:user,repo,user:email,workflow...
2025-03-12 21:27:44.125 [info] Getting sessions for read:user,repo,user:email,workflow...
2025-03-12 21:27:44.125 [info] Got 1 sessions for read:user,repo,user:email,workflow...
2025-03-12 21:37:50.137 [info] Getting sessions for all scopes...
2025-03-12 21:37:50.137 [info] Got 2 sessions for ...
2025-03-12 21:37:50.138 [info] Getting sessions for read:user,repo,user:email,workflow...
2025-03-12 21:37:50.138 [info] Got 1 sessions for read:user,repo,user:email,workflow...
2025-03-12 21:37:51.364 [info] Getting sessions for all scopes...
2025-03-12 21:37:51.364 [info] Got 2 sessions for ...
2025-03-12 21:37:51.365 [info] Getting sessions for read:user,repo,user:email,workflow...
2025-03-12 21:37:51.365 [info] Got 1 sessions for read:user,repo,user:email,workflow...
2025-03-12 21:37:52.502 [info] Getting sessions for all scopes...
2025-03-12 21:37:52.502 [info] Got 2 sessions for ...
2025-03-12 21:37:52.504 [info] Getting sessions for read:user,repo,user:email,workflow...
2025-03-12 21:37:52.504 [info] Got 1 sessions for read:user,repo,user:email,workflow...
