2025-03-04 18:59:48.393 [info] [AutoSync] Using settings sync service https://vscode-sync.trafficmanager.net/
2025-03-04 18:59:48.393 [info] [AutoSync] Enabled.
2025-03-04 18:59:48.393 [info] [AutoSync] Suspended until auth token is available.
2025-03-04 18:59:48.703 [info] [AutoSync] Triggered by Interval
2025-03-04 18:59:48.704 [info] Sync started.
2025-03-04 18:59:49.738 [info] Settings: No changes found during synchronizing settings.
2025-03-04 18:59:49.741 [info] Keybindings: No changes found during synchronizing keybindings.
2025-03-04 18:59:49.743 [info] Snippets: No changes found during synchronizing snippets.
2025-03-04 18:59:49.744 [info] Tasks: No changes found during synchronizing tasks.
2025-03-04 18:59:49.746 [info] GlobalState: No changes found during synchronizing ui state.
2025-03-04 18:59:49.759 [info] Extensions: No changes found during synchronizing extensions.
2025-03-04 18:59:49.760 [info] Profiles: No changes found during synchronizing profiles.
2025-03-04 18:59:49.760 [info] Sync done. Took 1058ms
2025-03-04 18:59:58.997 [info] [AutoSync] Triggered by Activity
2025-03-04 18:59:58.998 [info] Sync started.
2025-03-04 18:59:59.125 [info] Settings: No changes found during synchronizing settings.
2025-03-04 18:59:59.128 [info] Keybindings: No changes found during synchronizing keybindings.
2025-03-04 18:59:59.132 [info] Snippets: No changes found during synchronizing snippets.
2025-03-04 18:59:59.135 [info] Tasks: No changes found during synchronizing tasks.
2025-03-04 19:00:00.295 [info] GlobalState: Updated remote ui state. Updated: colorThemeData.
2025-03-04 19:00:00.298 [info] GlobalState: Updated last synchronized ui state
2025-03-04 19:00:00.319 [info] Extensions: No changes found during synchronizing extensions.
2025-03-04 19:00:00.320 [info] Profiles: No changes found during synchronizing profiles.
2025-03-04 19:00:00.320 [info] Sync done. Took 1324ms
2025-03-04 19:00:14.759 [info] [AutoSync] Triggered by Activity
2025-03-04 19:00:14.759 [info] Sync started.
2025-03-04 19:00:14.875 [info] Settings: No changes found during synchronizing settings.
2025-03-04 19:00:14.877 [info] Keybindings: No changes found during synchronizing keybindings.
2025-03-04 19:00:14.884 [info] Snippets: No changes found during synchronizing snippets.
2025-03-04 19:00:14.887 [info] Tasks: No changes found during synchronizing tasks.
2025-03-04 19:00:15.911 [info] GlobalState: Updated remote ui state. Updated: colorThemeData.
2025-03-04 19:00:15.927 [info] GlobalState: Updated last synchronized ui state
2025-03-04 19:00:15.938 [info] Extensions: No changes found during synchronizing extensions.
2025-03-04 19:00:15.938 [info] Profiles: No changes found during synchronizing profiles.
2025-03-04 19:00:15.939 [info] Sync done. Took 1180ms
2025-03-04 19:00:26.837 [info] [AutoSync] Triggered by Activity
2025-03-04 19:00:26.837 [info] Sync started.
2025-03-04 19:00:26.941 [info] Settings: No changes found during synchronizing settings.
2025-03-04 19:00:26.943 [info] Keybindings: No changes found during synchronizing keybindings.
2025-03-04 19:00:26.944 [info] Snippets: No changes found during synchronizing snippets.
2025-03-04 19:00:26.945 [info] Tasks: No changes found during synchronizing tasks.
2025-03-04 19:00:28.404 [info] GlobalState: Updated remote ui state. Updated: colorThemeData.
2025-03-04 19:00:28.406 [info] GlobalState: Updated last synchronized ui state
2025-03-04 19:00:28.427 [info] Extensions: No changes found during synchronizing extensions.
2025-03-04 19:00:28.427 [info] Profiles: No changes found during synchronizing profiles.
2025-03-04 19:00:28.428 [info] Sync done. Took 1591ms
2025-03-04 19:00:38.090 [info] [AutoSync] Triggered by Activity
2025-03-04 19:00:38.091 [info] Sync started.
2025-03-04 19:00:38.243 [info] Settings: No changes found during synchronizing settings.
2025-03-04 19:00:38.247 [info] Keybindings: No changes found during synchronizing keybindings.
2025-03-04 19:00:38.251 [info] Snippets: No changes found during synchronizing snippets.
2025-03-04 19:00:38.255 [info] Tasks: No changes found during synchronizing tasks.
2025-03-04 19:00:38.259 [info] GlobalState: No changes found during synchronizing ui state.
2025-03-04 19:00:38.298 [info] Extensions: No changes found during synchronizing extensions.
2025-03-04 19:00:38.300 [info] Profiles: No changes found during synchronizing profiles.
2025-03-04 19:00:38.301 [info] Sync done. Took 212ms
