2025-03-12 21:27:18.302 [warning] Running on the desktop; workspaceId=ea4e603e73ed287151413017978e3487; storageUri=vscode-userdata:/home/kau/.config/Code/User/globalStorage/ms-vscode.remote-repositories
2025-03-12 21:27:18.322 [info] [ GHPR] Not currently installed or enabled; waiting...
2025-03-12 21:27:18.322 [info] [ VSCodeEdu ] Not currently installed or enabled; waiting...
2025-03-12 21:27:18.327 [info] [    2] fs.readFile(vscode-vfs://github/k1us89k/dots/.vscode/settings.json)
2025-03-12 21:27:18.327 [info] [    3] fs.readFile(vscode-vfs://github/k1us89k/dots/.vscode/tasks.json)
2025-03-12 21:27:18.327 [info] [    4] fs.readFile(vscode-vfs://github/k1us89k/dots/.vscode/launch.json)
2025-03-12 21:27:18.327 [info] [    5] fs.stat(vscode-vfs://github/k1us89k/dots/.vscode/settings.json)
2025-03-12 21:27:18.327 [info] [    6] fs.stat(vscode-vfs://github/k1us89k/dots/.vscode/tasks.json)
2025-03-12 21:27:18.327 [info] [    7] fs.stat(vscode-vfs://github/k1us89k/dots/.vscode/launch.json)
2025-03-12 21:27:18.366 [info] [    8] fs.stat(vscode-vfs://github/k1us89k/dots/.vscode)
2025-03-12 21:27:18.366 [info] [    9] fs.stat(vscode-vfs://github/k1us89k/dots)
2025-03-12 21:27:18.366 [info] [   10] fs.stat(vscode-vfs://github/k1us89k/dots/.vscode/extensions)
2025-03-12 21:27:18.366 [info] [   11] fs.readFile(vscode-vfs://github/k1us89k/dots/.git/config)
2025-03-12 21:27:18.366 [info] [   12] fs.readFile(vscode-vfs://github/k1us89k/dots/.vscode/extensions.json)
2025-03-12 21:27:18.366 [info] [   13] fs.stat(vscode-vfs://github/k1us89k/dots/.git/config)
2025-03-12 21:27:18.366 [info] [   14] fs.stat(vscode-vfs://github/k1us89k/dots/.vscode/extensions.json)
2025-03-12 21:27:18.435 [info] [    2] fs.readFile(vscode-vfs://github/k1us89k/dots/.vscode/settings.json): Not found • ChangeStore query took 6 ms • Querying provider...
2025-03-12 21:27:18.435 [info] [    3] fs.readFile(vscode-vfs://github/k1us89k/dots/.vscode/tasks.json): Not found • ChangeStore query took 6 ms • Querying provider...
2025-03-12 21:27:18.435 [info] [    4] fs.readFile(vscode-vfs://github/k1us89k/dots/.vscode/launch.json): Not found • ChangeStore query took 6 ms • Querying provider...
2025-03-12 21:27:18.436 [info] [    6] fs.stat(vscode-vfs://github/k1us89k/dots/.vscode/tasks.json): Not found • ChangeStore query took 6 ms • Querying provider...
2025-03-12 21:27:18.436 [info] [    7] fs.stat(vscode-vfs://github/k1us89k/dots/.vscode/launch.json): Not found • ChangeStore query took 6 ms • Querying provider...
2025-03-12 21:27:18.436 [info] [    8] fs.stat(vscode-vfs://github/k1us89k/dots/.vscode): Not found • ChangeStore query took 6 ms • Querying provider...
2025-03-12 21:27:18.436 [info] [   11] fs.readFile(vscode-vfs://github/k1us89k/dots/.git/config): Not found • ChangeStore query took 6 ms • Querying provider...
2025-03-12 21:27:18.436 [info] [    9] fs.stat(vscode-vfs://github/k1us89k/dots): Not found • ChangeStore query took 7 ms • Querying provider...
2025-03-12 21:27:18.436 [info] [   12] fs.readFile(vscode-vfs://github/k1us89k/dots/.vscode/extensions.json): Not found • ChangeStore query took 7 ms • Querying provider...
2025-03-12 21:27:18.436 [info] [   10] fs.stat(vscode-vfs://github/k1us89k/dots/.vscode/extensions): Not found • ChangeStore query took 7 ms • Querying provider...
2025-03-12 21:27:18.436 [info] [   13] fs.stat(vscode-vfs://github/k1us89k/dots/.git/config): Not found • ChangeStore query took 7 ms • Querying provider...
2025-03-12 21:27:18.437 [info] [   14] fs.stat(vscode-vfs://github/k1us89k/dots/.vscode/extensions.json): Not found • ChangeStore query took 7 ms • Querying provider...
2025-03-12 21:27:18.477 [info] [   16] fs.stat(vscode-vfs://github/k1us89k/dots/.gitignore)
2025-03-12 21:27:20.207 [info] [   17] fs.stat(vscode-vfs://github/k1us89k/dots/node_modules)
2025-03-12 21:27:20.691 [warning] [    9] fs.stat(vscode-vfs://github/k1us89k/dots) took 2324 ms (Provider query took 2254 ms)
2025-03-12 21:27:20.691 [info] [   19] fs.stat(vscode-vfs://github/k1us89k/dots)
2025-03-12 21:27:20.693 [info] [   19] fs.stat(vscode-vfs://github/k1us89k/dots) took 2 ms (Provider query took 2 ms)
2025-03-12 21:27:20.694 [info] [   20] fs.stat(vscode-vfs://github/k1us89k/dots)
2025-03-12 21:27:20.712 [info] [   20] fs.stat(vscode-vfs://github/k1us89k/dots) took 18 ms (Provider query took 18 ms)
2025-03-12 21:27:20.713 [info] [   21] fs.readDirectory(vscode-vfs://github/k1us89k/dots)
2025-03-12 21:27:20.767 [info] [   23] fs.stat(vscode-vfs://github/k1us89k/dots)
2025-03-12 21:27:20.767 [info] [   23] fs.stat(vscode-vfs://github/k1us89k/dots) took 0 ms (Provider query took 0 ms)
2025-03-12 21:27:21.190 [info] [   21] fs.readDirectory(vscode-vfs://github/k1us89k/dots) took 477 ms (Provider query took 477 ms)
2025-03-12 21:27:21.190 [info] [   25] fs.readDirectory(vscode-vfs://github/k1us89k/dots)
2025-03-12 21:27:21.190 [warning] [    8] fs.stat(vscode-vfs://github/k1us89k/dots/.vscode) took 2824 ms (Provider query took 2754 ms)
2025-03-12 21:27:21.190 [warning] [   16] fs.stat(vscode-vfs://github/k1us89k/dots/.gitignore) took 2713 ms (Provider query took 2713 ms)
2025-03-12 21:27:21.190 [warning] [   17] fs.stat(vscode-vfs://github/k1us89k/dots/node_modules) took 983 ms (Provider query took 983 ms)
2025-03-12 21:27:21.191 [info] [   25] fs.readDirectory(vscode-vfs://github/k1us89k/dots) took 0 ms (Provider query took 0 ms)
2025-03-12 21:27:21.201 [info] [   26] fs.stat(vscode-vfs://github/k1us89k/dots/pom.xml)
2025-03-12 21:27:21.202 [info] [   26] fs.stat(vscode-vfs://github/k1us89k/dots/pom.xml) took 0 ms (Provider query took 0 ms)
2025-03-12 21:27:21.202 [info] [   27] fs.stat(vscode-vfs://github/k1us89k/dots/app/src/main/AndroidManifest.xml)
2025-03-12 21:27:21.202 [info] [   28] fs.stat(vscode-vfs://github/k1us89k/dots/wofi)
2025-03-12 21:27:21.202 [info] [   28] fs.stat(vscode-vfs://github/k1us89k/dots/wofi) took 0 ms (Provider query took 0 ms)
2025-03-12 21:27:21.202 [info] [   29] fs.stat(vscode-vfs://github/k1us89k/dots/waybar)
2025-03-12 21:27:21.202 [info] [   29] fs.stat(vscode-vfs://github/k1us89k/dots/waybar) took 0 ms (Provider query took 0 ms)
2025-03-12 21:27:21.202 [info] [   30] fs.stat(vscode-vfs://github/k1us89k/dots/wal)
2025-03-12 21:27:21.202 [info] [   30] fs.stat(vscode-vfs://github/k1us89k/dots/wal) took 0 ms (Provider query took 0 ms)
2025-03-12 21:27:21.202 [info] [   31] fs.stat(vscode-vfs://github/k1us89k/dots/swaync)
2025-03-12 21:27:21.202 [info] [   31] fs.stat(vscode-vfs://github/k1us89k/dots/swaync) took 0 ms (Provider query took 0 ms)
2025-03-12 21:27:21.203 [info] [   32] fs.stat(vscode-vfs://github/k1us89k/dots/spicetify)
2025-03-12 21:27:21.203 [info] [   32] fs.stat(vscode-vfs://github/k1us89k/dots/spicetify) took 0 ms (Provider query took 0 ms)
2025-03-12 21:27:21.203 [info] [   33] fs.stat(vscode-vfs://github/k1us89k/dots/kitty)
2025-03-12 21:27:21.203 [info] [   33] fs.stat(vscode-vfs://github/k1us89k/dots/kitty) took 0 ms (Provider query took 0 ms)
2025-03-12 21:27:21.203 [info] [   34] fs.stat(vscode-vfs://github/k1us89k/dots/hypr)
2025-03-12 21:27:21.203 [info] [   34] fs.stat(vscode-vfs://github/k1us89k/dots/hypr) took 0 ms (Provider query took 0 ms)
2025-03-12 21:27:21.203 [info] [   35] fs.stat(vscode-vfs://github/k1us89k/dots/Code)
2025-03-12 21:27:21.203 [info] [   35] fs.stat(vscode-vfs://github/k1us89k/dots/Code) took 0 ms (Provider query took 0 ms)
2025-03-12 21:27:21.467 [warning] [   13] fs.stat(vscode-vfs://github/k1us89k/dots/.git/config) took 3100 ms (Provider query took 3030 ms)
2025-03-12 21:27:21.467 [info] [   27] fs.stat(vscode-vfs://github/k1us89k/dots/app/src/main/AndroidManifest.xml) took 265 ms (Provider query took 264 ms)
2025-03-12 21:27:21.467 [warning] [   11] fs.readFile(vscode-vfs://github/k1us89k/dots/.git/config) took 3100 ms (Provider query took 3030 ms)
2025-03-12 21:27:21.467 [info] [   36] fs.stat(vscode-vfs://github/k1us89k/dots/.git/config)
2025-03-12 21:27:21.468 [info] [   36] fs.stat(vscode-vfs://github/k1us89k/dots/.git/config) took 1 ms (Provider query took 0 ms)
2025-03-12 21:27:21.468 [info] [   37] fs.stat(vscode-vfs://github/k1us89k/dots/.git/config)
2025-03-12 21:27:21.469 [info] [   37] fs.stat(vscode-vfs://github/k1us89k/dots/.git/config) took 0 ms (Provider query took 0 ms)
2025-03-12 21:27:21.470 [info] [   38] fs.readFile(vscode-vfs://github/k1us89k/dots/.devcontainer/devcontainer.json)
2025-03-12 21:27:21.470 [info] [   38] fs.readFile(vscode-vfs://github/k1us89k/dots/.devcontainer/devcontainer.json) took 0 ms (Provider query took 0 ms)
2025-03-12 21:27:21.472 [info] [   39] fs.stat(vscode-vfs://github/k1us89k/dots/.devcontainer/devcontainer.json)
2025-03-12 21:27:21.473 [info] [   39] fs.stat(vscode-vfs://github/k1us89k/dots/.devcontainer/devcontainer.json) took 0 ms (Provider query took 0 ms)
2025-03-12 21:27:21.475 [info] [   40] fs.readFile(vscode-vfs://github/k1us89k/dots/pom.xml)
2025-03-12 21:27:21.475 [info] [   40] fs.readFile(vscode-vfs://github/k1us89k/dots/pom.xml) took 0 ms (Provider query took 0 ms)
2025-03-12 21:27:21.475 [info] [   41] fs.stat(vscode-vfs://github/k1us89k/dots/pom.xml)
2025-03-12 21:27:21.476 [info] [   41] fs.stat(vscode-vfs://github/k1us89k/dots/pom.xml) took 0 ms (Provider query took 0 ms)
2025-03-12 21:27:21.477 [info] [   42] fs.readFile(vscode-vfs://github/k1us89k/dots/build.gradle)
2025-03-12 21:27:21.477 [info] [   42] fs.readFile(vscode-vfs://github/k1us89k/dots/build.gradle) took 0 ms (Provider query took 0 ms)
2025-03-12 21:27:21.478 [info] [   43] fs.stat(vscode-vfs://github/k1us89k/dots/build.gradle)
2025-03-12 21:27:21.478 [info] [   43] fs.stat(vscode-vfs://github/k1us89k/dots/build.gradle) took 0 ms (Provider query took 0 ms)
2025-03-12 21:27:21.479 [info] [   44] fs.readFile(vscode-vfs://github/k1us89k/dots/.vscode/.github-pull-request.rec)
2025-03-12 21:27:21.479 [info] [   44] fs.readFile(vscode-vfs://github/k1us89k/dots/.vscode/.github-pull-request.rec) took 0 ms (Provider query took 0 ms)
2025-03-12 21:27:21.479 [info] [   45] fs.stat(vscode-vfs://github/k1us89k/dots/.vscode/.github-pull-request.rec)
2025-03-12 21:27:21.479 [info] [   45] fs.stat(vscode-vfs://github/k1us89k/dots/.vscode/.github-pull-request.rec) took 0 ms (Provider query took 0 ms)
2025-03-12 21:27:21.480 [info] [   46] fs.readFile(vscode-vfs://github/k1us89k/dots/pyproject.toml)
2025-03-12 21:27:21.480 [info] [   46] fs.readFile(vscode-vfs://github/k1us89k/dots/pyproject.toml) took 0 ms (Provider query took 0 ms)
2025-03-12 21:27:21.481 [info] [   47] fs.stat(vscode-vfs://github/k1us89k/dots/pyproject.toml)
2025-03-12 21:27:21.481 [info] [   47] fs.stat(vscode-vfs://github/k1us89k/dots/pyproject.toml) took 0 ms (Provider query took 0 ms)
2025-03-12 21:27:21.481 [info] [   48] fs.readFile(vscode-vfs://github/k1us89k/dots/.pep8)
2025-03-12 21:27:21.482 [info] [   48] fs.readFile(vscode-vfs://github/k1us89k/dots/.pep8) took 0 ms (Provider query took 0 ms)
2025-03-12 21:27:21.482 [info] [   49] fs.stat(vscode-vfs://github/k1us89k/dots/.pep8)
2025-03-12 21:27:21.482 [info] [   49] fs.stat(vscode-vfs://github/k1us89k/dots/.pep8) took 0 ms (Provider query took 0 ms)
2025-03-12 21:27:21.483 [info] [   50] fs.readFile(vscode-vfs://github/k1us89k/dots/setup.cfg)
2025-03-12 21:27:21.483 [info] [   50] fs.readFile(vscode-vfs://github/k1us89k/dots/setup.cfg) took 0 ms (Provider query took 0 ms)
2025-03-12 21:27:21.483 [info] [   51] fs.stat(vscode-vfs://github/k1us89k/dots/setup.cfg)
2025-03-12 21:27:21.483 [info] [   51] fs.stat(vscode-vfs://github/k1us89k/dots/setup.cfg) took 0 ms (Provider query took 0 ms)
2025-03-12 21:27:21.484 [info] [   52] fs.readFile(vscode-vfs://github/k1us89k/dots/tox.ini)
2025-03-12 21:27:21.484 [info] [   52] fs.readFile(vscode-vfs://github/k1us89k/dots/tox.ini) took 0 ms (Provider query took 0 ms)
2025-03-12 21:27:21.484 [info] [   53] fs.stat(vscode-vfs://github/k1us89k/dots/tox.ini)
2025-03-12 21:27:21.484 [info] [   53] fs.stat(vscode-vfs://github/k1us89k/dots/tox.ini) took 0 ms (Provider query took 0 ms)
2025-03-12 21:27:21.485 [info] [   54] fs.readFile(vscode-vfs://github/k1us89k/dots/.pylintrc)
2025-03-12 21:27:21.485 [info] [   54] fs.readFile(vscode-vfs://github/k1us89k/dots/.pylintrc) took 0 ms (Provider query took 0 ms)
2025-03-12 21:27:21.485 [info] [   55] fs.stat(vscode-vfs://github/k1us89k/dots/.pylintrc)
2025-03-12 21:27:21.485 [info] [   55] fs.stat(vscode-vfs://github/k1us89k/dots/.pylintrc) took 0 ms (Provider query took 0 ms)
2025-03-12 21:27:21.486 [info] [   56] fs.readFile(vscode-vfs://github/k1us89k/dots/pylintrc)
2025-03-12 21:27:21.486 [info] [   56] fs.readFile(vscode-vfs://github/k1us89k/dots/pylintrc) took 0 ms (Provider query took 0 ms)
2025-03-12 21:27:21.486 [info] [   57] fs.stat(vscode-vfs://github/k1us89k/dots/pylintrc)
2025-03-12 21:27:21.487 [info] [   57] fs.stat(vscode-vfs://github/k1us89k/dots/pylintrc) took 0 ms (Provider query took 0 ms)
2025-03-12 21:27:21.487 [info] [   58] fs.readFile(vscode-vfs://github/k1us89k/dots/.mypy.ini)
2025-03-12 21:27:21.487 [info] [   58] fs.readFile(vscode-vfs://github/k1us89k/dots/.mypy.ini) took 0 ms (Provider query took 0 ms)
2025-03-12 21:27:21.488 [info] [   59] fs.stat(vscode-vfs://github/k1us89k/dots/.mypy.ini)
2025-03-12 21:27:21.488 [info] [   59] fs.stat(vscode-vfs://github/k1us89k/dots/.mypy.ini) took 0 ms (Provider query took 0 ms)
2025-03-12 21:27:21.488 [info] [   60] fs.readFile(vscode-vfs://github/k1us89k/dots/.flake8)
2025-03-12 21:27:21.488 [info] [   60] fs.readFile(vscode-vfs://github/k1us89k/dots/.flake8) took 0 ms (Provider query took 0 ms)
2025-03-12 21:27:21.488 [info] [   61] fs.stat(vscode-vfs://github/k1us89k/dots/.flake8)
2025-03-12 21:27:21.489 [info] [   61] fs.stat(vscode-vfs://github/k1us89k/dots/.flake8) took 0 ms (Provider query took 0 ms)
2025-03-12 21:27:22.210 [warning] [    6] fs.stat(vscode-vfs://github/k1us89k/dots/.vscode/tasks.json) took 3882 ms (Provider query took 3774 ms)
2025-03-12 21:27:22.210 [warning] [    7] fs.stat(vscode-vfs://github/k1us89k/dots/.vscode/launch.json) took 3882 ms (Provider query took 3774 ms)
2025-03-12 21:27:22.210 [warning] [   10] fs.stat(vscode-vfs://github/k1us89k/dots/.vscode/extensions) took 3843 ms (Provider query took 3773 ms)
2025-03-12 21:27:22.210 [warning] [   14] fs.stat(vscode-vfs://github/k1us89k/dots/.vscode/extensions.json) took 3843 ms (Provider query took 3773 ms)
2025-03-12 21:27:22.210 [warning] [    5] fs.stat(vscode-vfs://github/k1us89k/dots/.vscode/settings.json) took 3883 ms (Provider query took 1025 ms)
2025-03-12 21:27:22.210 [warning] [    2] fs.readFile(vscode-vfs://github/k1us89k/dots/.vscode/settings.json) took 3883 ms (Provider query took 3775 ms)
2025-03-12 21:27:22.210 [warning] [    3] fs.readFile(vscode-vfs://github/k1us89k/dots/.vscode/tasks.json) took 3883 ms (Provider query took 3774 ms)
2025-03-12 21:27:22.210 [warning] [    4] fs.readFile(vscode-vfs://github/k1us89k/dots/.vscode/launch.json) took 3883 ms (Provider query took 3774 ms)
2025-03-12 21:27:22.211 [warning] [   12] fs.readFile(vscode-vfs://github/k1us89k/dots/.vscode/extensions.json) took 3843 ms (Provider query took 3774 ms)
2025-03-12 21:27:22.212 [info] [   62] fs.readFile(vscode-vfs://github/k1us89k/dots/.vscode/extensions.json)
2025-03-12 21:27:22.213 [info] [   62] fs.readFile(vscode-vfs://github/k1us89k/dots/.vscode/extensions.json) took 0 ms (Provider query took 0 ms)
2025-03-12 21:27:22.213 [info] [   63] fs.stat(vscode-vfs://github/k1us89k/dots/.vscode/extensions.json)
2025-03-12 21:27:22.213 [info] [   63] fs.stat(vscode-vfs://github/k1us89k/dots/.vscode/extensions.json) took 0 ms (Provider query took 0 ms)
2025-03-12 21:27:22.214 [info] [   64] fs.readFile(vscode-vfs://github/k1us89k/dots/.vscode/settings.json)
2025-03-12 21:27:22.214 [info] [   64] fs.readFile(vscode-vfs://github/k1us89k/dots/.vscode/settings.json) took 0 ms (Provider query took 0 ms)
2025-03-12 21:27:22.214 [info] [   65] fs.stat(vscode-vfs://github/k1us89k/dots/.vscode/settings.json)
2025-03-12 21:27:22.215 [info] [   65] fs.stat(vscode-vfs://github/k1us89k/dots/.vscode/settings.json) took 0 ms (Provider query took 0 ms)
2025-03-12 21:27:22.215 [info] [   66] fs.readFile(vscode-vfs://github/k1us89k/dots/.vscode/tasks.json)
2025-03-12 21:27:22.215 [info] [   66] fs.readFile(vscode-vfs://github/k1us89k/dots/.vscode/tasks.json) took 0 ms (Provider query took 0 ms)
2025-03-12 21:27:22.216 [info] [   67] fs.stat(vscode-vfs://github/k1us89k/dots/.vscode/tasks.json)
2025-03-12 21:27:22.216 [info] [   67] fs.stat(vscode-vfs://github/k1us89k/dots/.vscode/tasks.json) took 0 ms (Provider query took 0 ms)
2025-03-12 21:27:22.216 [info] [   68] fs.readFile(vscode-vfs://github/k1us89k/dots/.vscode/launch.json)
2025-03-12 21:27:22.217 [info] [   68] fs.readFile(vscode-vfs://github/k1us89k/dots/.vscode/launch.json) took 0 ms (Provider query took 0 ms)
2025-03-12 21:27:22.217 [info] [   69] fs.stat(vscode-vfs://github/k1us89k/dots/.vscode/launch.json)
2025-03-12 21:27:22.217 [info] [   69] fs.stat(vscode-vfs://github/k1us89k/dots/.vscode/launch.json) took 0 ms (Provider query took 0 ms)
2025-03-12 21:27:22.218 [info] [   70] fs.readFile(vscode-vfs://github/k1us89k/dots/.vscode/settings.json)
2025-03-12 21:27:22.218 [info] [   70] fs.readFile(vscode-vfs://github/k1us89k/dots/.vscode/settings.json) took 0 ms (Provider query took 0 ms)
2025-03-12 21:27:22.218 [info] [   71] fs.stat(vscode-vfs://github/k1us89k/dots/.vscode/settings.json)
2025-03-12 21:27:22.219 [info] [   71] fs.stat(vscode-vfs://github/k1us89k/dots/.vscode/settings.json) took 0 ms (Provider query took 0 ms)
2025-03-12 21:27:22.219 [info] [   72] fs.readFile(vscode-vfs://github/k1us89k/dots/.vscode/tasks.json)
2025-03-12 21:27:22.220 [info] [   72] fs.readFile(vscode-vfs://github/k1us89k/dots/.vscode/tasks.json) took 0 ms (Provider query took 0 ms)
2025-03-12 21:27:22.220 [info] [   73] fs.stat(vscode-vfs://github/k1us89k/dots/.vscode/tasks.json)
2025-03-12 21:27:22.221 [info] [   73] fs.stat(vscode-vfs://github/k1us89k/dots/.vscode/tasks.json) took 0 ms (Provider query took 0 ms)
2025-03-12 21:27:22.222 [info] [   74] fs.readFile(vscode-vfs://github/k1us89k/dots/.vscode/launch.json)
2025-03-12 21:27:22.222 [info] [   74] fs.readFile(vscode-vfs://github/k1us89k/dots/.vscode/launch.json) took 0 ms (Provider query took 0 ms)
2025-03-12 21:27:22.222 [info] [   75] fs.stat(vscode-vfs://github/k1us89k/dots/.vscode/launch.json)
2025-03-12 21:27:22.222 [info] [   75] fs.stat(vscode-vfs://github/k1us89k/dots/.vscode/launch.json) took 0 ms (Provider query took 0 ms)
2025-03-12 21:27:22.223 [info] [   76] fs.readFile(vscode-vfs://github/k1us89k/dots/.vscode/settings.json)
2025-03-12 21:27:22.224 [info] [   76] fs.readFile(vscode-vfs://github/k1us89k/dots/.vscode/settings.json) took 0 ms (Provider query took 0 ms)
2025-03-12 21:27:22.224 [info] [   77] fs.stat(vscode-vfs://github/k1us89k/dots/.vscode/settings.json)
2025-03-12 21:27:22.224 [info] [   77] fs.stat(vscode-vfs://github/k1us89k/dots/.vscode/settings.json) took 0 ms (Provider query took 0 ms)
2025-03-12 21:27:22.224 [info] [   78] fs.readFile(vscode-vfs://github/k1us89k/dots/.vscode/tasks.json)
2025-03-12 21:27:22.225 [info] [   78] fs.readFile(vscode-vfs://github/k1us89k/dots/.vscode/tasks.json) took 0 ms (Provider query took 0 ms)
2025-03-12 21:27:22.225 [info] [   79] fs.stat(vscode-vfs://github/k1us89k/dots/.vscode/tasks.json)
2025-03-12 21:27:22.225 [info] [   79] fs.stat(vscode-vfs://github/k1us89k/dots/.vscode/tasks.json) took 0 ms (Provider query took 0 ms)
2025-03-12 21:27:22.225 [info] [   80] fs.readFile(vscode-vfs://github/k1us89k/dots/.vscode/launch.json)
2025-03-12 21:27:22.225 [info] [   80] fs.readFile(vscode-vfs://github/k1us89k/dots/.vscode/launch.json) took 0 ms (Provider query took 0 ms)
2025-03-12 21:27:22.226 [info] [   81] fs.stat(vscode-vfs://github/k1us89k/dots/.vscode/launch.json)
2025-03-12 21:27:22.226 [info] [   81] fs.stat(vscode-vfs://github/k1us89k/dots/.vscode/launch.json) took 0 ms (Provider query took 0 ms)
2025-03-12 21:27:22.226 [info] [   82] fs.readFile(vscode-vfs://github/k1us89k/dots/.vscode/settings.json)
2025-03-12 21:27:22.226 [info] [   82] fs.readFile(vscode-vfs://github/k1us89k/dots/.vscode/settings.json) took 0 ms (Provider query took 0 ms)
2025-03-12 21:27:22.227 [info] [   83] fs.stat(vscode-vfs://github/k1us89k/dots/.vscode/settings.json)
2025-03-12 21:27:22.227 [info] [   83] fs.stat(vscode-vfs://github/k1us89k/dots/.vscode/settings.json) took 0 ms (Provider query took 0 ms)
2025-03-12 21:27:22.229 [info] [   84] fs.readFile(vscode-vfs://github/k1us89k/dots/.vscode/tasks.json)
2025-03-12 21:27:22.229 [info] [   84] fs.readFile(vscode-vfs://github/k1us89k/dots/.vscode/tasks.json) took 0 ms (Provider query took 0 ms)
2025-03-12 21:27:22.229 [info] [   85] fs.stat(vscode-vfs://github/k1us89k/dots/.vscode/tasks.json)
2025-03-12 21:27:22.229 [info] [   85] fs.stat(vscode-vfs://github/k1us89k/dots/.vscode/tasks.json) took 0 ms (Provider query took 0 ms)
2025-03-12 21:27:22.230 [info] [   86] fs.readFile(vscode-vfs://github/k1us89k/dots/.vscode/launch.json)
2025-03-12 21:27:22.230 [info] [   86] fs.readFile(vscode-vfs://github/k1us89k/dots/.vscode/launch.json) took 0 ms (Provider query took 0 ms)
2025-03-12 21:27:22.230 [info] [   87] fs.stat(vscode-vfs://github/k1us89k/dots/.vscode/launch.json)
2025-03-12 21:27:22.230 [info] [   87] fs.stat(vscode-vfs://github/k1us89k/dots/.vscode/launch.json) took 0 ms (Provider query took 0 ms)
2025-03-12 21:27:22.230 [info] [   88] fs.readFile(vscode-vfs://github/k1us89k/dots/.vscode/settings.json)
2025-03-12 21:27:22.230 [info] [   88] fs.readFile(vscode-vfs://github/k1us89k/dots/.vscode/settings.json) took 0 ms (Provider query took 0 ms)
2025-03-12 21:27:22.231 [info] [   89] fs.stat(vscode-vfs://github/k1us89k/dots/.vscode/settings.json)
2025-03-12 21:27:22.231 [info] [   89] fs.stat(vscode-vfs://github/k1us89k/dots/.vscode/settings.json) took 0 ms (Provider query took 0 ms)
2025-03-12 21:27:22.231 [info] [   90] fs.readFile(vscode-vfs://github/k1us89k/dots/.vscode/tasks.json)
2025-03-12 21:27:22.231 [info] [   90] fs.readFile(vscode-vfs://github/k1us89k/dots/.vscode/tasks.json) took 0 ms (Provider query took 0 ms)
2025-03-12 21:27:22.232 [info] [   91] fs.stat(vscode-vfs://github/k1us89k/dots/.vscode/tasks.json)
2025-03-12 21:27:22.232 [info] [   91] fs.stat(vscode-vfs://github/k1us89k/dots/.vscode/tasks.json) took 0 ms (Provider query took 0 ms)
2025-03-12 21:27:22.232 [info] [   92] fs.readFile(vscode-vfs://github/k1us89k/dots/.vscode/launch.json)
2025-03-12 21:27:22.232 [info] [   92] fs.readFile(vscode-vfs://github/k1us89k/dots/.vscode/launch.json) took 0 ms (Provider query took 0 ms)
2025-03-12 21:27:22.232 [info] [   93] fs.stat(vscode-vfs://github/k1us89k/dots/.vscode/launch.json)
2025-03-12 21:27:22.232 [info] [   93] fs.stat(vscode-vfs://github/k1us89k/dots/.vscode/launch.json) took 0 ms (Provider query took 0 ms)
2025-03-12 21:27:22.233 [info] [   94] fs.readFile(vscode-vfs://github/k1us89k/dots/.vscode/settings.json)
2025-03-12 21:27:22.233 [info] [   94] fs.readFile(vscode-vfs://github/k1us89k/dots/.vscode/settings.json) took 0 ms (Provider query took 0 ms)
2025-03-12 21:27:22.233 [info] [   95] fs.stat(vscode-vfs://github/k1us89k/dots/.vscode/settings.json)
2025-03-12 21:27:22.233 [info] [   95] fs.stat(vscode-vfs://github/k1us89k/dots/.vscode/settings.json) took 0 ms (Provider query took 0 ms)
2025-03-12 21:27:22.233 [info] [   96] fs.readFile(vscode-vfs://github/k1us89k/dots/.vscode/tasks.json)
2025-03-12 21:27:22.233 [info] [   96] fs.readFile(vscode-vfs://github/k1us89k/dots/.vscode/tasks.json) took 0 ms (Provider query took 0 ms)
2025-03-12 21:27:22.233 [info] [   97] fs.stat(vscode-vfs://github/k1us89k/dots/.vscode/tasks.json)
2025-03-12 21:27:22.233 [info] [   97] fs.stat(vscode-vfs://github/k1us89k/dots/.vscode/tasks.json) took 0 ms (Provider query took 0 ms)
2025-03-12 21:27:22.234 [info] [   98] fs.readFile(vscode-vfs://github/k1us89k/dots/.vscode/launch.json)
2025-03-12 21:27:22.234 [info] [   98] fs.readFile(vscode-vfs://github/k1us89k/dots/.vscode/launch.json) took 0 ms (Provider query took 0 ms)
2025-03-12 21:27:22.234 [info] [   99] fs.stat(vscode-vfs://github/k1us89k/dots/.vscode/launch.json)
2025-03-12 21:27:22.234 [info] [   99] fs.stat(vscode-vfs://github/k1us89k/dots/.vscode/launch.json) took 0 ms (Provider query took 0 ms)
2025-03-12 21:27:22.234 [info] [  100] fs.readFile(vscode-vfs://github/k1us89k/dots/.vscode/settings.json)
2025-03-12 21:27:22.234 [info] [  100] fs.readFile(vscode-vfs://github/k1us89k/dots/.vscode/settings.json) took 0 ms (Provider query took 0 ms)
2025-03-12 21:27:22.234 [info] [  101] fs.stat(vscode-vfs://github/k1us89k/dots/.vscode/settings.json)
2025-03-12 21:27:22.234 [info] [  101] fs.stat(vscode-vfs://github/k1us89k/dots/.vscode/settings.json) took 0 ms (Provider query took 0 ms)
2025-03-12 21:27:22.235 [info] [  102] fs.readFile(vscode-vfs://github/k1us89k/dots/.vscode/tasks.json)
2025-03-12 21:27:22.235 [info] [  102] fs.readFile(vscode-vfs://github/k1us89k/dots/.vscode/tasks.json) took 0 ms (Provider query took 0 ms)
2025-03-12 21:27:22.235 [info] [  103] fs.stat(vscode-vfs://github/k1us89k/dots/.vscode/tasks.json)
2025-03-12 21:27:22.235 [info] [  103] fs.stat(vscode-vfs://github/k1us89k/dots/.vscode/tasks.json) took 0 ms (Provider query took 0 ms)
2025-03-12 21:27:22.235 [info] [  104] fs.readFile(vscode-vfs://github/k1us89k/dots/.vscode/launch.json)
2025-03-12 21:27:22.235 [info] [  104] fs.readFile(vscode-vfs://github/k1us89k/dots/.vscode/launch.json) took 0 ms (Provider query took 0 ms)
2025-03-12 21:27:22.236 [info] [  105] fs.stat(vscode-vfs://github/k1us89k/dots/.vscode/launch.json)
2025-03-12 21:27:22.236 [info] [  105] fs.stat(vscode-vfs://github/k1us89k/dots/.vscode/launch.json) took 0 ms (Provider query took 0 ms)
2025-03-12 21:27:23.337 [info] [  106] fs.readFile(vscode-vfs://github/k1us89k/dots/.vscode/settings.json)
2025-03-12 21:27:23.338 [info] [  106] fs.readFile(vscode-vfs://github/k1us89k/dots/.vscode/settings.json) took 0 ms (Provider query took 0 ms)
2025-03-12 21:27:23.338 [info] [  107] fs.readFile(vscode-vfs://github/k1us89k/dots/.vscode/tasks.json)
2025-03-12 21:27:23.338 [info] [  107] fs.readFile(vscode-vfs://github/k1us89k/dots/.vscode/tasks.json) took 0 ms (Provider query took 0 ms)
2025-03-12 21:27:23.338 [info] [  108] fs.readFile(vscode-vfs://github/k1us89k/dots/.vscode/launch.json)
2025-03-12 21:27:23.338 [info] [  108] fs.readFile(vscode-vfs://github/k1us89k/dots/.vscode/launch.json) took 0 ms (Provider query took 0 ms)
2025-03-12 21:27:23.338 [info] [  109] fs.stat(vscode-vfs://github/k1us89k/dots/.vscode/settings.json)
2025-03-12 21:27:23.338 [info] [  109] fs.stat(vscode-vfs://github/k1us89k/dots/.vscode/settings.json) took 0 ms (Provider query took 0 ms)
2025-03-12 21:27:23.338 [info] [  110] fs.stat(vscode-vfs://github/k1us89k/dots/.vscode/tasks.json)
2025-03-12 21:27:23.339 [info] [  110] fs.stat(vscode-vfs://github/k1us89k/dots/.vscode/tasks.json) took 0 ms (Provider query took 0 ms)
2025-03-12 21:27:23.339 [info] [  111] fs.stat(vscode-vfs://github/k1us89k/dots/.vscode/launch.json)
2025-03-12 21:27:23.339 [info] [  111] fs.stat(vscode-vfs://github/k1us89k/dots/.vscode/launch.json) took 0 ms (Provider query took 0 ms)
2025-03-12 21:27:23.349 [info] [  112] fs.readFile(vscode-vfs://github/k1us89k/dots/.vscode/settings.json)
2025-03-12 21:27:23.349 [info] [  112] fs.readFile(vscode-vfs://github/k1us89k/dots/.vscode/settings.json) took 0 ms (Provider query took 0 ms)
2025-03-12 21:27:23.349 [info] [  113] fs.stat(vscode-vfs://github/k1us89k/dots/.vscode/settings.json)
2025-03-12 21:27:23.350 [info] [  113] fs.stat(vscode-vfs://github/k1us89k/dots/.vscode/settings.json) took 0 ms (Provider query took 0 ms)
2025-03-12 21:27:23.350 [info] [  114] fs.readFile(vscode-vfs://github/k1us89k/dots/.vscode/tasks.json)
2025-03-12 21:27:23.350 [info] [  114] fs.readFile(vscode-vfs://github/k1us89k/dots/.vscode/tasks.json) took 0 ms (Provider query took 0 ms)
2025-03-12 21:27:23.350 [info] [  115] fs.stat(vscode-vfs://github/k1us89k/dots/.vscode/tasks.json)
2025-03-12 21:27:23.350 [info] [  115] fs.stat(vscode-vfs://github/k1us89k/dots/.vscode/tasks.json) took 0 ms (Provider query took 0 ms)
2025-03-12 21:27:23.350 [info] [  116] fs.readFile(vscode-vfs://github/k1us89k/dots/.vscode/launch.json)
2025-03-12 21:27:23.350 [info] [  116] fs.readFile(vscode-vfs://github/k1us89k/dots/.vscode/launch.json) took 0 ms (Provider query took 0 ms)
2025-03-12 21:27:23.350 [info] [  117] fs.stat(vscode-vfs://github/k1us89k/dots/.vscode/launch.json)
2025-03-12 21:27:23.350 [info] [  117] fs.stat(vscode-vfs://github/k1us89k/dots/.vscode/launch.json) took 0 ms (Provider query took 0 ms)
2025-03-12 21:32:21.531 [warning] Running on the desktop; workspaceId=c2fc9e13b2edfc1a32a106fc4bc7b5d3; storageUri=vscode-userdata:/home/kau/.config/Code/User/globalStorage/ms-vscode.remote-repositories
2025-03-12 21:32:21.531 [info] [ GHPR] Not currently installed or enabled; waiting...
2025-03-12 21:32:21.531 [info] [ VSCodeEdu ] Not currently installed or enabled; waiting...
