2025-03-11 17:06:37.150 [info] Reading sessions from keychain...
2025-03-11 17:06:37.150 [info] Getting sessions for all scopes...
2025-03-11 17:06:37.150 [info] Getting sessions for all scopes...
2025-03-11 17:06:37.150 [info] Got stored sessions!
2025-03-11 17:06:37.150 [info] Got 1 verified sessions.
2025-03-11 17:06:37.150 [info] Got 1 sessions for ...
2025-03-11 17:06:37.150 [info] Got 1 sessions for ...
2025-03-11 17:06:37.150 [info] Getting sessions for all scopes...
2025-03-11 17:06:37.150 [info] Got 1 sessions for ...
2025-03-11 17:06:37.150 [info] Getting sessions for all scopes...
2025-03-11 17:06:37.150 [info] Got 1 sessions for ...
2025-03-11 17:06:37.150 [info] Getting sessions for all scopes...
2025-03-11 17:06:37.150 [info] Got 1 sessions for ...
2025-03-11 17:06:37.150 [info] Getting sessions for all scopes...
2025-03-11 17:06:37.150 [info] Got 1 sessions for ...
2025-03-11 17:06:37.150 [info] Getting sessions for all scopes...
2025-03-11 17:06:37.150 [info] Got 1 sessions for ...
2025-03-11 17:06:37.249 [info] Getting sessions for user:email...
2025-03-11 17:06:37.249 [info] Got 1 sessions for user:email...
2025-03-11 17:06:37.257 [info] Getting sessions for all scopes...
2025-03-11 17:06:37.258 [info] Got 1 sessions for ...
2025-03-11 17:06:38.387 [info] Getting sessions for read:user,repo,user:email,workflow...
2025-03-11 17:06:38.387 [info] Got 0 sessions for read:user,repo,user:email,workflow...
2025-03-11 17:06:38.450 [info] Getting sessions for all scopes...
2025-03-11 17:06:38.450 [info] Got 1 sessions for ...
2025-03-11 17:06:38.450 [info] Getting sessions for all scopes...
2025-03-11 17:06:38.450 [info] Got 1 sessions for ...
2025-03-11 17:06:38.490 [info] Getting sessions for read:user...
2025-03-11 17:06:38.490 [info] Got 0 sessions for read:user...
2025-03-11 17:06:38.512 [info] Getting sessions for read:user,repo,user:email,workflow...
2025-03-11 17:06:38.512 [info] Got 0 sessions for read:user,repo,user:email,workflow...
2025-03-11 17:06:38.524 [info] Getting sessions for user:email...
2025-03-11 17:06:38.524 [info] Got 1 sessions for user:email...
2025-03-11 17:06:38.524 [info] Getting sessions for user:email...
2025-03-11 17:06:38.524 [info] Got 1 sessions for user:email...
2025-03-11 17:06:38.524 [info] Getting sessions for read:user,repo,user:email,workflow...
2025-03-11 17:06:38.524 [info] Got 0 sessions for read:user,repo,user:email,workflow...
2025-03-11 17:06:38.529 [info] Getting sessions for all scopes...
2025-03-11 17:06:38.529 [info] Got 1 sessions for ...
2025-03-11 17:06:39.206 [info] Getting sessions for read:user,repo,user:email,workflow...
2025-03-11 17:06:39.206 [info] Got 0 sessions for read:user,repo,user:email,workflow...
2025-03-11 17:06:39.220 [info] Getting sessions for user:email...
2025-03-11 17:06:39.220 [info] Got 1 sessions for user:email...
2025-03-11 17:06:39.228 [info] Getting sessions for all scopes...
2025-03-11 17:06:39.228 [info] Got 1 sessions for ...
2025-03-11 17:06:39.244 [info] Getting sessions for read:user,repo,user:email,workflow...
2025-03-11 17:06:39.244 [info] Got 0 sessions for read:user,repo,user:email,workflow...
2025-03-11 17:06:39.260 [info] Getting sessions for user:email...
2025-03-11 17:06:39.260 [info] Got 1 sessions for user:email...
2025-03-11 17:06:39.305 [info] Getting sessions for all scopes...
2025-03-11 17:06:39.305 [info] Got 1 sessions for ...
2025-03-11 17:06:39.568 [info] Getting sessions for all scopes...
2025-03-11 17:06:39.568 [info] Got 1 sessions for ...
2025-03-11 17:06:39.576 [info] Getting sessions for read:user,repo,user:email,workflow...
2025-03-11 17:06:39.576 [info] Got 0 sessions for read:user,repo,user:email,workflow...
2025-03-11 17:06:39.577 [info] Getting sessions for user:email...
2025-03-11 17:06:39.577 [info] Got 1 sessions for user:email...
2025-03-11 17:06:40.181 [info] Getting sessions for all scopes...
2025-03-11 17:06:40.181 [info] Got 1 sessions for ...
2025-03-11 17:06:40.181 [info] Getting sessions for all scopes...
2025-03-11 17:06:40.181 [info] Got 1 sessions for ...
2025-03-11 17:06:40.192 [info] Getting sessions for read:user,repo,user:email,workflow...
2025-03-11 17:06:40.192 [info] Got 0 sessions for read:user,repo,user:email,workflow...
2025-03-11 17:06:40.193 [info] Getting sessions for user:email...
2025-03-11 17:06:40.193 [info] Got 1 sessions for user:email...
2025-03-11 17:06:40.194 [info] Getting sessions for read:user,repo,user:email,workflow...
2025-03-11 17:06:40.194 [info] Got 0 sessions for read:user,repo,user:email,workflow...
2025-03-11 17:06:40.199 [info] Getting sessions for all scopes...
2025-03-11 17:06:40.199 [info] Got 1 sessions for ...
2025-03-11 17:06:40.214 [info] Getting sessions for read:user,repo,user:email,workflow...
2025-03-11 17:06:40.214 [info] Got 0 sessions for read:user,repo,user:email,workflow...
2025-03-11 17:06:40.215 [info] Getting sessions for user:email...
2025-03-11 17:06:40.215 [info] Got 1 sessions for user:email...
2025-03-11 17:06:40.265 [info] Getting sessions for all scopes...
2025-03-11 17:06:40.266 [info] Got 1 sessions for ...
2025-03-11 17:06:40.266 [info] Getting sessions for all scopes...
2025-03-11 17:06:40.266 [info] Got 1 sessions for ...
2025-03-11 17:06:40.266 [info] Getting sessions for read:user,repo,user:email,workflow...
2025-03-11 17:06:40.266 [info] Got 0 sessions for read:user,repo,user:email,workflow...
2025-03-11 17:06:40.267 [info] Getting sessions for user:email...
2025-03-11 17:06:40.267 [info] Got 1 sessions for user:email...
2025-03-11 17:06:40.267 [info] Getting sessions for read:user,repo,user:email,workflow...
2025-03-11 17:06:40.267 [info] Got 0 sessions for read:user,repo,user:email,workflow...
2025-03-11 17:06:40.271 [info] Getting sessions for all scopes...
2025-03-11 17:06:40.271 [info] Got 1 sessions for ...
2025-03-11 17:06:40.272 [info] Getting sessions for read:user,repo,user:email,workflow...
2025-03-11 17:06:40.272 [info] Got 0 sessions for read:user,repo,user:email,workflow...
2025-03-11 17:06:40.272 [info] Getting sessions for user:email...
2025-03-11 17:06:40.272 [info] Got 1 sessions for user:email...
2025-03-11 17:06:41.449 [info] Getting sessions for all scopes...
2025-03-11 17:06:41.449 [info] Got 1 sessions for ...
2025-03-11 17:06:41.450 [info] Getting sessions for read:user,repo,user:email,workflow...
2025-03-11 17:06:41.450 [info] Got 0 sessions for read:user,repo,user:email,workflow...
2025-03-11 17:06:41.450 [info] Getting sessions for user:email...
2025-03-11 17:06:41.450 [info] Got 1 sessions for user:email...
