2025-03-12 21:07:17.374 [info] Reading sessions from keychain...
2025-03-12 21:07:17.374 [info] Getting sessions for all scopes...
2025-03-12 21:07:17.374 [info] Getting sessions for all scopes...
2025-03-12 21:07:17.374 [info] Getting sessions for all scopes...
2025-03-12 21:07:17.374 [info] Getting sessions for all scopes...
2025-03-12 21:07:17.374 [info] Getting sessions for all scopes...
2025-03-12 21:07:17.374 [info] Getting sessions for all scopes...
2025-03-12 21:07:17.374 [info] Getting sessions for all scopes...
2025-03-12 21:07:17.374 [info] Got stored sessions!
2025-03-12 21:07:17.374 [info] Got 1 verified sessions.
2025-03-12 21:07:17.374 [info] Got 1 sessions for ...
2025-03-12 21:07:17.374 [info] Got 1 sessions for ...
2025-03-12 21:07:17.374 [info] Got 1 sessions for ...
2025-03-12 21:07:17.374 [info] Got 1 sessions for ...
2025-03-12 21:07:17.374 [info] Got 1 sessions for ...
2025-03-12 21:07:17.374 [info] Got 1 sessions for ...
2025-03-12 21:07:17.374 [info] Got 1 sessions for ...
2025-03-12 21:07:17.374 [info] Getting sessions for all scopes...
2025-03-12 21:07:17.374 [info] Got 1 sessions for ...
2025-03-12 21:07:18.231 [info] Getting sessions for user:email...
2025-03-12 21:07:18.231 [info] Got 1 sessions for user:email...
2025-03-12 21:07:18.534 [info] Getting sessions for read:user,repo,user:email,workflow...
2025-03-12 21:07:18.534 [info] Got 0 sessions for read:user,repo,user:email,workflow...
2025-03-12 21:07:18.534 [info] Getting sessions for all scopes...
2025-03-12 21:07:18.534 [info] Got 1 sessions for ...
2025-03-12 21:07:18.535 [info] Getting sessions for all scopes...
2025-03-12 21:07:18.535 [info] Got 1 sessions for ...
2025-03-12 21:07:18.554 [info] Getting sessions for read:user...
2025-03-12 21:07:18.554 [info] Got 0 sessions for read:user...
2025-03-12 21:07:18.554 [info] Getting sessions for read:user,repo,user:email,workflow...
2025-03-12 21:07:18.554 [info] Got 0 sessions for read:user,repo,user:email,workflow...
2025-03-12 21:07:19.202 [info] Getting sessions for user:email...
2025-03-12 21:07:19.203 [info] Got 1 sessions for user:email...
2025-03-12 21:07:19.283 [info] Getting sessions for user:email...
2025-03-12 21:07:19.283 [info] Got 1 sessions for user:email...
2025-03-12 21:07:19.283 [info] Getting sessions for read:user,repo,user:email,workflow...
2025-03-12 21:07:19.283 [info] Got 0 sessions for read:user,repo,user:email,workflow...
2025-03-12 21:07:19.343 [info] Getting sessions for all scopes...
2025-03-12 21:07:19.343 [info] Got 1 sessions for ...
2025-03-12 21:07:19.383 [info] Getting sessions for all scopes...
2025-03-12 21:07:19.383 [info] Got 1 sessions for ...
2025-03-12 21:07:19.398 [info] Getting sessions for read:user,repo,user:email,workflow...
2025-03-12 21:07:19.398 [info] Got 0 sessions for read:user,repo,user:email,workflow...
2025-03-12 21:07:19.437 [info] Getting sessions for user:email...
2025-03-12 21:07:19.437 [info] Got 1 sessions for user:email...
2025-03-12 21:07:19.455 [info] Getting sessions for all scopes...
2025-03-12 21:07:19.455 [info] Got 1 sessions for ...
2025-03-12 21:07:19.465 [info] Getting sessions for read:user,repo,user:email,workflow...
2025-03-12 21:07:19.465 [info] Got 0 sessions for read:user,repo,user:email,workflow...
2025-03-12 21:07:19.484 [info] Getting sessions for user:email...
2025-03-12 21:07:19.484 [info] Got 1 sessions for user:email...
2025-03-12 21:07:19.524 [info] Getting sessions for all scopes...
2025-03-12 21:07:19.524 [info] Got 1 sessions for ...
2025-03-12 21:07:19.578 [info] Getting sessions for read:user,repo,user:email,workflow...
2025-03-12 21:07:19.578 [info] Got 0 sessions for read:user,repo,user:email,workflow...
2025-03-12 21:07:19.670 [info] Getting sessions for user:email...
2025-03-12 21:07:19.670 [info] Got 1 sessions for user:email...
2025-03-12 21:07:20.281 [info] Getting sessions for all scopes...
2025-03-12 21:07:20.282 [info] Got 1 sessions for ...
2025-03-12 21:07:20.282 [info] Getting sessions for all scopes...
2025-03-12 21:07:20.282 [info] Got 1 sessions for ...
2025-03-12 21:07:20.290 [info] Getting sessions for read:user,repo,user:email,workflow...
2025-03-12 21:07:20.290 [info] Got 0 sessions for read:user,repo,user:email,workflow...
2025-03-12 21:07:20.290 [info] Getting sessions for user:email...
2025-03-12 21:07:20.290 [info] Got 1 sessions for user:email...
2025-03-12 21:07:20.291 [info] Getting sessions for read:user,repo,user:email,workflow...
2025-03-12 21:07:20.291 [info] Got 0 sessions for read:user,repo,user:email,workflow...
2025-03-12 21:07:20.292 [info] Getting sessions for all scopes...
2025-03-12 21:07:20.292 [info] Got 1 sessions for ...
2025-03-12 21:07:20.292 [info] Getting sessions for read:user,repo,user:email,workflow...
2025-03-12 21:07:20.292 [info] Got 0 sessions for read:user,repo,user:email,workflow...
2025-03-12 21:07:20.300 [info] Getting sessions for user:email...
2025-03-12 21:07:20.300 [info] Got 1 sessions for user:email...
2025-03-12 21:07:20.332 [info] Getting sessions for all scopes...
2025-03-12 21:07:20.332 [info] Got 1 sessions for ...
2025-03-12 21:07:20.333 [info] Getting sessions for all scopes...
2025-03-12 21:07:20.333 [info] Got 1 sessions for ...
2025-03-12 21:07:20.333 [info] Getting sessions for read:user,repo,user:email,workflow...
2025-03-12 21:07:20.333 [info] Got 0 sessions for read:user,repo,user:email,workflow...
2025-03-12 21:07:20.333 [info] Getting sessions for user:email...
2025-03-12 21:07:20.333 [info] Got 1 sessions for user:email...
2025-03-12 21:07:20.334 [info] Getting sessions for read:user,repo,user:email,workflow...
2025-03-12 21:07:20.334 [info] Got 0 sessions for read:user,repo,user:email,workflow...
2025-03-12 21:07:20.340 [info] Getting sessions for all scopes...
2025-03-12 21:07:20.340 [info] Got 1 sessions for ...
2025-03-12 21:07:20.340 [info] Getting sessions for read:user,repo,user:email,workflow...
2025-03-12 21:07:20.340 [info] Got 0 sessions for read:user,repo,user:email,workflow...
2025-03-12 21:07:20.341 [info] Getting sessions for user:email...
2025-03-12 21:07:20.341 [info] Got 1 sessions for user:email...
2025-03-12 21:07:21.573 [info] Getting sessions for all scopes...
2025-03-12 21:07:21.573 [info] Got 1 sessions for ...
2025-03-12 21:07:21.576 [info] Getting sessions for read:user,repo,user:email,workflow...
2025-03-12 21:07:21.576 [info] Got 0 sessions for read:user,repo,user:email,workflow...
2025-03-12 21:07:21.577 [info] Getting sessions for user:email...
2025-03-12 21:07:21.577 [info] Got 1 sessions for user:email...
2025-03-12 21:07:28.911 [info] Reading sessions from keychain...
2025-03-12 21:07:28.911 [info] Getting sessions for all scopes...
2025-03-12 21:07:28.911 [info] Getting sessions for all scopes...
2025-03-12 21:07:28.911 [info] Getting sessions for all scopes...
2025-03-12 21:07:28.911 [info] Getting sessions for all scopes...
2025-03-12 21:07:28.911 [info] Getting sessions for all scopes...
2025-03-12 21:07:28.911 [info] Getting sessions for all scopes...
2025-03-12 21:07:28.911 [info] Getting sessions for all scopes...
2025-03-12 21:07:28.911 [info] Got stored sessions!
2025-03-12 21:07:28.911 [info] Got 1 verified sessions.
2025-03-12 21:07:28.911 [info] Got 1 sessions for ...
2025-03-12 21:07:28.911 [info] Got 1 sessions for ...
2025-03-12 21:07:28.911 [info] Got 1 sessions for ...
2025-03-12 21:07:28.911 [info] Got 1 sessions for ...
2025-03-12 21:07:28.911 [info] Got 1 sessions for ...
2025-03-12 21:07:28.911 [info] Got 1 sessions for ...
2025-03-12 21:07:28.911 [info] Got 1 sessions for ...
2025-03-12 21:07:28.984 [info] Getting sessions for user:email...
2025-03-12 21:07:28.984 [info] Got 1 sessions for user:email...
2025-03-12 21:07:30.076 [info] Getting sessions for read:user,repo,user:email,workflow...
2025-03-12 21:07:30.076 [info] Got 0 sessions for read:user,repo,user:email,workflow...
2025-03-12 21:07:30.076 [info] Getting sessions for all scopes...
2025-03-12 21:07:30.076 [info] Got 1 sessions for ...
2025-03-12 21:07:30.076 [info] Getting sessions for all scopes...
2025-03-12 21:07:30.076 [info] Got 1 sessions for ...
2025-03-12 21:07:30.115 [info] Getting sessions for read:user...
2025-03-12 21:07:30.115 [info] Got 0 sessions for read:user...
2025-03-12 21:07:30.115 [info] Getting sessions for read:user,repo,user:email,workflow...
2025-03-12 21:07:30.115 [info] Got 0 sessions for read:user,repo,user:email,workflow...
2025-03-12 21:07:30.748 [info] Getting sessions for user:email...
2025-03-12 21:07:30.748 [info] Got 1 sessions for user:email...
2025-03-12 21:07:30.748 [info] Getting sessions for user:email...
2025-03-12 21:07:30.748 [info] Got 1 sessions for user:email...
2025-03-12 21:07:30.763 [info] Getting sessions for read:user,repo,user:email,workflow...
2025-03-12 21:07:30.763 [info] Got 0 sessions for read:user,repo,user:email,workflow...
2025-03-12 21:07:30.798 [info] Getting sessions for all scopes...
2025-03-12 21:07:30.798 [info] Got 1 sessions for ...
2025-03-12 21:07:30.835 [info] Getting sessions for read:user,repo,user:email,workflow...
2025-03-12 21:07:30.835 [info] Got 0 sessions for read:user,repo,user:email,workflow...
2025-03-12 21:07:30.845 [info] Getting sessions for read:user,repo,user:email,workflow...
2025-03-12 21:07:30.845 [info] Got 0 sessions for read:user,repo,user:email,workflow...
2025-03-12 21:07:30.873 [info] Getting sessions for user:email...
2025-03-12 21:07:30.873 [info] Got 1 sessions for user:email...
2025-03-12 21:07:30.920 [info] Getting sessions for all scopes...
2025-03-12 21:07:30.920 [info] Got 1 sessions for ...
2025-03-12 21:07:30.940 [info] Getting sessions for read:user,repo,user:email,workflow...
2025-03-12 21:07:30.940 [info] Got 0 sessions for read:user,repo,user:email,workflow...
2025-03-12 21:07:30.950 [info] Getting sessions for user:email...
2025-03-12 21:07:30.950 [info] Got 1 sessions for user:email...
2025-03-12 21:07:31.027 [info] Getting sessions for all scopes...
2025-03-12 21:07:31.027 [info] Got 1 sessions for ...
2025-03-12 21:07:31.069 [info] Getting sessions for all scopes...
2025-03-12 21:07:31.069 [info] Got 1 sessions for ...
2025-03-12 21:07:31.107 [info] Getting sessions for read:user,repo,user:email,workflow...
2025-03-12 21:07:31.107 [info] Got 0 sessions for read:user,repo,user:email,workflow...
2025-03-12 21:07:31.142 [info] Getting sessions for user:email...
2025-03-12 21:07:31.142 [info] Got 1 sessions for user:email...
2025-03-12 21:07:31.363 [info] Getting sessions for all scopes...
2025-03-12 21:07:31.363 [info] Got 1 sessions for ...
2025-03-12 21:07:31.367 [info] Getting sessions for read:user,repo,user:email,workflow...
2025-03-12 21:07:31.367 [info] Got 0 sessions for read:user,repo,user:email,workflow...
2025-03-12 21:07:31.368 [info] Getting sessions for read:user,repo,user:email,workflow...
2025-03-12 21:07:31.368 [info] Got 0 sessions for read:user,repo,user:email,workflow...
2025-03-12 21:07:31.368 [info] Getting sessions for all scopes...
2025-03-12 21:07:31.368 [info] Got 1 sessions for ...
2025-03-12 21:07:31.369 [info] Getting sessions for read:user,repo,user:email,workflow...
2025-03-12 21:07:31.369 [info] Got 0 sessions for read:user,repo,user:email,workflow...
2025-03-12 21:07:31.369 [info] Getting sessions for user:email...
2025-03-12 21:07:31.369 [info] Got 1 sessions for user:email...
2025-03-12 21:07:31.726 [info] Getting sessions for all scopes...
2025-03-12 21:07:31.726 [info] Got 1 sessions for ...
2025-03-12 21:07:31.726 [info] Getting sessions for all scopes...
2025-03-12 21:07:31.726 [info] Got 1 sessions for ...
2025-03-12 21:07:31.727 [info] Getting sessions for read:user,repo,user:email,workflow...
2025-03-12 21:07:31.727 [info] Got 0 sessions for read:user,repo,user:email,workflow...
2025-03-12 21:07:31.743 [info] Getting sessions for user:email...
2025-03-12 21:07:31.743 [info] Got 1 sessions for user:email...
2025-03-12 21:07:31.743 [info] Getting sessions for read:user,repo,user:email,workflow...
2025-03-12 21:07:31.743 [info] Got 0 sessions for read:user,repo,user:email,workflow...
2025-03-12 21:07:31.747 [info] Getting sessions for all scopes...
2025-03-12 21:07:31.747 [info] Got 1 sessions for ...
2025-03-12 21:07:31.748 [info] Getting sessions for read:user,repo,user:email,workflow...
2025-03-12 21:07:31.748 [info] Got 0 sessions for read:user,repo,user:email,workflow...
2025-03-12 21:07:31.749 [info] Getting sessions for user:email...
2025-03-12 21:07:31.749 [info] Got 1 sessions for user:email...
2025-03-12 21:07:31.788 [info] Getting sessions for all scopes...
2025-03-12 21:07:31.788 [info] Got 1 sessions for ...
2025-03-12 21:07:31.789 [info] Getting sessions for all scopes...
2025-03-12 21:07:31.789 [info] Got 1 sessions for ...
2025-03-12 21:07:31.791 [info] Getting sessions for read:user,repo,user:email,workflow...
2025-03-12 21:07:31.791 [info] Got 0 sessions for read:user,repo,user:email,workflow...
2025-03-12 21:07:31.792 [info] Getting sessions for user:email...
2025-03-12 21:07:31.792 [info] Got 1 sessions for user:email...
2025-03-12 21:07:31.792 [info] Getting sessions for read:user,repo,user:email,workflow...
2025-03-12 21:07:31.792 [info] Got 0 sessions for read:user,repo,user:email,workflow...
2025-03-12 21:07:31.794 [info] Getting sessions for all scopes...
2025-03-12 21:07:31.794 [info] Got 1 sessions for ...
2025-03-12 21:07:31.794 [info] Getting sessions for read:user,repo,user:email,workflow...
2025-03-12 21:07:31.794 [info] Got 0 sessions for read:user,repo,user:email,workflow...
2025-03-12 21:07:31.795 [info] Getting sessions for user:email...
2025-03-12 21:07:31.795 [info] Got 1 sessions for user:email...
2025-03-12 21:07:32.460 [info] Getting sessions for all scopes...
2025-03-12 21:07:32.460 [info] Got 1 sessions for ...
2025-03-12 21:07:32.463 [info] Getting sessions for read:user,repo,user:email,workflow...
2025-03-12 21:07:32.463 [info] Got 0 sessions for read:user,repo,user:email,workflow...
2025-03-12 21:07:32.463 [info] Getting sessions for user:email...
2025-03-12 21:07:32.463 [info] Got 1 sessions for user:email...
2025-03-12 21:07:46.670 [info] Getting sessions for read:user,repo,user:email,workflow...
2025-03-12 21:07:46.670 [info] Got 0 sessions for read:user,repo,user:email,workflow...
2025-03-12 21:07:49.466 [info] Logging in with 'any' account...
2025-03-12 21:07:49.466 [info] Logging in for the following scopes: read:user repo user:email workflow
2025-03-12 21:07:49.475 [info] Trying without local server... (read:user repo user:email workflow)
2025-03-12 21:08:18.381 [info] Exchanging code for token...
2025-03-12 21:08:19.009 [info] Token exchange success!
2025-03-12 21:08:19.010 [info] Getting user info...
2025-03-12 21:08:19.520 [info] Got account info!
2025-03-12 21:08:19.521 [info] Storing 2 sessions...
2025-03-12 21:08:19.525 [info] Reading sessions from keychain...
2025-03-12 21:08:19.525 [info] Stored 2 sessions!
2025-03-12 21:08:19.526 [info] Login success!
2025-03-12 21:08:19.527 [info] Getting sessions for all scopes...
2025-03-12 21:08:19.529 [info] Getting sessions for user:email...
2025-03-12 21:08:19.529 [info] Getting sessions for all scopes...
2025-03-12 21:08:19.529 [info] Getting sessions for user:email...
2025-03-12 21:08:19.537 [info] Got stored sessions!
2025-03-12 21:08:19.537 [info] Got 2 verified sessions.
2025-03-12 21:08:19.537 [info] Got 2 sessions for ...
2025-03-12 21:08:19.537 [info] Got 1 sessions for user:email...
2025-03-12 21:08:19.537 [info] Got 2 sessions for ...
2025-03-12 21:08:19.537 [info] Got 1 sessions for user:email...
2025-03-12 21:08:19.556 [info] Getting sessions for read:user,repo,user:email,workflow...
2025-03-12 21:08:19.556 [info] Got 1 sessions for read:user,repo,user:email,workflow...
2025-03-12 21:08:19.556 [info] Getting sessions for all scopes...
2025-03-12 21:08:19.556 [info] Got 2 sessions for ...
2025-03-12 21:08:19.556 [info] Getting sessions for all scopes...
2025-03-12 21:08:19.556 [info] Got 2 sessions for ...
2025-03-12 21:08:19.556 [info] Getting sessions for read:user,repo,user:email,workflow...
2025-03-12 21:08:19.556 [info] Got 1 sessions for read:user,repo,user:email,workflow...
2025-03-12 21:08:19.586 [info] Getting sessions for read:user,repo,user:email,workflow...
2025-03-12 21:08:19.586 [info] Got 1 sessions for read:user,repo,user:email,workflow...
2025-03-12 21:08:19.587 [info] Getting sessions for all scopes...
2025-03-12 21:08:19.587 [info] Got 2 sessions for ...
2025-03-12 21:08:19.588 [info] Getting sessions for read:user,repo,user:email,workflow...
2025-03-12 21:08:19.588 [info] Got 1 sessions for read:user,repo,user:email,workflow...
2025-03-12 21:08:19.588 [info] Getting sessions for all scopes...
2025-03-12 21:08:19.588 [info] Got 2 sessions for ...
2025-03-12 21:08:19.589 [info] Getting sessions for read:user,repo,user:email,workflow...
2025-03-12 21:08:19.589 [info] Got 1 sessions for read:user,repo,user:email,workflow...
2025-03-12 21:08:20.067 [info] Getting sessions for read:user,repo,user:email,workflow...
2025-03-12 21:08:20.067 [info] Got 1 sessions for read:user,repo,user:email,workflow...
2025-03-12 21:08:20.114 [info] Getting sessions for read:user,repo,user:email,workflow...
2025-03-12 21:08:20.115 [info] Got 1 sessions for read:user,repo,user:email,workflow...
2025-03-12 21:08:20.298 [info] Getting sessions for all scopes...
2025-03-12 21:08:20.298 [info] Got 2 sessions for ...
2025-03-12 21:08:20.298 [info] Getting sessions for all scopes...
2025-03-12 21:08:20.298 [info] Got 2 sessions for ...
2025-03-12 21:08:20.300 [info] Getting sessions for read:user,repo,user:email,workflow...
2025-03-12 21:08:20.300 [info] Got 1 sessions for read:user,repo,user:email,workflow...
2025-03-12 21:08:20.303 [info] Getting sessions for all scopes...
2025-03-12 21:08:20.303 [info] Got 2 sessions for ...
2025-03-12 21:08:20.306 [info] Getting sessions for read:user,repo,user:email,workflow...
2025-03-12 21:08:20.306 [info] Got 1 sessions for read:user,repo,user:email,workflow...
2025-03-12 21:08:20.309 [info] Getting sessions for all scopes...
2025-03-12 21:08:20.309 [info] Got 2 sessions for ...
2025-03-12 21:08:20.310 [info] Getting sessions for read:user,repo,user:email,workflow...
2025-03-12 21:08:20.310 [info] Got 1 sessions for read:user,repo,user:email,workflow...
2025-03-12 21:08:36.756 [info] Reading sessions from keychain...
2025-03-12 21:08:36.756 [info] Getting sessions for all scopes...
2025-03-12 21:08:36.756 [info] Getting sessions for all scopes...
2025-03-12 21:08:36.756 [info] Getting sessions for all scopes...
2025-03-12 21:08:36.756 [info] Getting sessions for user:email...
2025-03-12 21:08:36.762 [info] Got stored sessions!
2025-03-12 21:08:36.762 [info] Got 2 verified sessions.
2025-03-12 21:08:36.762 [info] Got 2 sessions for ...
2025-03-12 21:08:36.762 [info] Got 2 sessions for ...
2025-03-12 21:08:36.762 [info] Got 2 sessions for ...
2025-03-12 21:08:36.762 [info] Got 1 sessions for user:email...
2025-03-12 21:08:36.774 [info] Getting sessions for all scopes...
2025-03-12 21:08:36.774 [info] Got 2 sessions for ...
2025-03-12 21:08:36.774 [info] Getting sessions for all scopes...
2025-03-12 21:08:36.774 [info] Got 2 sessions for ...
2025-03-12 21:08:36.774 [info] Getting sessions for all scopes...
2025-03-12 21:08:36.774 [info] Got 2 sessions for ...
2025-03-12 21:08:36.774 [info] Getting sessions for all scopes...
2025-03-12 21:08:36.774 [info] Got 2 sessions for ...
2025-03-12 21:08:36.774 [info] Getting sessions for all scopes...
2025-03-12 21:08:36.774 [info] Got 2 sessions for ...
2025-03-12 21:08:36.898 [info] Getting sessions for read:user,repo,user:email,workflow...
2025-03-12 21:08:36.898 [info] Got 1 sessions for read:user,repo,user:email,workflow...
2025-03-12 21:08:38.905 [info] Getting sessions for all scopes...
2025-03-12 21:08:38.905 [info] Got 2 sessions for ...
2025-03-12 21:08:47.750 [info] Getting sessions for read:user,repo,user:email,workflow...
2025-03-12 21:08:47.750 [info] Got 1 sessions for read:user,repo,user:email,workflow...
2025-03-12 21:08:47.762 [info] Getting sessions for all scopes...
2025-03-12 21:08:47.762 [info] Got 2 sessions for ...
2025-03-12 21:08:47.762 [info] Getting sessions for all scopes...
2025-03-12 21:08:47.762 [info] Got 2 sessions for ...
2025-03-12 21:08:47.786 [info] Getting sessions for read:user,repo,user:email,workflow...
2025-03-12 21:08:47.786 [info] Got 1 sessions for read:user,repo,user:email,workflow...
2025-03-12 21:08:47.789 [info] Getting sessions for all scopes...
2025-03-12 21:08:47.789 [info] Got 2 sessions for ...
2025-03-12 21:08:48.423 [info] Getting sessions for read:user,repo,user:email,workflow...
2025-03-12 21:08:48.423 [info] Got 1 sessions for read:user,repo,user:email,workflow...
2025-03-12 21:08:48.429 [info] Getting sessions for all scopes...
2025-03-12 21:08:48.429 [info] Got 2 sessions for ...
2025-03-12 21:08:48.430 [info] Getting sessions for read:user,repo,user:email,workflow...
2025-03-12 21:08:48.430 [info] Got 1 sessions for read:user,repo,user:email,workflow...
2025-03-12 21:08:48.648 [info] Getting sessions for all scopes...
2025-03-12 21:08:48.648 [info] Got 2 sessions for ...
2025-03-12 21:08:48.648 [info] Getting sessions for read:user,repo,user:email,workflow...
2025-03-12 21:08:48.648 [info] Got 1 sessions for read:user,repo,user:email,workflow...
2025-03-12 21:08:49.124 [info] Getting sessions for all scopes...
2025-03-12 21:08:49.124 [info] Got 2 sessions for ...
2025-03-12 21:08:49.124 [info] Getting sessions for all scopes...
2025-03-12 21:08:49.124 [info] Got 2 sessions for ...
2025-03-12 21:08:49.124 [info] Getting sessions for read:user,repo,user:email,workflow...
2025-03-12 21:08:49.124 [info] Got 1 sessions for read:user,repo,user:email,workflow...
2025-03-12 21:08:49.130 [info] Getting sessions for all scopes...
2025-03-12 21:08:49.130 [info] Got 2 sessions for ...
2025-03-12 21:08:49.131 [info] Getting sessions for read:user,repo,user:email,workflow...
2025-03-12 21:08:49.131 [info] Got 1 sessions for read:user,repo,user:email,workflow...
2025-03-12 21:08:49.162 [info] Getting sessions for all scopes...
2025-03-12 21:08:49.162 [info] Got 2 sessions for ...
2025-03-12 21:08:49.165 [info] Getting sessions for read:user,repo,user:email,workflow...
2025-03-12 21:08:49.165 [info] Got 1 sessions for read:user,repo,user:email,workflow...
2025-03-12 21:08:49.660 [info] Getting sessions for all scopes...
2025-03-12 21:08:49.660 [info] Got 2 sessions for ...
2025-03-12 21:08:49.661 [info] Getting sessions for read:user,repo,user:email,workflow...
2025-03-12 21:08:49.661 [info] Got 1 sessions for read:user,repo,user:email,workflow...
2025-03-12 21:23:49.664 [info] Getting sessions for all scopes...
2025-03-12 21:23:49.664 [info] Got 2 sessions for ...
2025-03-12 21:23:49.667 [info] Getting sessions for read:user,repo,user:email,workflow...
2025-03-12 21:23:49.667 [info] Got 1 sessions for read:user,repo,user:email,workflow...
2025-03-12 21:23:49.669 [info] Getting sessions for all scopes...
2025-03-12 21:23:49.669 [info] Got 2 sessions for ...
2025-03-12 21:23:49.671 [info] Getting sessions for read:user,repo,user:email,workflow...
2025-03-12 21:23:49.671 [info] Got 1 sessions for read:user,repo,user:email,workflow...
